[2023-05-16T04:14:54.513+0000] {taskinstance.py:1125} INFO - Dependencies all met for dep_context=non-requeueable deps ti=<TaskInstance: fondue_dag.is_api_active scheduled__2023-05-14T00:00:00+00:00 [queued]>
[2023-05-16T04:14:54.537+0000] {taskinstance.py:1125} INFO - Dependencies all met for dep_context=requeueable deps ti=<TaskInstance: fondue_dag.is_api_active scheduled__2023-05-14T00:00:00+00:00 [queued]>
[2023-05-16T04:14:54.539+0000] {taskinstance.py:1331} INFO - Starting attempt 1 of 2
[2023-05-16T04:14:54.576+0000] {taskinstance.py:1350} INFO - Executing <Task(HttpSensor): is_api_active> on 2023-05-14 00:00:00+00:00
[2023-05-16T04:14:54.595+0000] {standard_task_runner.py:84} INFO - Running: ['***', 'tasks', 'run', 'fondue_dag', 'is_api_active', 'scheduled__2023-05-14T00:00:00+00:00', '--job-id', '3', '--raw', '--subdir', 'DAGS_FOLDER/fondue_dag.py', '--cfg-path', '/tmp/tmpuhtgssv3']
[2023-05-16T04:14:54.587+0000] {standard_task_runner.py:57} INFO - Started process 355 to run task
[2023-05-16T04:14:54.601+0000] {standard_task_runner.py:85} INFO - Job 3: Subtask is_api_active
[2023-05-16T04:14:54.708+0000] {task_command.py:410} INFO - Running <TaskInstance: fondue_dag.is_api_active scheduled__2023-05-14T00:00:00+00:00 [running]> on host ba451090dca0
[2023-05-16T04:14:54.849+0000] {taskinstance.py:1570} INFO - Exporting env vars: AIRFLOW_CTX_DAG_EMAIL='Bhuribhat@gmail.com' AIRFLOW_CTX_DAG_OWNER='pras' AIRFLOW_CTX_DAG_ID='fondue_dag' AIRFLOW_CTX_TASK_ID='is_api_active' AIRFLOW_CTX_EXECUTION_DATE='2023-05-14T00:00:00+00:00' AIRFLOW_CTX_TRY_NUMBER='1' AIRFLOW_CTX_DAG_RUN_ID='scheduled__2023-05-14T00:00:00+00:00'
[2023-05-16T04:14:54.851+0000] {http.py:122} INFO - Poking: https://publicapi.traffy.in.th/ud/search
[2023-05-16T04:14:55.250+0000] {base.py:255} INFO - Success criteria met. Exiting.
[2023-05-16T04:14:55.262+0000] {taskinstance.py:1373} INFO - Marking task as SUCCESS. dag_id=fondue_dag, task_id=is_api_active, execution_date=20230514T000000, start_date=20230516T041454, end_date=20230516T041455
[2023-05-16T04:14:55.305+0000] {local_task_job_runner.py:232} INFO - Task exited with return code 0
[2023-05-16T04:14:55.465+0000] {taskinstance.py:2674} INFO - 0 downstream tasks scheduled from follow-on schedule check
[2023-05-16T04:28:43.633+0000] {taskinstance.py:1125} INFO - Dependencies all met for dep_context=non-requeueable deps ti=<TaskInstance: fondue_dag.is_api_active scheduled__2023-05-14T00:00:00+00:00 [queued]>
[2023-05-16T04:28:43.651+0000] {taskinstance.py:1125} INFO - Dependencies all met for dep_context=requeueable deps ti=<TaskInstance: fondue_dag.is_api_active scheduled__2023-05-14T00:00:00+00:00 [queued]>
[2023-05-16T04:28:43.652+0000] {taskinstance.py:1331} INFO - Starting attempt 1 of 2
[2023-05-16T04:28:43.690+0000] {taskinstance.py:1350} INFO - Executing <Task(HttpSensor): is_api_active> on 2023-05-14 00:00:00+00:00
[2023-05-16T04:28:43.699+0000] {standard_task_runner.py:57} INFO - Started process 269 to run task
[2023-05-16T04:28:43.709+0000] {standard_task_runner.py:84} INFO - Running: ['***', 'tasks', 'run', 'fondue_dag', 'is_api_active', 'scheduled__2023-05-14T00:00:00+00:00', '--job-id', '3', '--raw', '--subdir', 'DAGS_FOLDER/fondue_dag.py', '--cfg-path', '/tmp/tmp1dwtj90_']
[2023-05-16T04:28:43.717+0000] {standard_task_runner.py:85} INFO - Job 3: Subtask is_api_active
[2023-05-16T04:28:43.857+0000] {task_command.py:410} INFO - Running <TaskInstance: fondue_dag.is_api_active scheduled__2023-05-14T00:00:00+00:00 [running]> on host 25f04ba249e4
[2023-05-16T04:28:44.049+0000] {taskinstance.py:1570} INFO - Exporting env vars: AIRFLOW_CTX_DAG_EMAIL='Bhuribhat@gmail.com' AIRFLOW_CTX_DAG_OWNER='pras' AIRFLOW_CTX_DAG_ID='fondue_dag' AIRFLOW_CTX_TASK_ID='is_api_active' AIRFLOW_CTX_EXECUTION_DATE='2023-05-14T00:00:00+00:00' AIRFLOW_CTX_TRY_NUMBER='1' AIRFLOW_CTX_DAG_RUN_ID='scheduled__2023-05-14T00:00:00+00:00'
[2023-05-16T04:28:44.051+0000] {http.py:122} INFO - Poking: https://publicapi.traffy.in.th/share/teamchadchart/search
[2023-05-16T04:28:53.333+0000] {base.py:255} INFO - Success criteria met. Exiting.
[2023-05-16T04:28:53.353+0000] {taskinstance.py:1373} INFO - Marking task as SUCCESS. dag_id=fondue_dag, task_id=is_api_active, execution_date=20230514T000000, start_date=20230516T042843, end_date=20230516T042853
[2023-05-16T04:28:53.402+0000] {local_task_job_runner.py:232} INFO - Task exited with return code 0
[2023-05-16T04:28:53.513+0000] {taskinstance.py:2674} INFO - 1 downstream tasks scheduled from follow-on schedule check
[2023-05-16T05:42:20.494+0000] {taskinstance.py:1125} INFO - Dependencies all met for dep_context=non-requeueable deps ti=<TaskInstance: fondue_dag.is_api_active scheduled__2023-05-14T00:00:00+00:00 [queued]>
[2023-05-16T05:42:20.521+0000] {taskinstance.py:1125} INFO - Dependencies all met for dep_context=requeueable deps ti=<TaskInstance: fondue_dag.is_api_active scheduled__2023-05-14T00:00:00+00:00 [queued]>
[2023-05-16T05:42:20.522+0000] {taskinstance.py:1331} INFO - Starting attempt 1 of 2
[2023-05-16T05:42:20.575+0000] {taskinstance.py:1350} INFO - Executing <Task(HttpSensor): is_api_active> on 2023-05-14 00:00:00+00:00
[2023-05-16T05:42:20.594+0000] {standard_task_runner.py:57} INFO - Started process 592 to run task
[2023-05-16T05:42:20.609+0000] {standard_task_runner.py:84} INFO - Running: ['***', 'tasks', 'run', 'fondue_dag', 'is_api_active', 'scheduled__2023-05-14T00:00:00+00:00', '--job-id', '8', '--raw', '--subdir', 'DAGS_FOLDER/fondue_dag.py', '--cfg-path', '/tmp/tmp95u97f8o']
[2023-05-16T05:42:20.618+0000] {standard_task_runner.py:85} INFO - Job 8: Subtask is_api_active
[2023-05-16T05:42:20.726+0000] {task_command.py:410} INFO - Running <TaskInstance: fondue_dag.is_api_active scheduled__2023-05-14T00:00:00+00:00 [running]> on host 6f334116a208
[2023-05-16T05:42:20.916+0000] {taskinstance.py:1570} INFO - Exporting env vars: AIRFLOW_CTX_DAG_EMAIL='Bhuribhat@gmail.com' AIRFLOW_CTX_DAG_OWNER='pras' AIRFLOW_CTX_DAG_ID='fondue_dag' AIRFLOW_CTX_TASK_ID='is_api_active' AIRFLOW_CTX_EXECUTION_DATE='2023-05-14T00:00:00+00:00' AIRFLOW_CTX_TRY_NUMBER='1' AIRFLOW_CTX_DAG_RUN_ID='scheduled__2023-05-14T00:00:00+00:00'
[2023-05-16T05:42:20.921+0000] {http.py:122} INFO - Poking: https://publicapi.traffy.in.th/share/teamchadchart/search
[2023-05-16T05:42:32.811+0000] {base.py:255} INFO - Success criteria met. Exiting.
[2023-05-16T05:42:32.825+0000] {taskinstance.py:1373} INFO - Marking task as SUCCESS. dag_id=fondue_dag, task_id=is_api_active, execution_date=20230514T000000, start_date=20230516T054220, end_date=20230516T054232
[2023-05-16T05:42:32.959+0000] {local_task_job_runner.py:232} INFO - Task exited with return code 0
[2023-05-16T05:42:32.997+0000] {taskinstance.py:2674} INFO - 1 downstream tasks scheduled from follow-on schedule check
[2023-05-16T07:06:05.040+0000] {taskinstance.py:1125} INFO - Dependencies all met for dep_context=non-requeueable deps ti=<TaskInstance: fondue_dag.is_api_active scheduled__2023-05-14T00:00:00+00:00 [queued]>
[2023-05-16T07:06:05.115+0000] {taskinstance.py:1125} INFO - Dependencies all met for dep_context=requeueable deps ti=<TaskInstance: fondue_dag.is_api_active scheduled__2023-05-14T00:00:00+00:00 [queued]>
[2023-05-16T07:06:05.117+0000] {taskinstance.py:1331} INFO - Starting attempt 1 of 2
[2023-05-16T07:06:05.218+0000] {taskinstance.py:1350} INFO - Executing <Task(HttpSensor): is_api_active> on 2023-05-14 00:00:00+00:00
[2023-05-16T07:06:05.242+0000] {standard_task_runner.py:57} INFO - Started process 325 to run task
[2023-05-16T07:06:05.245+0000] {standard_task_runner.py:84} INFO - Running: ['***', 'tasks', 'run', 'fondue_dag', 'is_api_active', 'scheduled__2023-05-14T00:00:00+00:00', '--job-id', '7', '--raw', '--subdir', 'DAGS_FOLDER/fondue_dag.py', '--cfg-path', '/tmp/tmp4aq_eupl']
[2023-05-16T07:06:05.253+0000] {standard_task_runner.py:85} INFO - Job 7: Subtask is_api_active
[2023-05-16T07:06:05.416+0000] {task_command.py:410} INFO - Running <TaskInstance: fondue_dag.is_api_active scheduled__2023-05-14T00:00:00+00:00 [running]> on host a76a3b1a3408
[2023-05-16T07:06:05.724+0000] {taskinstance.py:1570} INFO - Exporting env vars: AIRFLOW_CTX_DAG_EMAIL='Bhuribhat@gmail.com' AIRFLOW_CTX_DAG_OWNER='pras' AIRFLOW_CTX_DAG_ID='fondue_dag' AIRFLOW_CTX_TASK_ID='is_api_active' AIRFLOW_CTX_EXECUTION_DATE='2023-05-14T00:00:00+00:00' AIRFLOW_CTX_TRY_NUMBER='1' AIRFLOW_CTX_DAG_RUN_ID='scheduled__2023-05-14T00:00:00+00:00'
[2023-05-16T07:06:05.726+0000] {http.py:122} INFO - Poking: https://publicapi.traffy.in.th/share/teamchadchart/search
[2023-05-16T07:06:14.764+0000] {base.py:255} INFO - Success criteria met. Exiting.
[2023-05-16T07:06:14.778+0000] {taskinstance.py:1373} INFO - Marking task as SUCCESS. dag_id=fondue_dag, task_id=is_api_active, execution_date=20230514T000000, start_date=20230516T070605, end_date=20230516T070614
[2023-05-16T07:06:14.965+0000] {local_task_job_runner.py:232} INFO - Task exited with return code 0
[2023-05-16T07:06:15.005+0000] {taskinstance.py:2674} INFO - 1 downstream tasks scheduled from follow-on schedule check
