[2023-05-17T16:46:19.142+0000] {taskinstance.py:1125} INFO - Dependencies all met for dep_context=non-requeueable deps ti=<TaskInstance: fondue_dag.clean_fondue_data scheduled__2023-05-14T00:00:00+00:00 [queued]>
[2023-05-17T16:46:19.163+0000] {taskinstance.py:1125} INFO - Dependencies all met for dep_context=requeueable deps ti=<TaskInstance: fondue_dag.clean_fondue_data scheduled__2023-05-14T00:00:00+00:00 [queued]>
[2023-05-17T16:46:19.164+0000] {taskinstance.py:1331} INFO - Starting attempt 1 of 2
[2023-05-17T16:46:19.195+0000] {taskinstance.py:1350} INFO - Executing <Task(PythonOperator): clean_fondue_data> on 2023-05-14 00:00:00+00:00
[2023-05-17T16:46:19.210+0000] {standard_task_runner.py:57} INFO - Started process 1208 to run task
[2023-05-17T16:46:19.215+0000] {standard_task_runner.py:84} INFO - Running: ['***', 'tasks', 'run', 'fondue_dag', 'clean_fondue_data', 'scheduled__2023-05-14T00:00:00+00:00', '--job-id', '28', '--raw', '--subdir', 'DAGS_FOLDER/fondue_dag.py', '--cfg-path', '/tmp/tmp4762v5gy']
[2023-05-17T16:46:19.218+0000] {standard_task_runner.py:85} INFO - Job 28: Subtask clean_fondue_data
[2023-05-17T16:46:19.302+0000] {task_command.py:410} INFO - Running <TaskInstance: fondue_dag.clean_fondue_data scheduled__2023-05-14T00:00:00+00:00 [running]> on host 8cf8fb9e28f7
[2023-05-17T16:46:19.473+0000] {taskinstance.py:1570} INFO - Exporting env vars: AIRFLOW_CTX_DAG_EMAIL='Bhuribhat@gmail.com' AIRFLOW_CTX_DAG_OWNER='pras' AIRFLOW_CTX_DAG_ID='fondue_dag' AIRFLOW_CTX_TASK_ID='clean_fondue_data' AIRFLOW_CTX_EXECUTION_DATE='2023-05-14T00:00:00+00:00' AIRFLOW_CTX_TRY_NUMBER='1' AIRFLOW_CTX_DAG_RUN_ID='scheduled__2023-05-14T00:00:00+00:00'
[2023-05-17T16:46:19.642+0000] {logging_mixin.py:149} INFO - error lol
[2023-05-17T16:46:19.735+0000] {python.py:183} INFO - Done. Returned value was: None
[2023-05-17T16:46:19.769+0000] {taskinstance.py:1373} INFO - Marking task as SUCCESS. dag_id=fondue_dag, task_id=clean_fondue_data, execution_date=20230514T000000, start_date=20230517T164619, end_date=20230517T164619
[2023-05-17T16:46:19.832+0000] {local_task_job_runner.py:232} INFO - Task exited with return code 0
[2023-05-17T16:46:19.889+0000] {taskinstance.py:2674} INFO - 1 downstream tasks scheduled from follow-on schedule check
<<<<<<< HEAD
[2023-05-17T17:55:01.052+0000] {taskinstance.py:1125} INFO - Dependencies all met for dep_context=non-requeueable deps ti=<TaskInstance: fondue_dag.clean_fondue_data scheduled__2023-05-14T00:00:00+00:00 [queued]>
[2023-05-17T17:55:01.071+0000] {taskinstance.py:1125} INFO - Dependencies all met for dep_context=requeueable deps ti=<TaskInstance: fondue_dag.clean_fondue_data scheduled__2023-05-14T00:00:00+00:00 [queued]>
[2023-05-17T17:55:01.072+0000] {taskinstance.py:1331} INFO - Starting attempt 1 of 2
[2023-05-17T17:55:01.101+0000] {taskinstance.py:1350} INFO - Executing <Task(PythonOperator): clean_fondue_data> on 2023-05-14 00:00:00+00:00
[2023-05-17T17:55:01.111+0000] {standard_task_runner.py:57} INFO - Started process 700 to run task
[2023-05-17T17:55:01.114+0000] {standard_task_runner.py:84} INFO - Running: ['***', 'tasks', 'run', 'fondue_dag', 'clean_fondue_data', 'scheduled__2023-05-14T00:00:00+00:00', '--job-id', '22', '--raw', '--subdir', 'DAGS_FOLDER/fondue_dag.py', '--cfg-path', '/tmp/tmpz1ovccng']
[2023-05-17T17:55:01.117+0000] {standard_task_runner.py:85} INFO - Job 22: Subtask clean_fondue_data
[2023-05-17T17:55:01.194+0000] {task_command.py:410} INFO - Running <TaskInstance: fondue_dag.clean_fondue_data scheduled__2023-05-14T00:00:00+00:00 [running]> on host a37c7bc3731c
[2023-05-17T17:55:01.327+0000] {taskinstance.py:1570} INFO - Exporting env vars: AIRFLOW_CTX_DAG_EMAIL='Bhuribhat@gmail.com' AIRFLOW_CTX_DAG_OWNER='pras' AIRFLOW_CTX_DAG_ID='fondue_dag' AIRFLOW_CTX_TASK_ID='clean_fondue_data' AIRFLOW_CTX_EXECUTION_DATE='2023-05-14T00:00:00+00:00' AIRFLOW_CTX_TRY_NUMBER='1' AIRFLOW_CTX_DAG_RUN_ID='scheduled__2023-05-14T00:00:00+00:00'
[2023-05-17T17:55:01.438+0000] {logging_mixin.py:149} INFO - error lol
[2023-05-17T17:55:01.495+0000] {python.py:183} INFO - Done. Returned value was: None
[2023-05-17T17:55:01.510+0000] {taskinstance.py:1373} INFO - Marking task as SUCCESS. dag_id=fondue_dag, task_id=clean_fondue_data, execution_date=20230514T000000, start_date=20230517T175501, end_date=20230517T175501
[2023-05-17T17:55:01.568+0000] {local_task_job_runner.py:232} INFO - Task exited with return code 0
[2023-05-17T17:55:01.612+0000] {taskinstance.py:2674} INFO - 1 downstream tasks scheduled from follow-on schedule check
[2023-05-17T18:18:11.632+0000] {taskinstance.py:1125} INFO - Dependencies all met for dep_context=non-requeueable deps ti=<TaskInstance: fondue_dag.clean_fondue_data scheduled__2023-05-14T00:00:00+00:00 [queued]>
[2023-05-17T18:18:11.665+0000] {taskinstance.py:1125} INFO - Dependencies all met for dep_context=requeueable deps ti=<TaskInstance: fondue_dag.clean_fondue_data scheduled__2023-05-14T00:00:00+00:00 [queued]>
[2023-05-17T18:18:11.666+0000] {taskinstance.py:1331} INFO - Starting attempt 1 of 2
[2023-05-17T18:18:12.628+0000] {taskinstance.py:1350} INFO - Executing <Task(PythonOperator): clean_fondue_data> on 2023-05-14 00:00:00+00:00
[2023-05-17T18:18:12.637+0000] {standard_task_runner.py:57} INFO - Started process 848 to run task
[2023-05-17T18:18:12.639+0000] {standard_task_runner.py:84} INFO - Running: ['***', 'tasks', 'run', 'fondue_dag', 'clean_fondue_data', 'scheduled__2023-05-14T00:00:00+00:00', '--job-id', '29', '--raw', '--subdir', 'DAGS_FOLDER/fondue_dag.py', '--cfg-path', '/tmp/tmpy1s9yya9']
[2023-05-17T18:18:12.641+0000] {standard_task_runner.py:85} INFO - Job 29: Subtask clean_fondue_data
[2023-05-17T18:18:13.193+0000] {task_command.py:410} INFO - Running <TaskInstance: fondue_dag.clean_fondue_data scheduled__2023-05-14T00:00:00+00:00 [running]> on host 3390ff13fbf6
[2023-05-17T18:18:14.114+0000] {taskinstance.py:1570} INFO - Exporting env vars: AIRFLOW_CTX_DAG_EMAIL='Bhuribhat@gmail.com' AIRFLOW_CTX_DAG_OWNER='pras' AIRFLOW_CTX_DAG_ID='fondue_dag' AIRFLOW_CTX_TASK_ID='clean_fondue_data' AIRFLOW_CTX_EXECUTION_DATE='2023-05-14T00:00:00+00:00' AIRFLOW_CTX_TRY_NUMBER='1' AIRFLOW_CTX_DAG_RUN_ID='scheduled__2023-05-14T00:00:00+00:00'
[2023-05-17T18:18:14.185+0000] {logging_mixin.py:149} INFO - error lol
[2023-05-17T18:18:14.218+0000] {python.py:183} INFO - Done. Returned value was: None
[2023-05-17T18:18:14.231+0000] {taskinstance.py:1373} INFO - Marking task as SUCCESS. dag_id=fondue_dag, task_id=clean_fondue_data, execution_date=20230514T000000, start_date=20230517T181811, end_date=20230517T181814
[2023-05-17T18:18:14.500+0000] {local_task_job_runner.py:232} INFO - Task exited with return code 0
[2023-05-17T18:18:14.531+0000] {taskinstance.py:2674} INFO - 1 downstream tasks scheduled from follow-on schedule check
[2023-05-17T18:25:53.115+0000] {taskinstance.py:1125} INFO - Dependencies all met for dep_context=non-requeueable deps ti=<TaskInstance: fondue_dag.clean_fondue_data scheduled__2023-05-14T00:00:00+00:00 [queued]>
[2023-05-17T18:25:53.172+0000] {taskinstance.py:1125} INFO - Dependencies all met for dep_context=requeueable deps ti=<TaskInstance: fondue_dag.clean_fondue_data scheduled__2023-05-14T00:00:00+00:00 [queued]>
[2023-05-17T18:25:53.173+0000] {taskinstance.py:1331} INFO - Starting attempt 1 of 2
[2023-05-17T18:25:53.212+0000] {taskinstance.py:1350} INFO - Executing <Task(PythonOperator): clean_fondue_data> on 2023-05-14 00:00:00+00:00
[2023-05-17T18:25:53.233+0000] {standard_task_runner.py:57} INFO - Started process 1245 to run task
[2023-05-17T18:25:53.245+0000] {standard_task_runner.py:84} INFO - Running: ['***', 'tasks', 'run', 'fondue_dag', 'clean_fondue_data', 'scheduled__2023-05-14T00:00:00+00:00', '--job-id', '33', '--raw', '--subdir', 'DAGS_FOLDER/fondue_dag.py', '--cfg-path', '/tmp/tmpduwa_puy']
[2023-05-17T18:25:53.262+0000] {standard_task_runner.py:85} INFO - Job 33: Subtask clean_fondue_data
[2023-05-17T18:25:53.414+0000] {task_command.py:410} INFO - Running <TaskInstance: fondue_dag.clean_fondue_data scheduled__2023-05-14T00:00:00+00:00 [running]> on host 70fcd41af239
[2023-05-17T18:25:53.550+0000] {taskinstance.py:1570} INFO - Exporting env vars: AIRFLOW_CTX_DAG_EMAIL='Bhuribhat@gmail.com' AIRFLOW_CTX_DAG_OWNER='pras' AIRFLOW_CTX_DAG_ID='fondue_dag' AIRFLOW_CTX_TASK_ID='clean_fondue_data' AIRFLOW_CTX_EXECUTION_DATE='2023-05-14T00:00:00+00:00' AIRFLOW_CTX_TRY_NUMBER='1' AIRFLOW_CTX_DAG_RUN_ID='scheduled__2023-05-14T00:00:00+00:00'
[2023-05-17T18:25:53.833+0000] {logging_mixin.py:149} INFO - error lol
[2023-05-17T18:25:53.906+0000] {python.py:183} INFO - Done. Returned value was: None
[2023-05-17T18:25:53.923+0000] {taskinstance.py:1373} INFO - Marking task as SUCCESS. dag_id=fondue_dag, task_id=clean_fondue_data, execution_date=20230514T000000, start_date=20230517T182553, end_date=20230517T182553
[2023-05-17T18:25:53.980+0000] {local_task_job_runner.py:232} INFO - Task exited with return code 0
[2023-05-17T18:25:54.020+0000] {taskinstance.py:2674} INFO - 1 downstream tasks scheduled from follow-on schedule check
[2023-05-17T18:37:22.289+0000] {taskinstance.py:1125} INFO - Dependencies all met for dep_context=non-requeueable deps ti=<TaskInstance: fondue_dag.clean_fondue_data scheduled__2023-05-14T00:00:00+00:00 [queued]>
[2023-05-17T18:37:22.313+0000] {taskinstance.py:1125} INFO - Dependencies all met for dep_context=requeueable deps ti=<TaskInstance: fondue_dag.clean_fondue_data scheduled__2023-05-14T00:00:00+00:00 [queued]>
[2023-05-17T18:37:22.314+0000] {taskinstance.py:1331} INFO - Starting attempt 1 of 2
[2023-05-17T18:37:22.351+0000] {taskinstance.py:1350} INFO - Executing <Task(PythonOperator): clean_fondue_data> on 2023-05-14 00:00:00+00:00
[2023-05-17T18:37:22.371+0000] {standard_task_runner.py:57} INFO - Started process 1260 to run task
[2023-05-17T18:37:22.378+0000] {standard_task_runner.py:84} INFO - Running: ['***', 'tasks', 'run', 'fondue_dag', 'clean_fondue_data', 'scheduled__2023-05-14T00:00:00+00:00', '--job-id', '29', '--raw', '--subdir', 'DAGS_FOLDER/fondue_dag.py', '--cfg-path', '/tmp/tmpc468hvzt']
[2023-05-17T18:37:22.381+0000] {standard_task_runner.py:85} INFO - Job 29: Subtask clean_fondue_data
[2023-05-17T18:37:22.494+0000] {task_command.py:410} INFO - Running <TaskInstance: fondue_dag.clean_fondue_data scheduled__2023-05-14T00:00:00+00:00 [running]> on host 1545bed90dab
[2023-05-17T18:37:22.777+0000] {taskinstance.py:1570} INFO - Exporting env vars: AIRFLOW_CTX_DAG_EMAIL='Bhuribhat@gmail.com' AIRFLOW_CTX_DAG_OWNER='pras' AIRFLOW_CTX_DAG_ID='fondue_dag' AIRFLOW_CTX_TASK_ID='clean_fondue_data' AIRFLOW_CTX_EXECUTION_DATE='2023-05-14T00:00:00+00:00' AIRFLOW_CTX_TRY_NUMBER='1' AIRFLOW_CTX_DAG_RUN_ID='scheduled__2023-05-14T00:00:00+00:00'
[2023-05-17T18:37:22.954+0000] {logging_mixin.py:149} INFO - error lol
[2023-05-17T18:37:23.095+0000] {python.py:183} INFO - Done. Returned value was: None
[2023-05-17T18:37:23.118+0000] {taskinstance.py:1373} INFO - Marking task as SUCCESS. dag_id=fondue_dag, task_id=clean_fondue_data, execution_date=20230514T000000, start_date=20230517T183722, end_date=20230517T183723
[2023-05-17T18:37:23.201+0000] {local_task_job_runner.py:232} INFO - Task exited with return code 0
[2023-05-17T18:37:23.285+0000] {taskinstance.py:2674} INFO - 1 downstream tasks scheduled from follow-on schedule check
[2023-05-18T06:41:12.688+0000] {taskinstance.py:1125} INFO - Dependencies all met for dep_context=non-requeueable deps ti=<TaskInstance: fondue_dag.clean_fondue_data scheduled__2023-05-14T00:00:00+00:00 [queued]>
[2023-05-18T06:41:12.718+0000] {taskinstance.py:1125} INFO - Dependencies all met for dep_context=requeueable deps ti=<TaskInstance: fondue_dag.clean_fondue_data scheduled__2023-05-14T00:00:00+00:00 [queued]>
[2023-05-18T06:41:12.720+0000] {taskinstance.py:1331} INFO - Starting attempt 1 of 2
[2023-05-18T06:41:12.765+0000] {taskinstance.py:1350} INFO - Executing <Task(PythonOperator): clean_fondue_data> on 2023-05-14 00:00:00+00:00
[2023-05-18T06:41:12.775+0000] {standard_task_runner.py:57} INFO - Started process 1203 to run task
[2023-05-18T06:41:12.779+0000] {standard_task_runner.py:84} INFO - Running: ['***', 'tasks', 'run', 'fondue_dag', 'clean_fondue_data', 'scheduled__2023-05-14T00:00:00+00:00', '--job-id', '24', '--raw', '--subdir', 'DAGS_FOLDER/fondue_dag.py', '--cfg-path', '/tmp/tmpdgh2h9ch']
[2023-05-18T06:41:12.782+0000] {standard_task_runner.py:85} INFO - Job 24: Subtask clean_fondue_data
[2023-05-18T06:41:12.874+0000] {task_command.py:410} INFO - Running <TaskInstance: fondue_dag.clean_fondue_data scheduled__2023-05-14T00:00:00+00:00 [running]> on host 714a0c7ad307
[2023-05-18T06:41:13.158+0000] {taskinstance.py:1570} INFO - Exporting env vars: AIRFLOW_CTX_DAG_EMAIL='Bhuribhat@gmail.com' AIRFLOW_CTX_DAG_OWNER='pras' AIRFLOW_CTX_DAG_ID='fondue_dag' AIRFLOW_CTX_TASK_ID='clean_fondue_data' AIRFLOW_CTX_EXECUTION_DATE='2023-05-14T00:00:00+00:00' AIRFLOW_CTX_TRY_NUMBER='1' AIRFLOW_CTX_DAG_RUN_ID='scheduled__2023-05-14T00:00:00+00:00'
[2023-05-18T06:41:13.298+0000] {logging_mixin.py:149} INFO - error lol
[2023-05-18T06:41:13.370+0000] {python.py:183} INFO - Done. Returned value was: None
[2023-05-18T06:41:13.388+0000] {taskinstance.py:1373} INFO - Marking task as SUCCESS. dag_id=fondue_dag, task_id=clean_fondue_data, execution_date=20230514T000000, start_date=20230518T064112, end_date=20230518T064113
[2023-05-18T06:41:13.433+0000] {local_task_job_runner.py:232} INFO - Task exited with return code 0
[2023-05-18T06:41:13.499+0000] {taskinstance.py:2674} INFO - 1 downstream tasks scheduled from follow-on schedule check
[2023-05-18T06:53:22.374+0000] {taskinstance.py:1125} INFO - Dependencies all met for dep_context=non-requeueable deps ti=<TaskInstance: fondue_dag.clean_fondue_data scheduled__2023-05-14T00:00:00+00:00 [queued]>
[2023-05-18T06:53:22.415+0000] {taskinstance.py:1125} INFO - Dependencies all met for dep_context=requeueable deps ti=<TaskInstance: fondue_dag.clean_fondue_data scheduled__2023-05-14T00:00:00+00:00 [queued]>
[2023-05-18T06:53:22.416+0000] {taskinstance.py:1331} INFO - Starting attempt 1 of 2
[2023-05-18T06:53:22.458+0000] {taskinstance.py:1350} INFO - Executing <Task(PythonOperator): clean_fondue_data> on 2023-05-14 00:00:00+00:00
[2023-05-18T06:53:22.470+0000] {standard_task_runner.py:57} INFO - Started process 1223 to run task
[2023-05-18T06:53:22.475+0000] {standard_task_runner.py:84} INFO - Running: ['***', 'tasks', 'run', 'fondue_dag', 'clean_fondue_data', 'scheduled__2023-05-14T00:00:00+00:00', '--job-id', '27', '--raw', '--subdir', 'DAGS_FOLDER/fondue_dag.py', '--cfg-path', '/tmp/tmprldv1ob2']
[2023-05-18T06:53:22.479+0000] {standard_task_runner.py:85} INFO - Job 27: Subtask clean_fondue_data
[2023-05-18T06:53:22.593+0000] {task_command.py:410} INFO - Running <TaskInstance: fondue_dag.clean_fondue_data scheduled__2023-05-14T00:00:00+00:00 [running]> on host 26547302378e
[2023-05-18T06:53:22.780+0000] {taskinstance.py:1570} INFO - Exporting env vars: AIRFLOW_CTX_DAG_EMAIL='Bhuribhat@gmail.com' AIRFLOW_CTX_DAG_OWNER='pras' AIRFLOW_CTX_DAG_ID='fondue_dag' AIRFLOW_CTX_TASK_ID='clean_fondue_data' AIRFLOW_CTX_EXECUTION_DATE='2023-05-14T00:00:00+00:00' AIRFLOW_CTX_TRY_NUMBER='1' AIRFLOW_CTX_DAG_RUN_ID='scheduled__2023-05-14T00:00:00+00:00'
[2023-05-18T06:53:22.928+0000] {logging_mixin.py:149} INFO - error lol
[2023-05-18T06:53:23.006+0000] {python.py:183} INFO - Done. Returned value was: None
[2023-05-18T06:53:23.026+0000] {taskinstance.py:1373} INFO - Marking task as SUCCESS. dag_id=fondue_dag, task_id=clean_fondue_data, execution_date=20230514T000000, start_date=20230518T065322, end_date=20230518T065323
[2023-05-18T06:53:23.090+0000] {local_task_job_runner.py:232} INFO - Task exited with return code 0
[2023-05-18T06:53:23.166+0000] {taskinstance.py:2674} INFO - 1 downstream tasks scheduled from follow-on schedule check
=======
[2023-05-18T04:22:15.378+0000] {taskinstance.py:1125} INFO - Dependencies all met for dep_context=non-requeueable deps ti=<TaskInstance: fondue_dag.clean_fondue_data scheduled__2023-05-14T00:00:00+00:00 [queued]>
[2023-05-18T04:22:15.403+0000] {taskinstance.py:1125} INFO - Dependencies all met for dep_context=requeueable deps ti=<TaskInstance: fondue_dag.clean_fondue_data scheduled__2023-05-14T00:00:00+00:00 [queued]>
[2023-05-18T04:22:15.406+0000] {taskinstance.py:1331} INFO - Starting attempt 1 of 2
[2023-05-18T04:22:15.496+0000] {taskinstance.py:1350} INFO - Executing <Task(PythonOperator): clean_fondue_data> on 2023-05-14 00:00:00+00:00
[2023-05-18T04:22:15.518+0000] {standard_task_runner.py:57} INFO - Started process 469 to run task
[2023-05-18T04:22:15.529+0000] {standard_task_runner.py:84} INFO - Running: ['***', 'tasks', 'run', 'fondue_dag', 'clean_fondue_data', 'scheduled__2023-05-14T00:00:00+00:00', '--job-id', '22', '--raw', '--subdir', 'DAGS_FOLDER/fondue_dag.py', '--cfg-path', '/tmp/tmpm10nfv9d']
[2023-05-18T04:22:15.531+0000] {standard_task_runner.py:85} INFO - Job 22: Subtask clean_fondue_data
[2023-05-18T04:22:15.711+0000] {task_command.py:410} INFO - Running <TaskInstance: fondue_dag.clean_fondue_data scheduled__2023-05-14T00:00:00+00:00 [running]> on host b36de7cfc389
[2023-05-18T04:22:15.948+0000] {taskinstance.py:1570} INFO - Exporting env vars: AIRFLOW_CTX_DAG_EMAIL='Bhuribhat@gmail.com' AIRFLOW_CTX_DAG_OWNER='pras' AIRFLOW_CTX_DAG_ID='fondue_dag' AIRFLOW_CTX_TASK_ID='clean_fondue_data' AIRFLOW_CTX_EXECUTION_DATE='2023-05-14T00:00:00+00:00' AIRFLOW_CTX_TRY_NUMBER='1' AIRFLOW_CTX_DAG_RUN_ID='scheduled__2023-05-14T00:00:00+00:00'
[2023-05-18T04:22:16.076+0000] {logging_mixin.py:149} INFO - error lol
[2023-05-18T04:22:16.137+0000] {python.py:183} INFO - Done. Returned value was: None
[2023-05-18T04:22:16.159+0000] {taskinstance.py:1373} INFO - Marking task as SUCCESS. dag_id=fondue_dag, task_id=clean_fondue_data, execution_date=20230514T000000, start_date=20230518T042215, end_date=20230518T042216
[2023-05-18T04:22:16.230+0000] {local_task_job_runner.py:232} INFO - Task exited with return code 0
[2023-05-18T04:22:16.358+0000] {taskinstance.py:2674} INFO - 1 downstream tasks scheduled from follow-on schedule check
>>>>>>> 8e4a41b368593e9ce283ae02afd6c27252f67370
