[2023-05-17T00:00:03.181+0000] {taskinstance.py:1125} INFO - Dependencies all met for dep_context=non-requeueable deps ti=<TaskInstance: fondue_dag.is_api_active scheduled__2023-05-16T00:00:00+00:00 [queued]>
[2023-05-17T00:00:03.191+0000] {taskinstance.py:1125} INFO - Dependencies all met for dep_context=requeueable deps ti=<TaskInstance: fondue_dag.is_api_active scheduled__2023-05-16T00:00:00+00:00 [queued]>
[2023-05-17T00:00:03.192+0000] {taskinstance.py:1331} INFO - Starting attempt 1 of 2
[2023-05-17T00:00:03.210+0000] {taskinstance.py:1350} INFO - Executing <Task(HttpSensor): is_api_active> on 2023-05-16 00:00:00+00:00
[2023-05-17T00:00:03.217+0000] {standard_task_runner.py:57} INFO - Started process 29481 to run task
[2023-05-17T00:00:03.220+0000] {standard_task_runner.py:84} INFO - Running: ['***', 'tasks', 'run', 'fondue_dag', 'is_api_active', 'scheduled__2023-05-16T00:00:00+00:00', '--job-id', '55', '--raw', '--subdir', 'DAGS_FOLDER/fondue_dag.py', '--cfg-path', '/tmp/tmpw13tt00r']
[2023-05-17T00:00:03.222+0000] {standard_task_runner.py:85} INFO - Job 55: Subtask is_api_active
[2023-05-17T00:00:03.271+0000] {task_command.py:410} INFO - Running <TaskInstance: fondue_dag.is_api_active scheduled__2023-05-16T00:00:00+00:00 [running]> on host 9a20db09badf
[2023-05-17T00:00:03.356+0000] {taskinstance.py:1570} INFO - Exporting env vars: AIRFLOW_CTX_DAG_EMAIL='Bhuribhat@gmail.com' AIRFLOW_CTX_DAG_OWNER='pras' AIRFLOW_CTX_DAG_ID='fondue_dag' AIRFLOW_CTX_TASK_ID='is_api_active' AIRFLOW_CTX_EXECUTION_DATE='2023-05-16T00:00:00+00:00' AIRFLOW_CTX_TRY_NUMBER='1' AIRFLOW_CTX_DAG_RUN_ID='scheduled__2023-05-16T00:00:00+00:00'
[2023-05-17T00:00:03.358+0000] {http.py:122} INFO - Poking: https://publicapi.traffy.in.th/share/teamchadchart/search
[2023-05-17T00:00:11.583+0000] {base.py:255} INFO - Success criteria met. Exiting.
[2023-05-17T00:00:11.594+0000] {taskinstance.py:1373} INFO - Marking task as SUCCESS. dag_id=fondue_dag, task_id=is_api_active, execution_date=20230516T000000, start_date=20230517T000003, end_date=20230517T000011
[2023-05-17T00:00:11.624+0000] {local_task_job_runner.py:232} INFO - Task exited with return code 0
[2023-05-17T00:00:11.660+0000] {taskinstance.py:2674} INFO - 1 downstream tasks scheduled from follow-on schedule check
[2023-05-17T16:45:54.595+0000] {taskinstance.py:1125} INFO - Dependencies all met for dep_context=non-requeueable deps ti=<TaskInstance: fondue_dag.is_api_active scheduled__2023-05-16T00:00:00+00:00 [queued]>
[2023-05-17T16:45:54.613+0000] {taskinstance.py:1125} INFO - Dependencies all met for dep_context=requeueable deps ti=<TaskInstance: fondue_dag.is_api_active scheduled__2023-05-16T00:00:00+00:00 [queued]>
[2023-05-17T16:45:54.614+0000] {taskinstance.py:1331} INFO - Starting attempt 1 of 2
[2023-05-17T16:45:54.642+0000] {taskinstance.py:1350} INFO - Executing <Task(HttpSensor): is_api_active> on 2023-05-16 00:00:00+00:00
[2023-05-17T16:45:54.651+0000] {standard_task_runner.py:57} INFO - Started process 798 to run task
[2023-05-17T16:45:54.654+0000] {standard_task_runner.py:84} INFO - Running: ['***', 'tasks', 'run', 'fondue_dag', 'is_api_active', 'scheduled__2023-05-16T00:00:00+00:00', '--job-id', '3', '--raw', '--subdir', 'DAGS_FOLDER/fondue_dag.py', '--cfg-path', '/tmp/tmpe3i2i_o6']
[2023-05-17T16:45:54.657+0000] {standard_task_runner.py:85} INFO - Job 3: Subtask is_api_active
[2023-05-17T16:45:54.749+0000] {task_command.py:410} INFO - Running <TaskInstance: fondue_dag.is_api_active scheduled__2023-05-16T00:00:00+00:00 [running]> on host 8cf8fb9e28f7
[2023-05-17T16:45:54.942+0000] {taskinstance.py:1570} INFO - Exporting env vars: AIRFLOW_CTX_DAG_EMAIL='Bhuribhat@gmail.com' AIRFLOW_CTX_DAG_OWNER='pras' AIRFLOW_CTX_DAG_ID='fondue_dag' AIRFLOW_CTX_TASK_ID='is_api_active' AIRFLOW_CTX_EXECUTION_DATE='2023-05-16T00:00:00+00:00' AIRFLOW_CTX_TRY_NUMBER='1' AIRFLOW_CTX_DAG_RUN_ID='scheduled__2023-05-16T00:00:00+00:00'
[2023-05-17T16:45:54.944+0000] {http.py:122} INFO - Poking: https://publicapi.traffy.in.th/share/teamchadchart/search
[2023-05-17T16:46:04.725+0000] {base.py:255} INFO - Success criteria met. Exiting.
[2023-05-17T16:46:04.741+0000] {taskinstance.py:1373} INFO - Marking task as SUCCESS. dag_id=fondue_dag, task_id=is_api_active, execution_date=20230516T000000, start_date=20230517T164554, end_date=20230517T164604
[2023-05-17T16:46:04.867+0000] {local_task_job_runner.py:232} INFO - Task exited with return code 0
[2023-05-17T16:46:04.928+0000] {taskinstance.py:2674} INFO - 1 downstream tasks scheduled from follow-on schedule check
