[2023-05-18T06:41:12.798+0000] {taskinstance.py:1125} INFO - Dependencies all met for dep_context=non-requeueable deps ti=<TaskInstance: fondue_dag.clean_fondue_data scheduled__2023-05-17T00:00:00+00:00 [queued]>
[2023-05-18T06:41:12.820+0000] {taskinstance.py:1125} INFO - Dependencies all met for dep_context=requeueable deps ti=<TaskInstance: fondue_dag.clean_fondue_data scheduled__2023-05-17T00:00:00+00:00 [queued]>
[2023-05-18T06:41:12.822+0000] {taskinstance.py:1331} INFO - Starting attempt 1 of 2
[2023-05-18T06:41:12.853+0000] {taskinstance.py:1350} INFO - Executing <Task(PythonOperator): clean_fondue_data> on 2023-05-17 00:00:00+00:00
[2023-05-18T06:41:12.864+0000] {standard_task_runner.py:57} INFO - Started process 1210 to run task
[2023-05-18T06:41:12.869+0000] {standard_task_runner.py:84} INFO - Running: ['***', 'tasks', 'run', 'fondue_dag', 'clean_fondue_data', 'scheduled__2023-05-17T00:00:00+00:00', '--job-id', '31', '--raw', '--subdir', 'DAGS_FOLDER/fondue_dag.py', '--cfg-path', '/tmp/tmprtydqt5n']
[2023-05-18T06:41:12.872+0000] {standard_task_runner.py:85} INFO - Job 31: Subtask clean_fondue_data
[2023-05-18T06:41:12.994+0000] {task_command.py:410} INFO - Running <TaskInstance: fondue_dag.clean_fondue_data scheduled__2023-05-17T00:00:00+00:00 [running]> on host 714a0c7ad307
[2023-05-18T06:41:13.246+0000] {taskinstance.py:1570} INFO - Exporting env vars: AIRFLOW_CTX_DAG_EMAIL='Bhuribhat@gmail.com' AIRFLOW_CTX_DAG_OWNER='pras' AIRFLOW_CTX_DAG_ID='fondue_dag' AIRFLOW_CTX_TASK_ID='clean_fondue_data' AIRFLOW_CTX_EXECUTION_DATE='2023-05-17T00:00:00+00:00' AIRFLOW_CTX_TRY_NUMBER='1' AIRFLOW_CTX_DAG_RUN_ID='scheduled__2023-05-17T00:00:00+00:00'
[2023-05-18T06:41:13.378+0000] {logging_mixin.py:149} INFO - error lol
[2023-05-18T06:41:13.437+0000] {python.py:183} INFO - Done. Returned value was: None
[2023-05-18T06:41:13.453+0000] {taskinstance.py:1373} INFO - Marking task as SUCCESS. dag_id=fondue_dag, task_id=clean_fondue_data, execution_date=20230517T000000, start_date=20230518T064112, end_date=20230518T064113
[2023-05-18T06:41:13.483+0000] {local_task_job_runner.py:232} INFO - Task exited with return code 0
[2023-05-18T06:41:13.716+0000] {taskinstance.py:2674} INFO - 0 downstream tasks scheduled from follow-on schedule check
[2023-05-18T06:53:03.883+0000] {taskinstance.py:1125} INFO - Dependencies all met for dep_context=non-requeueable deps ti=<TaskInstance: fondue_dag.clean_fondue_data scheduled__2023-05-17T00:00:00+00:00 [queued]>
[2023-05-18T06:53:03.931+0000] {taskinstance.py:1125} INFO - Dependencies all met for dep_context=requeueable deps ti=<TaskInstance: fondue_dag.clean_fondue_data scheduled__2023-05-17T00:00:00+00:00 [queued]>
[2023-05-18T06:53:03.934+0000] {taskinstance.py:1331} INFO - Starting attempt 1 of 2
[2023-05-18T06:53:03.995+0000] {taskinstance.py:1350} INFO - Executing <Task(PythonOperator): clean_fondue_data> on 2023-05-17 00:00:00+00:00
[2023-05-18T06:53:04.014+0000] {standard_task_runner.py:57} INFO - Started process 682 to run task
[2023-05-18T06:53:04.019+0000] {standard_task_runner.py:84} INFO - Running: ['***', 'tasks', 'run', 'fondue_dag', 'clean_fondue_data', 'scheduled__2023-05-17T00:00:00+00:00', '--job-id', '16', '--raw', '--subdir', 'DAGS_FOLDER/fondue_dag.py', '--cfg-path', '/tmp/tmpvtx2kkon']
[2023-05-18T06:53:04.023+0000] {standard_task_runner.py:85} INFO - Job 16: Subtask clean_fondue_data
[2023-05-18T06:53:04.161+0000] {task_command.py:410} INFO - Running <TaskInstance: fondue_dag.clean_fondue_data scheduled__2023-05-17T00:00:00+00:00 [running]> on host 26547302378e
[2023-05-18T06:53:04.452+0000] {taskinstance.py:1570} INFO - Exporting env vars: AIRFLOW_CTX_DAG_EMAIL='Bhuribhat@gmail.com' AIRFLOW_CTX_DAG_OWNER='pras' AIRFLOW_CTX_DAG_ID='fondue_dag' AIRFLOW_CTX_TASK_ID='clean_fondue_data' AIRFLOW_CTX_EXECUTION_DATE='2023-05-17T00:00:00+00:00' AIRFLOW_CTX_TRY_NUMBER='1' AIRFLOW_CTX_DAG_RUN_ID='scheduled__2023-05-17T00:00:00+00:00'
[2023-05-18T06:53:04.724+0000] {logging_mixin.py:149} INFO - error lol
[2023-05-18T06:53:04.836+0000] {python.py:183} INFO - Done. Returned value was: None
[2023-05-18T06:53:04.862+0000] {taskinstance.py:1373} INFO - Marking task as SUCCESS. dag_id=fondue_dag, task_id=clean_fondue_data, execution_date=20230517T000000, start_date=20230518T065303, end_date=20230518T065304
[2023-05-18T06:53:04.918+0000] {local_task_job_runner.py:232} INFO - Task exited with return code 0
[2023-05-18T06:53:05.027+0000] {taskinstance.py:2674} INFO - 1 downstream tasks scheduled from follow-on schedule check
