[2023-05-16T07:19:38.320+0000] {taskinstance.py:1125} INFO - Dependencies all met for dep_context=non-requeueable deps ti=<TaskInstance: fondue_dag.clean_fondue_data manual__2023-05-16T07:14:21.687537+00:00 [queued]>
[2023-05-16T07:19:38.332+0000] {taskinstance.py:1125} INFO - Dependencies all met for dep_context=requeueable deps ti=<TaskInstance: fondue_dag.clean_fondue_data manual__2023-05-16T07:14:21.687537+00:00 [queued]>
[2023-05-16T07:19:38.333+0000] {taskinstance.py:1331} INFO - Starting attempt 2 of 2
[2023-05-16T07:19:38.351+0000] {taskinstance.py:1350} INFO - Executing <Task(PythonOperator): clean_fondue_data> on 2023-05-16 07:14:21.687537+00:00
[2023-05-16T07:19:38.357+0000] {standard_task_runner.py:57} INFO - Started process 1145 to run task
[2023-05-16T07:19:38.359+0000] {standard_task_runner.py:84} INFO - Running: ['***', 'tasks', 'run', 'fondue_dag', 'clean_fondue_data', 'manual__2023-05-16T07:14:21.687537+00:00', '--job-id', '44', '--raw', '--subdir', 'DAGS_FOLDER/fondue_dag.py', '--cfg-path', '/tmp/tmpwoy1_o42']
[2023-05-16T07:19:38.361+0000] {standard_task_runner.py:85} INFO - Job 44: Subtask clean_fondue_data
[2023-05-16T07:19:38.413+0000] {task_command.py:410} INFO - Running <TaskInstance: fondue_dag.clean_fondue_data manual__2023-05-16T07:14:21.687537+00:00 [running]> on host a76a3b1a3408
[2023-05-16T07:19:38.503+0000] {taskinstance.py:1570} INFO - Exporting env vars: AIRFLOW_CTX_DAG_EMAIL='Bhuribhat@gmail.com' AIRFLOW_CTX_DAG_OWNER='pras' AIRFLOW_CTX_DAG_ID='fondue_dag' AIRFLOW_CTX_TASK_ID='clean_fondue_data' AIRFLOW_CTX_EXECUTION_DATE='2023-05-16T07:14:21.687537+00:00' AIRFLOW_CTX_TRY_NUMBER='2' AIRFLOW_CTX_DAG_RUN_ID='manual__2023-05-16T07:14:21.687537+00:00'
[2023-05-16T07:19:38.548+0000] {taskinstance.py:1847} ERROR - Task failed with exception
Traceback (most recent call last):
  File "/home/airflow/.local/lib/python3.7/site-packages/airflow/operators/python.py", line 181, in execute
    return_value = self.execute_callable()
  File "/home/airflow/.local/lib/python3.7/site-packages/airflow/operators/python.py", line 198, in execute_callable
    return self.python_callable(*self.op_args, **self.op_kwargs)
  File "/opt/airflow/dags/utils/clean_data.py", line 31, in clean_data
    df['type'] = df['type'].apply(lambda x: x.strip('{}').split(','))
  File "/home/airflow/.local/lib/python3.7/site-packages/pandas/core/series.py", line 4357, in apply
    return SeriesApply(self, func, convert_dtype, args, kwargs).apply()
  File "/home/airflow/.local/lib/python3.7/site-packages/pandas/core/apply.py", line 1043, in apply
    return self.apply_standard()
  File "/home/airflow/.local/lib/python3.7/site-packages/pandas/core/apply.py", line 1101, in apply_standard
    convert=self.convert_dtype,
  File "pandas/_libs/lib.pyx", line 2859, in pandas._libs.lib.map_infer
  File "/opt/airflow/dags/utils/clean_data.py", line 31, in <lambda>
    df['type'] = df['type'].apply(lambda x: x.strip('{}').split(','))
AttributeError: 'float' object has no attribute 'strip'
[2023-05-16T07:19:38.563+0000] {taskinstance.py:1373} INFO - Marking task as FAILED. dag_id=fondue_dag, task_id=clean_fondue_data, execution_date=20230516T071421, start_date=20230516T071938, end_date=20230516T071938
[2023-05-16T07:19:38.577+0000] {standard_task_runner.py:109} ERROR - Failed to execute job 44 for task clean_fondue_data ('float' object has no attribute 'strip'; 1145)
[2023-05-16T07:19:38.613+0000] {local_task_job_runner.py:232} INFO - Task exited with return code 1
[2023-05-16T07:19:38.632+0000] {taskinstance.py:2674} INFO - 0 downstream tasks scheduled from follow-on schedule check
