[2023-05-17T16:45:55.882+0000] {taskinstance.py:1125} INFO - Dependencies all met for dep_context=non-requeueable deps ti=<TaskInstance: fondue_dag.is_api_active scheduled__2023-05-12T00:00:00+00:00 [queued]>
[2023-05-17T16:45:55.895+0000] {taskinstance.py:1125} INFO - Dependencies all met for dep_context=requeueable deps ti=<TaskInstance: fondue_dag.is_api_active scheduled__2023-05-12T00:00:00+00:00 [queued]>
[2023-05-17T16:45:55.896+0000] {taskinstance.py:1331} INFO - Starting attempt 1 of 2
[2023-05-17T16:45:55.914+0000] {taskinstance.py:1350} INFO - Executing <Task(HttpSensor): is_api_active> on 2023-05-12 00:00:00+00:00
[2023-05-17T16:45:55.920+0000] {standard_task_runner.py:57} INFO - Started process 805 to run task
[2023-05-17T16:45:55.923+0000] {standard_task_runner.py:84} INFO - Running: ['***', 'tasks', 'run', 'fondue_dag', 'is_api_active', 'scheduled__2023-05-12T00:00:00+00:00', '--job-id', '10', '--raw', '--subdir', 'DAGS_FOLDER/fondue_dag.py', '--cfg-path', '/tmp/tmpsta1oqa9']
[2023-05-17T16:45:55.925+0000] {standard_task_runner.py:85} INFO - Job 10: Subtask is_api_active
[2023-05-17T16:45:55.977+0000] {task_command.py:410} INFO - Running <TaskInstance: fondue_dag.is_api_active scheduled__2023-05-12T00:00:00+00:00 [running]> on host 8cf8fb9e28f7
[2023-05-17T16:45:56.067+0000] {taskinstance.py:1570} INFO - Exporting env vars: AIRFLOW_CTX_DAG_EMAIL='Bhuribhat@gmail.com' AIRFLOW_CTX_DAG_OWNER='pras' AIRFLOW_CTX_DAG_ID='fondue_dag' AIRFLOW_CTX_TASK_ID='is_api_active' AIRFLOW_CTX_EXECUTION_DATE='2023-05-12T00:00:00+00:00' AIRFLOW_CTX_TRY_NUMBER='1' AIRFLOW_CTX_DAG_RUN_ID='scheduled__2023-05-12T00:00:00+00:00'
[2023-05-17T16:45:56.069+0000] {http.py:122} INFO - Poking: https://publicapi.traffy.in.th/share/teamchadchart/search
[2023-05-17T16:46:05.585+0000] {base.py:255} INFO - Success criteria met. Exiting.
[2023-05-17T16:46:05.597+0000] {taskinstance.py:1373} INFO - Marking task as SUCCESS. dag_id=fondue_dag, task_id=is_api_active, execution_date=20230512T000000, start_date=20230517T164555, end_date=20230517T164605
[2023-05-17T16:46:05.649+0000] {local_task_job_runner.py:232} INFO - Task exited with return code 0
[2023-05-17T16:46:05.694+0000] {taskinstance.py:2674} INFO - 1 downstream tasks scheduled from follow-on schedule check
[2023-05-17T17:54:38.837+0000] {taskinstance.py:1125} INFO - Dependencies all met for dep_context=non-requeueable deps ti=<TaskInstance: fondue_dag.is_api_active scheduled__2023-05-12T00:00:00+00:00 [queued]>
[2023-05-17T17:54:38.857+0000] {taskinstance.py:1125} INFO - Dependencies all met for dep_context=requeueable deps ti=<TaskInstance: fondue_dag.is_api_active scheduled__2023-05-12T00:00:00+00:00 [queued]>
[2023-05-17T17:54:38.859+0000] {taskinstance.py:1331} INFO - Starting attempt 1 of 2
[2023-05-17T17:54:38.897+0000] {taskinstance.py:1350} INFO - Executing <Task(HttpSensor): is_api_active> on 2023-05-12 00:00:00+00:00
[2023-05-17T17:54:38.907+0000] {standard_task_runner.py:57} INFO - Started process 372 to run task
[2023-05-17T17:54:38.911+0000] {standard_task_runner.py:84} INFO - Running: ['***', 'tasks', 'run', 'fondue_dag', 'is_api_active', 'scheduled__2023-05-12T00:00:00+00:00', '--job-id', '7', '--raw', '--subdir', 'DAGS_FOLDER/fondue_dag.py', '--cfg-path', '/tmp/tmphjuqpg7s']
[2023-05-17T17:54:38.914+0000] {standard_task_runner.py:85} INFO - Job 7: Subtask is_api_active
[2023-05-17T17:54:38.991+0000] {task_command.py:410} INFO - Running <TaskInstance: fondue_dag.is_api_active scheduled__2023-05-12T00:00:00+00:00 [running]> on host a37c7bc3731c
[2023-05-17T17:54:39.210+0000] {taskinstance.py:1570} INFO - Exporting env vars: AIRFLOW_CTX_DAG_EMAIL='Bhuribhat@gmail.com' AIRFLOW_CTX_DAG_OWNER='pras' AIRFLOW_CTX_DAG_ID='fondue_dag' AIRFLOW_CTX_TASK_ID='is_api_active' AIRFLOW_CTX_EXECUTION_DATE='2023-05-12T00:00:00+00:00' AIRFLOW_CTX_TRY_NUMBER='1' AIRFLOW_CTX_DAG_RUN_ID='scheduled__2023-05-12T00:00:00+00:00'
[2023-05-17T17:54:39.212+0000] {http.py:122} INFO - Poking: https://publicapi.traffy.in.th/share/teamchadchart/search
[2023-05-17T17:54:50.064+0000] {base.py:255} INFO - Success criteria met. Exiting.
[2023-05-17T17:54:50.084+0000] {taskinstance.py:1373} INFO - Marking task as SUCCESS. dag_id=fondue_dag, task_id=is_api_active, execution_date=20230512T000000, start_date=20230517T175438, end_date=20230517T175450
[2023-05-17T17:54:50.154+0000] {local_task_job_runner.py:232} INFO - Task exited with return code 0
[2023-05-17T17:54:50.304+0000] {taskinstance.py:2674} INFO - 0 downstream tasks scheduled from follow-on schedule check
[2023-05-17T18:17:29.389+0000] {taskinstance.py:1125} INFO - Dependencies all met for dep_context=non-requeueable deps ti=<TaskInstance: fondue_dag.is_api_active scheduled__2023-05-12T00:00:00+00:00 [queued]>
[2023-05-17T18:17:29.412+0000] {taskinstance.py:1125} INFO - Dependencies all met for dep_context=requeueable deps ti=<TaskInstance: fondue_dag.is_api_active scheduled__2023-05-12T00:00:00+00:00 [queued]>
[2023-05-17T18:17:29.413+0000] {taskinstance.py:1331} INFO - Starting attempt 1 of 2
[2023-05-17T18:17:29.694+0000] {taskinstance.py:1350} INFO - Executing <Task(HttpSensor): is_api_active> on 2023-05-12 00:00:00+00:00
[2023-05-17T18:17:29.708+0000] {standard_task_runner.py:57} INFO - Started process 495 to run task
[2023-05-17T18:17:29.714+0000] {standard_task_runner.py:84} INFO - Running: ['***', 'tasks', 'run', 'fondue_dag', 'is_api_active', 'scheduled__2023-05-12T00:00:00+00:00', '--job-id', '5', '--raw', '--subdir', 'DAGS_FOLDER/fondue_dag.py', '--cfg-path', '/tmp/tmp70uuhkx9']
[2023-05-17T18:17:29.718+0000] {standard_task_runner.py:85} INFO - Job 5: Subtask is_api_active
[2023-05-17T18:17:30.068+0000] {task_command.py:410} INFO - Running <TaskInstance: fondue_dag.is_api_active scheduled__2023-05-12T00:00:00+00:00 [running]> on host 3390ff13fbf6
[2023-05-17T18:17:30.724+0000] {taskinstance.py:1570} INFO - Exporting env vars: AIRFLOW_CTX_DAG_EMAIL='Bhuribhat@gmail.com' AIRFLOW_CTX_DAG_OWNER='pras' AIRFLOW_CTX_DAG_ID='fondue_dag' AIRFLOW_CTX_TASK_ID='is_api_active' AIRFLOW_CTX_EXECUTION_DATE='2023-05-12T00:00:00+00:00' AIRFLOW_CTX_TRY_NUMBER='1' AIRFLOW_CTX_DAG_RUN_ID='scheduled__2023-05-12T00:00:00+00:00'
[2023-05-17T18:17:30.726+0000] {http.py:122} INFO - Poking: https://publicapi.traffy.in.th/share/teamchadchart/search
[2023-05-17T18:17:43.065+0000] {base.py:255} INFO - Success criteria met. Exiting.
[2023-05-17T18:17:43.079+0000] {taskinstance.py:1373} INFO - Marking task as SUCCESS. dag_id=fondue_dag, task_id=is_api_active, execution_date=20230512T000000, start_date=20230517T181729, end_date=20230517T181743
[2023-05-17T18:17:43.188+0000] {local_task_job_runner.py:232} INFO - Task exited with return code 0
[2023-05-17T18:17:43.228+0000] {taskinstance.py:2674} INFO - 1 downstream tasks scheduled from follow-on schedule check
[2023-05-17T18:25:18.828+0000] {taskinstance.py:1125} INFO - Dependencies all met for dep_context=non-requeueable deps ti=<TaskInstance: fondue_dag.is_api_active scheduled__2023-05-12T00:00:00+00:00 [queued]>
[2023-05-17T18:25:18.848+0000] {taskinstance.py:1125} INFO - Dependencies all met for dep_context=requeueable deps ti=<TaskInstance: fondue_dag.is_api_active scheduled__2023-05-12T00:00:00+00:00 [queued]>
[2023-05-17T18:25:18.850+0000] {taskinstance.py:1331} INFO - Starting attempt 1 of 2
[2023-05-17T18:25:18.892+0000] {taskinstance.py:1350} INFO - Executing <Task(HttpSensor): is_api_active> on 2023-05-12 00:00:00+00:00
[2023-05-17T18:25:18.910+0000] {standard_task_runner.py:57} INFO - Started process 495 to run task
[2023-05-17T18:25:18.918+0000] {standard_task_runner.py:84} INFO - Running: ['***', 'tasks', 'run', 'fondue_dag', 'is_api_active', 'scheduled__2023-05-12T00:00:00+00:00', '--job-id', '10', '--raw', '--subdir', 'DAGS_FOLDER/fondue_dag.py', '--cfg-path', '/tmp/tmp5rceesk4']
[2023-05-17T18:25:18.924+0000] {standard_task_runner.py:85} INFO - Job 10: Subtask is_api_active
[2023-05-17T18:25:19.016+0000] {task_command.py:410} INFO - Running <TaskInstance: fondue_dag.is_api_active scheduled__2023-05-12T00:00:00+00:00 [running]> on host 70fcd41af239
[2023-05-17T18:25:19.148+0000] {taskinstance.py:1570} INFO - Exporting env vars: AIRFLOW_CTX_DAG_EMAIL='Bhuribhat@gmail.com' AIRFLOW_CTX_DAG_OWNER='pras' AIRFLOW_CTX_DAG_ID='fondue_dag' AIRFLOW_CTX_TASK_ID='is_api_active' AIRFLOW_CTX_EXECUTION_DATE='2023-05-12T00:00:00+00:00' AIRFLOW_CTX_TRY_NUMBER='1' AIRFLOW_CTX_DAG_RUN_ID='scheduled__2023-05-12T00:00:00+00:00'
[2023-05-17T18:25:19.150+0000] {http.py:122} INFO - Poking: https://publicapi.traffy.in.th/share/teamchadchart/search
[2023-05-17T18:25:39.231+0000] {base.py:255} INFO - Success criteria met. Exiting.
[2023-05-17T18:25:39.242+0000] {taskinstance.py:1373} INFO - Marking task as SUCCESS. dag_id=fondue_dag, task_id=is_api_active, execution_date=20230512T000000, start_date=20230517T182518, end_date=20230517T182539
[2023-05-17T18:25:39.298+0000] {local_task_job_runner.py:232} INFO - Task exited with return code 0
[2023-05-17T18:25:39.339+0000] {taskinstance.py:2674} INFO - 1 downstream tasks scheduled from follow-on schedule check
[2023-05-17T18:36:33.337+0000] {taskinstance.py:1125} INFO - Dependencies all met for dep_context=non-requeueable deps ti=<TaskInstance: fondue_dag.is_api_active scheduled__2023-05-12T00:00:00+00:00 [queued]>
[2023-05-17T18:36:33.358+0000] {taskinstance.py:1125} INFO - Dependencies all met for dep_context=requeueable deps ti=<TaskInstance: fondue_dag.is_api_active scheduled__2023-05-12T00:00:00+00:00 [queued]>
[2023-05-17T18:36:33.359+0000] {taskinstance.py:1331} INFO - Starting attempt 1 of 2
[2023-05-17T18:36:33.403+0000] {taskinstance.py:1350} INFO - Executing <Task(HttpSensor): is_api_active> on 2023-05-12 00:00:00+00:00
[2023-05-17T18:36:33.414+0000] {standard_task_runner.py:57} INFO - Started process 374 to run task
[2023-05-17T18:36:33.420+0000] {standard_task_runner.py:84} INFO - Running: ['***', 'tasks', 'run', 'fondue_dag', 'is_api_active', 'scheduled__2023-05-12T00:00:00+00:00', '--job-id', '10', '--raw', '--subdir', 'DAGS_FOLDER/fondue_dag.py', '--cfg-path', '/tmp/tmpk28nu5q1']
[2023-05-17T18:36:33.425+0000] {standard_task_runner.py:85} INFO - Job 10: Subtask is_api_active
[2023-05-17T18:36:33.523+0000] {task_command.py:410} INFO - Running <TaskInstance: fondue_dag.is_api_active scheduled__2023-05-12T00:00:00+00:00 [running]> on host 1545bed90dab
[2023-05-17T18:36:33.666+0000] {taskinstance.py:1570} INFO - Exporting env vars: AIRFLOW_CTX_DAG_EMAIL='Bhuribhat@gmail.com' AIRFLOW_CTX_DAG_OWNER='pras' AIRFLOW_CTX_DAG_ID='fondue_dag' AIRFLOW_CTX_TASK_ID='is_api_active' AIRFLOW_CTX_EXECUTION_DATE='2023-05-12T00:00:00+00:00' AIRFLOW_CTX_TRY_NUMBER='1' AIRFLOW_CTX_DAG_RUN_ID='scheduled__2023-05-12T00:00:00+00:00'
[2023-05-17T18:36:33.667+0000] {http.py:122} INFO - Poking: https://publicapi.traffy.in.th/share/teamchadchart/search
[2023-05-17T18:36:52.267+0000] {base.py:255} INFO - Success criteria met. Exiting.
[2023-05-17T18:36:52.282+0000] {taskinstance.py:1373} INFO - Marking task as SUCCESS. dag_id=fondue_dag, task_id=is_api_active, execution_date=20230512T000000, start_date=20230517T183633, end_date=20230517T183652
[2023-05-17T18:36:52.347+0000] {local_task_job_runner.py:232} INFO - Task exited with return code 0
[2023-05-17T18:36:52.407+0000] {taskinstance.py:2674} INFO - 1 downstream tasks scheduled from follow-on schedule check
[2023-05-18T06:40:43.382+0000] {taskinstance.py:1125} INFO - Dependencies all met for dep_context=non-requeueable deps ti=<TaskInstance: fondue_dag.is_api_active scheduled__2023-05-12T00:00:00+00:00 [queued]>
[2023-05-18T06:40:43.408+0000] {taskinstance.py:1125} INFO - Dependencies all met for dep_context=requeueable deps ti=<TaskInstance: fondue_dag.is_api_active scheduled__2023-05-12T00:00:00+00:00 [queued]>
[2023-05-18T06:40:43.409+0000] {taskinstance.py:1331} INFO - Starting attempt 1 of 2
[2023-05-18T06:40:43.449+0000] {taskinstance.py:1350} INFO - Executing <Task(HttpSensor): is_api_active> on 2023-05-12 00:00:00+00:00
[2023-05-18T06:40:43.462+0000] {standard_task_runner.py:57} INFO - Started process 819 to run task
[2023-05-18T06:40:43.467+0000] {standard_task_runner.py:84} INFO - Running: ['***', 'tasks', 'run', 'fondue_dag', 'is_api_active', 'scheduled__2023-05-12T00:00:00+00:00', '--job-id', '9', '--raw', '--subdir', 'DAGS_FOLDER/fondue_dag.py', '--cfg-path', '/tmp/tmplt9chtah']
[2023-05-18T06:40:43.471+0000] {standard_task_runner.py:85} INFO - Job 9: Subtask is_api_active
[2023-05-18T06:40:43.585+0000] {task_command.py:410} INFO - Running <TaskInstance: fondue_dag.is_api_active scheduled__2023-05-12T00:00:00+00:00 [running]> on host 714a0c7ad307
[2023-05-18T06:40:43.793+0000] {taskinstance.py:1570} INFO - Exporting env vars: AIRFLOW_CTX_DAG_EMAIL='Bhuribhat@gmail.com' AIRFLOW_CTX_DAG_OWNER='pras' AIRFLOW_CTX_DAG_ID='fondue_dag' AIRFLOW_CTX_TASK_ID='is_api_active' AIRFLOW_CTX_EXECUTION_DATE='2023-05-12T00:00:00+00:00' AIRFLOW_CTX_TRY_NUMBER='1' AIRFLOW_CTX_DAG_RUN_ID='scheduled__2023-05-12T00:00:00+00:00'
[2023-05-18T06:40:43.795+0000] {http.py:122} INFO - Poking: https://publicapi.traffy.in.th/share/teamchadchart/search
[2023-05-18T06:40:52.193+0000] {base.py:255} INFO - Success criteria met. Exiting.
[2023-05-18T06:40:52.252+0000] {taskinstance.py:1373} INFO - Marking task as SUCCESS. dag_id=fondue_dag, task_id=is_api_active, execution_date=20230512T000000, start_date=20230518T064043, end_date=20230518T064052
[2023-05-18T06:40:52.367+0000] {local_task_job_runner.py:232} INFO - Task exited with return code 0
[2023-05-18T06:40:52.669+0000] {taskinstance.py:2674} INFO - 1 downstream tasks scheduled from follow-on schedule check
[2023-05-18T06:52:36.039+0000] {taskinstance.py:1125} INFO - Dependencies all met for dep_context=non-requeueable deps ti=<TaskInstance: fondue_dag.is_api_active scheduled__2023-05-12T00:00:00+00:00 [queued]>
[2023-05-18T06:52:36.057+0000] {taskinstance.py:1125} INFO - Dependencies all met for dep_context=requeueable deps ti=<TaskInstance: fondue_dag.is_api_active scheduled__2023-05-12T00:00:00+00:00 [queued]>
[2023-05-18T06:52:36.058+0000] {taskinstance.py:1331} INFO - Starting attempt 1 of 2
[2023-05-18T06:52:36.091+0000] {taskinstance.py:1350} INFO - Executing <Task(HttpSensor): is_api_active> on 2023-05-12 00:00:00+00:00
[2023-05-18T06:52:36.104+0000] {standard_task_runner.py:57} INFO - Started process 529 to run task
[2023-05-18T06:52:36.109+0000] {standard_task_runner.py:84} INFO - Running: ['***', 'tasks', 'run', 'fondue_dag', 'is_api_active', 'scheduled__2023-05-12T00:00:00+00:00', '--job-id', '8', '--raw', '--subdir', 'DAGS_FOLDER/fondue_dag.py', '--cfg-path', '/tmp/tmpikgj1rkj']
[2023-05-18T06:52:36.112+0000] {standard_task_runner.py:85} INFO - Job 8: Subtask is_api_active
[2023-05-18T06:52:36.209+0000] {task_command.py:410} INFO - Running <TaskInstance: fondue_dag.is_api_active scheduled__2023-05-12T00:00:00+00:00 [running]> on host 26547302378e
[2023-05-18T06:52:36.410+0000] {taskinstance.py:1570} INFO - Exporting env vars: AIRFLOW_CTX_DAG_EMAIL='Bhuribhat@gmail.com' AIRFLOW_CTX_DAG_OWNER='pras' AIRFLOW_CTX_DAG_ID='fondue_dag' AIRFLOW_CTX_TASK_ID='is_api_active' AIRFLOW_CTX_EXECUTION_DATE='2023-05-12T00:00:00+00:00' AIRFLOW_CTX_TRY_NUMBER='1' AIRFLOW_CTX_DAG_RUN_ID='scheduled__2023-05-12T00:00:00+00:00'
[2023-05-18T06:52:36.412+0000] {http.py:122} INFO - Poking: https://publicapi.traffy.in.th/share/teamchadchart/search
[2023-05-18T06:53:16.577+0000] {base.py:255} INFO - Success criteria met. Exiting.
[2023-05-18T06:53:16.597+0000] {taskinstance.py:1373} INFO - Marking task as SUCCESS. dag_id=fondue_dag, task_id=is_api_active, execution_date=20230512T000000, start_date=20230518T065236, end_date=20230518T065316
[2023-05-18T06:53:16.778+0000] {local_task_job_runner.py:232} INFO - Task exited with return code 0
[2023-05-18T06:53:16.940+0000] {taskinstance.py:2674} INFO - 1 downstream tasks scheduled from follow-on schedule check
