<<<<<<< HEAD
[2023-05-18T06:40:43.358+0000] {taskinstance.py:1125} INFO - Dependencies all met for dep_context=non-requeueable deps ti=<TaskInstance: fondue_dag.is_api_active scheduled__2023-05-17T00:00:00+00:00 [queued]>
[2023-05-18T06:40:43.379+0000] {taskinstance.py:1125} INFO - Dependencies all met for dep_context=requeueable deps ti=<TaskInstance: fondue_dag.is_api_active scheduled__2023-05-17T00:00:00+00:00 [queued]>
[2023-05-18T06:40:43.380+0000] {taskinstance.py:1331} INFO - Starting attempt 1 of 2
[2023-05-18T06:40:43.420+0000] {taskinstance.py:1350} INFO - Executing <Task(HttpSensor): is_api_active> on 2023-05-17 00:00:00+00:00
[2023-05-18T06:40:43.435+0000] {standard_task_runner.py:57} INFO - Started process 818 to run task
[2023-05-18T06:40:43.439+0000] {standard_task_runner.py:84} INFO - Running: ['***', 'tasks', 'run', 'fondue_dag', 'is_api_active', 'scheduled__2023-05-17T00:00:00+00:00', '--job-id', '8', '--raw', '--subdir', 'DAGS_FOLDER/fondue_dag.py', '--cfg-path', '/tmp/tmpc06offnd']
[2023-05-18T06:40:43.443+0000] {standard_task_runner.py:85} INFO - Job 8: Subtask is_api_active
[2023-05-18T06:40:43.565+0000] {task_command.py:410} INFO - Running <TaskInstance: fondue_dag.is_api_active scheduled__2023-05-17T00:00:00+00:00 [running]> on host 714a0c7ad307
[2023-05-18T06:40:43.768+0000] {taskinstance.py:1570} INFO - Exporting env vars: AIRFLOW_CTX_DAG_EMAIL='Bhuribhat@gmail.com' AIRFLOW_CTX_DAG_OWNER='pras' AIRFLOW_CTX_DAG_ID='fondue_dag' AIRFLOW_CTX_TASK_ID='is_api_active' AIRFLOW_CTX_EXECUTION_DATE='2023-05-17T00:00:00+00:00' AIRFLOW_CTX_TRY_NUMBER='1' AIRFLOW_CTX_DAG_RUN_ID='scheduled__2023-05-17T00:00:00+00:00'
[2023-05-18T06:40:43.771+0000] {http.py:122} INFO - Poking: https://publicapi.traffy.in.th/share/teamchadchart/search
[2023-05-18T06:40:53.582+0000] {base.py:255} INFO - Success criteria met. Exiting.
[2023-05-18T06:40:53.596+0000] {taskinstance.py:1373} INFO - Marking task as SUCCESS. dag_id=fondue_dag, task_id=is_api_active, execution_date=20230517T000000, start_date=20230518T064043, end_date=20230518T064053
[2023-05-18T06:40:53.659+0000] {local_task_job_runner.py:232} INFO - Task exited with return code 0
[2023-05-18T06:40:53.716+0000] {taskinstance.py:2674} INFO - 1 downstream tasks scheduled from follow-on schedule check
[2023-05-18T06:52:43.722+0000] {taskinstance.py:1125} INFO - Dependencies all met for dep_context=non-requeueable deps ti=<TaskInstance: fondue_dag.is_api_active scheduled__2023-05-17T00:00:00+00:00 [queued]>
[2023-05-18T06:52:43.784+0000] {taskinstance.py:1125} INFO - Dependencies all met for dep_context=requeueable deps ti=<TaskInstance: fondue_dag.is_api_active scheduled__2023-05-17T00:00:00+00:00 [queued]>
[2023-05-18T06:52:43.787+0000] {taskinstance.py:1331} INFO - Starting attempt 1 of 2
[2023-05-18T06:52:43.874+0000] {taskinstance.py:1350} INFO - Executing <Task(HttpSensor): is_api_active> on 2023-05-17 00:00:00+00:00
[2023-05-18T06:52:43.895+0000] {standard_task_runner.py:57} INFO - Started process 566 to run task
[2023-05-18T06:52:43.906+0000] {standard_task_runner.py:84} INFO - Running: ['***', 'tasks', 'run', 'fondue_dag', 'is_api_active', 'scheduled__2023-05-17T00:00:00+00:00', '--job-id', '11', '--raw', '--subdir', 'DAGS_FOLDER/fondue_dag.py', '--cfg-path', '/tmp/tmpg0ubaije']
[2023-05-18T06:52:43.912+0000] {standard_task_runner.py:85} INFO - Job 11: Subtask is_api_active
[2023-05-18T06:52:44.100+0000] {task_command.py:410} INFO - Running <TaskInstance: fondue_dag.is_api_active scheduled__2023-05-17T00:00:00+00:00 [running]> on host 26547302378e
[2023-05-18T06:52:44.465+0000] {taskinstance.py:1570} INFO - Exporting env vars: AIRFLOW_CTX_DAG_EMAIL='Bhuribhat@gmail.com' AIRFLOW_CTX_DAG_OWNER='pras' AIRFLOW_CTX_DAG_ID='fondue_dag' AIRFLOW_CTX_TASK_ID='is_api_active' AIRFLOW_CTX_EXECUTION_DATE='2023-05-17T00:00:00+00:00' AIRFLOW_CTX_TRY_NUMBER='1' AIRFLOW_CTX_DAG_RUN_ID='scheduled__2023-05-17T00:00:00+00:00'
[2023-05-18T06:52:44.469+0000] {http.py:122} INFO - Poking: https://publicapi.traffy.in.th/share/teamchadchart/search
[2023-05-18T06:52:45.325+0000] {base.py:255} INFO - Success criteria met. Exiting.
[2023-05-18T06:52:45.360+0000] {taskinstance.py:1373} INFO - Marking task as SUCCESS. dag_id=fondue_dag, task_id=is_api_active, execution_date=20230517T000000, start_date=20230518T065243, end_date=20230518T065245
[2023-05-18T06:52:45.446+0000] {local_task_job_runner.py:232} INFO - Task exited with return code 0
[2023-05-18T06:52:45.583+0000] {taskinstance.py:2674} INFO - 1 downstream tasks scheduled from follow-on schedule check
=======
[2023-05-18T04:21:51.145+0000] {taskinstance.py:1125} INFO - Dependencies all met for dep_context=non-requeueable deps ti=<TaskInstance: fondue_dag.is_api_active scheduled__2023-05-17T00:00:00+00:00 [queued]>
[2023-05-18T04:21:51.159+0000] {taskinstance.py:1125} INFO - Dependencies all met for dep_context=requeueable deps ti=<TaskInstance: fondue_dag.is_api_active scheduled__2023-05-17T00:00:00+00:00 [queued]>
[2023-05-18T04:21:51.159+0000] {taskinstance.py:1331} INFO - Starting attempt 1 of 2
[2023-05-18T04:21:51.184+0000] {taskinstance.py:1350} INFO - Executing <Task(HttpSensor): is_api_active> on 2023-05-17 00:00:00+00:00
[2023-05-18T04:21:51.193+0000] {standard_task_runner.py:57} INFO - Started process 289 to run task
[2023-05-18T04:21:51.196+0000] {standard_task_runner.py:84} INFO - Running: ['***', 'tasks', 'run', 'fondue_dag', 'is_api_active', 'scheduled__2023-05-17T00:00:00+00:00', '--job-id', '11', '--raw', '--subdir', 'DAGS_FOLDER/fondue_dag.py', '--cfg-path', '/tmp/tmpw0n05r51']
[2023-05-18T04:21:51.198+0000] {standard_task_runner.py:85} INFO - Job 11: Subtask is_api_active
[2023-05-18T04:21:51.270+0000] {task_command.py:410} INFO - Running <TaskInstance: fondue_dag.is_api_active scheduled__2023-05-17T00:00:00+00:00 [running]> on host b36de7cfc389
[2023-05-18T04:21:51.512+0000] {taskinstance.py:1570} INFO - Exporting env vars: AIRFLOW_CTX_DAG_EMAIL='Bhuribhat@gmail.com' AIRFLOW_CTX_DAG_OWNER='pras' AIRFLOW_CTX_DAG_ID='fondue_dag' AIRFLOW_CTX_TASK_ID='is_api_active' AIRFLOW_CTX_EXECUTION_DATE='2023-05-17T00:00:00+00:00' AIRFLOW_CTX_TRY_NUMBER='1' AIRFLOW_CTX_DAG_RUN_ID='scheduled__2023-05-17T00:00:00+00:00'
[2023-05-18T04:21:51.514+0000] {http.py:122} INFO - Poking: https://publicapi.traffy.in.th/share/teamchadchart/search
[2023-05-18T04:21:59.534+0000] {base.py:255} INFO - Success criteria met. Exiting.
[2023-05-18T04:21:59.547+0000] {taskinstance.py:1373} INFO - Marking task as SUCCESS. dag_id=fondue_dag, task_id=is_api_active, execution_date=20230517T000000, start_date=20230518T042151, end_date=20230518T042159
[2023-05-18T04:21:59.602+0000] {local_task_job_runner.py:232} INFO - Task exited with return code 0
[2023-05-18T04:21:59.648+0000] {taskinstance.py:2674} INFO - 1 downstream tasks scheduled from follow-on schedule check
>>>>>>> 8e4a41b368593e9ce283ae02afd6c27252f67370
[2023-05-18T07:20:10.412+0000] {logging_mixin.py:149} INFO - Changing /opt/***/logs/dag_id=fondue_dag/run_id=scheduled__2023-05-17T00:00:00+00:00/task_id=is_api_active permission to 509
[2023-05-18T07:20:10.413+0000] {logging_mixin.py:149} INFO - Failed to change /opt/***/logs/dag_id=fondue_dag/run_id=scheduled__2023-05-17T00:00:00+00:00/task_id=is_api_active permission to 509: [Errno 1] Operation not permitted: '/opt/***/logs/dag_id=fondue_dag/run_id=scheduled__2023-05-17T00:00:00+00:00/task_id=is_api_active'
[2023-05-18T07:20:10.471+0000] {logging_mixin.py:149} INFO - Changing /opt/***/logs/dag_id=fondue_dag/run_id=scheduled__2023-05-17T00:00:00+00:00/task_id=is_api_active permission to 509
[2023-05-18T07:20:10.473+0000] {logging_mixin.py:149} INFO - Failed to change /opt/***/logs/dag_id=fondue_dag/run_id=scheduled__2023-05-17T00:00:00+00:00/task_id=is_api_active permission to 509: [Errno 1] Operation not permitted: '/opt/***/logs/dag_id=fondue_dag/run_id=scheduled__2023-05-17T00:00:00+00:00/task_id=is_api_active'
[2023-05-18T07:20:10.539+0000] {taskinstance.py:1125} INFO - Dependencies all met for dep_context=non-requeueable deps ti=<TaskInstance: fondue_dag.is_api_active scheduled__2023-05-17T00:00:00+00:00 [queued]>
[2023-05-18T07:20:10.564+0000] {taskinstance.py:1125} INFO - Dependencies all met for dep_context=requeueable deps ti=<TaskInstance: fondue_dag.is_api_active scheduled__2023-05-17T00:00:00+00:00 [queued]>
[2023-05-18T07:20:10.565+0000] {taskinstance.py:1331} INFO - Starting attempt 1 of 2
[2023-05-18T07:20:10.596+0000] {taskinstance.py:1350} INFO - Executing <Task(HttpSensor): is_api_active> on 2023-05-17 00:00:00+00:00
[2023-05-18T07:20:10.609+0000] {standard_task_runner.py:57} INFO - Started process 515 to run task
[2023-05-18T07:20:10.616+0000] {standard_task_runner.py:84} INFO - Running: ['***', 'tasks', 'run', 'fondue_dag', 'is_api_active', 'scheduled__2023-05-17T00:00:00+00:00', '--job-id', '7', '--raw', '--subdir', 'DAGS_FOLDER/fondue_dag.py', '--cfg-path', '/tmp/tmpsg3b41if']
[2023-05-18T07:20:10.622+0000] {standard_task_runner.py:85} INFO - Job 7: Subtask is_api_active
[2023-05-18T07:20:10.763+0000] {logging_mixin.py:149} INFO - Changing /opt/***/logs/dag_id=fondue_dag/run_id=scheduled__2023-05-17T00:00:00+00:00/task_id=is_api_active permission to 509
[2023-05-18T07:20:10.764+0000] {logging_mixin.py:149} INFO - Failed to change /opt/***/logs/dag_id=fondue_dag/run_id=scheduled__2023-05-17T00:00:00+00:00/task_id=is_api_active permission to 509: [Errno 1] Operation not permitted: '/opt/***/logs/dag_id=fondue_dag/run_id=scheduled__2023-05-17T00:00:00+00:00/task_id=is_api_active'
[2023-05-18T07:20:10.771+0000] {task_command.py:410} INFO - Running <TaskInstance: fondue_dag.is_api_active scheduled__2023-05-17T00:00:00+00:00 [running]> on host 0a50b96f7e57
[2023-05-18T07:20:10.978+0000] {taskinstance.py:1570} INFO - Exporting env vars: AIRFLOW_CTX_DAG_EMAIL='Bhuribhat@gmail.com' AIRFLOW_CTX_DAG_OWNER='pras' AIRFLOW_CTX_DAG_ID='fondue_dag' AIRFLOW_CTX_TASK_ID='is_api_active' AIRFLOW_CTX_EXECUTION_DATE='2023-05-17T00:00:00+00:00' AIRFLOW_CTX_TRY_NUMBER='1' AIRFLOW_CTX_DAG_RUN_ID='scheduled__2023-05-17T00:00:00+00:00'
[2023-05-18T07:20:10.980+0000] {http.py:122} INFO - Poking: https://publicapi.traffy.in.th/share/teamchadchart/search
[2023-05-18T07:20:17.343+0000] {base.py:255} INFO - Success criteria met. Exiting.
[2023-05-18T07:20:17.365+0000] {taskinstance.py:1373} INFO - Marking task as SUCCESS. dag_id=fondue_dag, task_id=is_api_active, execution_date=20230517T000000, start_date=20230518T072010, end_date=20230518T072017
[2023-05-18T07:20:17.417+0000] {local_task_job_runner.py:232} INFO - Task exited with return code 0
[2023-05-18T07:20:17.505+0000] {taskinstance.py:2674} INFO - 1 downstream tasks scheduled from follow-on schedule check
[2023-05-18T07:38:06.016+0000] {logging_mixin.py:149} INFO - Changing /opt/***/logs/dag_id=fondue_dag/run_id=scheduled__2023-05-17T00:00:00+00:00/task_id=is_api_active permission to 509
[2023-05-18T07:38:06.019+0000] {logging_mixin.py:149} INFO - Failed to change /opt/***/logs/dag_id=fondue_dag/run_id=scheduled__2023-05-17T00:00:00+00:00/task_id=is_api_active permission to 509: [Errno 1] Operation not permitted: '/opt/***/logs/dag_id=fondue_dag/run_id=scheduled__2023-05-17T00:00:00+00:00/task_id=is_api_active'
[2023-05-18T07:38:06.065+0000] {logging_mixin.py:149} INFO - Changing /opt/***/logs/dag_id=fondue_dag/run_id=scheduled__2023-05-17T00:00:00+00:00/task_id=is_api_active permission to 509
[2023-05-18T07:38:06.066+0000] {logging_mixin.py:149} INFO - Failed to change /opt/***/logs/dag_id=fondue_dag/run_id=scheduled__2023-05-17T00:00:00+00:00/task_id=is_api_active permission to 509: [Errno 1] Operation not permitted: '/opt/***/logs/dag_id=fondue_dag/run_id=scheduled__2023-05-17T00:00:00+00:00/task_id=is_api_active'
[2023-05-18T07:38:06.135+0000] {taskinstance.py:1125} INFO - Dependencies all met for dep_context=non-requeueable deps ti=<TaskInstance: fondue_dag.is_api_active scheduled__2023-05-17T00:00:00+00:00 [queued]>
[2023-05-18T07:38:06.161+0000] {taskinstance.py:1125} INFO - Dependencies all met for dep_context=requeueable deps ti=<TaskInstance: fondue_dag.is_api_active scheduled__2023-05-17T00:00:00+00:00 [queued]>
[2023-05-18T07:38:06.163+0000] {taskinstance.py:1331} INFO - Starting attempt 1 of 2
[2023-05-18T07:38:06.226+0000] {taskinstance.py:1350} INFO - Executing <Task(HttpSensor): is_api_active> on 2023-05-17 00:00:00+00:00
[2023-05-18T07:38:06.250+0000] {standard_task_runner.py:57} INFO - Started process 457 to run task
[2023-05-18T07:38:06.260+0000] {standard_task_runner.py:84} INFO - Running: ['***', 'tasks', 'run', 'fondue_dag', 'is_api_active', 'scheduled__2023-05-17T00:00:00+00:00', '--job-id', '11', '--raw', '--subdir', 'DAGS_FOLDER/fondue_dag.py', '--cfg-path', '/tmp/tmpuw2k7mrk']
[2023-05-18T07:38:06.266+0000] {standard_task_runner.py:85} INFO - Job 11: Subtask is_api_active
[2023-05-18T07:38:06.425+0000] {logging_mixin.py:149} INFO - Changing /opt/***/logs/dag_id=fondue_dag/run_id=scheduled__2023-05-17T00:00:00+00:00/task_id=is_api_active permission to 509
[2023-05-18T07:38:06.426+0000] {logging_mixin.py:149} INFO - Failed to change /opt/***/logs/dag_id=fondue_dag/run_id=scheduled__2023-05-17T00:00:00+00:00/task_id=is_api_active permission to 509: [Errno 1] Operation not permitted: '/opt/***/logs/dag_id=fondue_dag/run_id=scheduled__2023-05-17T00:00:00+00:00/task_id=is_api_active'
[2023-05-18T07:38:06.431+0000] {task_command.py:410} INFO - Running <TaskInstance: fondue_dag.is_api_active scheduled__2023-05-17T00:00:00+00:00 [running]> on host 4fe746fadf66
[2023-05-18T07:38:06.613+0000] {taskinstance.py:1570} INFO - Exporting env vars: AIRFLOW_CTX_DAG_EMAIL='Bhuribhat@gmail.com' AIRFLOW_CTX_DAG_OWNER='pras' AIRFLOW_CTX_DAG_ID='fondue_dag' AIRFLOW_CTX_TASK_ID='is_api_active' AIRFLOW_CTX_EXECUTION_DATE='2023-05-17T00:00:00+00:00' AIRFLOW_CTX_TRY_NUMBER='1' AIRFLOW_CTX_DAG_RUN_ID='scheduled__2023-05-17T00:00:00+00:00'
[2023-05-18T07:38:06.614+0000] {http.py:122} INFO - Poking: https://publicapi.traffy.in.th/share/teamchadchart/search
[2023-05-18T07:38:16.003+0000] {base.py:255} INFO - Success criteria met. Exiting.
[2023-05-18T07:38:16.019+0000] {taskinstance.py:1373} INFO - Marking task as SUCCESS. dag_id=fondue_dag, task_id=is_api_active, execution_date=20230517T000000, start_date=20230518T073806, end_date=20230518T073816
[2023-05-18T07:38:16.145+0000] {local_task_job_runner.py:232} INFO - Task exited with return code 0
[2023-05-18T07:38:16.194+0000] {taskinstance.py:2674} INFO - 1 downstream tasks scheduled from follow-on schedule check
