[2023-05-18T03:31:39.903+0000] {processor.py:156} INFO - Started process (PID=164) to work on /opt/airflow/dags/fondue_dag.py
[2023-05-18T03:31:39.904+0000] {processor.py:799} INFO - Processing file /opt/airflow/dags/fondue_dag.py for tasks to queue
[2023-05-18T03:31:39.905+0000] {logging_mixin.py:149} INFO - [2023-05-18T03:31:39.905+0000] {dagbag.py:541} INFO - Filling up the DagBag from /opt/airflow/dags/fondue_dag.py
[2023-05-18T03:31:42.208+0000] {logging_mixin.py:149} INFO - [2023-05-18T03:31:42.208+0000] {font_manager.py:1443} INFO - generated new fontManager
[2023-05-18T03:31:43.231+0000] {processor.py:809} INFO - DAG(s) dict_keys(['fondue_dag']) retrieved from /opt/airflow/dags/fondue_dag.py
[2023-05-18T03:31:43.496+0000] {logging_mixin.py:149} INFO - [2023-05-18T03:31:43.496+0000] {manager.py:504} INFO - Created Permission View: can delete on DAG:fondue_dag
[2023-05-18T03:31:43.506+0000] {logging_mixin.py:149} INFO - [2023-05-18T03:31:43.506+0000] {manager.py:504} INFO - Created Permission View: can read on DAG:fondue_dag
[2023-05-18T03:31:43.513+0000] {logging_mixin.py:149} INFO - [2023-05-18T03:31:43.513+0000] {manager.py:504} INFO - Created Permission View: can edit on DAG:fondue_dag
[2023-05-18T03:31:43.514+0000] {logging_mixin.py:149} INFO - [2023-05-18T03:31:43.513+0000] {dag.py:2726} INFO - Sync 1 DAGs
[2023-05-18T03:31:43.526+0000] {logging_mixin.py:149} INFO - [2023-05-18T03:31:43.526+0000] {dag.py:2747} INFO - Creating ORM DAG for fondue_dag
[2023-05-18T03:31:43.538+0000] {logging_mixin.py:149} INFO - [2023-05-18T03:31:43.538+0000] {dag.py:3490} INFO - Setting next_dagrun for fondue_dag to 2023-05-09T00:00:00+00:00, run_after=2023-05-10T00:00:00+00:00
[2023-05-18T03:31:43.558+0000] {processor.py:178} INFO - Processing /opt/airflow/dags/fondue_dag.py took 3.657 seconds
[2023-05-18T03:32:13.724+0000] {processor.py:156} INFO - Started process (PID=190) to work on /opt/airflow/dags/fondue_dag.py
[2023-05-18T03:32:13.725+0000] {processor.py:799} INFO - Processing file /opt/airflow/dags/fondue_dag.py for tasks to queue
[2023-05-18T03:32:13.726+0000] {logging_mixin.py:149} INFO - [2023-05-18T03:32:13.726+0000] {dagbag.py:541} INFO - Filling up the DagBag from /opt/airflow/dags/fondue_dag.py
[2023-05-18T03:32:15.476+0000] {processor.py:809} INFO - DAG(s) dict_keys(['fondue_dag']) retrieved from /opt/airflow/dags/fondue_dag.py
[2023-05-18T03:32:15.498+0000] {logging_mixin.py:149} INFO - [2023-05-18T03:32:15.497+0000] {dag.py:2726} INFO - Sync 1 DAGs
[2023-05-18T03:32:15.519+0000] {logging_mixin.py:149} INFO - [2023-05-18T03:32:15.518+0000] {dag.py:3490} INFO - Setting next_dagrun for fondue_dag to 2023-05-09T00:00:00+00:00, run_after=2023-05-10T00:00:00+00:00
[2023-05-18T03:32:15.536+0000] {processor.py:178} INFO - Processing /opt/airflow/dags/fondue_dag.py took 1.814 seconds
[2023-05-18T03:32:45.704+0000] {processor.py:156} INFO - Started process (PID=214) to work on /opt/airflow/dags/fondue_dag.py
[2023-05-18T03:32:45.705+0000] {processor.py:799} INFO - Processing file /opt/airflow/dags/fondue_dag.py for tasks to queue
[2023-05-18T03:32:45.706+0000] {logging_mixin.py:149} INFO - [2023-05-18T03:32:45.706+0000] {dagbag.py:541} INFO - Filling up the DagBag from /opt/airflow/dags/fondue_dag.py
[2023-05-18T03:32:47.632+0000] {processor.py:809} INFO - DAG(s) dict_keys(['fondue_dag']) retrieved from /opt/airflow/dags/fondue_dag.py
[2023-05-18T03:32:47.658+0000] {logging_mixin.py:149} INFO - [2023-05-18T03:32:47.657+0000] {dag.py:2726} INFO - Sync 1 DAGs
[2023-05-18T03:32:47.782+0000] {logging_mixin.py:149} INFO - [2023-05-18T03:32:47.782+0000] {dag.py:3490} INFO - Setting next_dagrun for fondue_dag to 2023-05-09T00:00:00+00:00, run_after=2023-05-10T00:00:00+00:00
[2023-05-18T03:32:47.801+0000] {processor.py:178} INFO - Processing /opt/airflow/dags/fondue_dag.py took 2.099 seconds
[2023-05-18T03:33:17.870+0000] {processor.py:156} INFO - Started process (PID=238) to work on /opt/airflow/dags/fondue_dag.py
[2023-05-18T03:33:17.871+0000] {processor.py:799} INFO - Processing file /opt/airflow/dags/fondue_dag.py for tasks to queue
[2023-05-18T03:33:17.872+0000] {logging_mixin.py:149} INFO - [2023-05-18T03:33:17.871+0000] {dagbag.py:541} INFO - Filling up the DagBag from /opt/airflow/dags/fondue_dag.py
[2023-05-18T03:33:20.162+0000] {processor.py:809} INFO - DAG(s) dict_keys(['fondue_dag']) retrieved from /opt/airflow/dags/fondue_dag.py
[2023-05-18T03:33:20.187+0000] {logging_mixin.py:149} INFO - [2023-05-18T03:33:20.187+0000] {dag.py:2726} INFO - Sync 1 DAGs
[2023-05-18T03:33:20.214+0000] {logging_mixin.py:149} INFO - [2023-05-18T03:33:20.214+0000] {dag.py:3490} INFO - Setting next_dagrun for fondue_dag to 2023-05-09T00:00:00+00:00, run_after=2023-05-10T00:00:00+00:00
[2023-05-18T03:33:20.234+0000] {processor.py:178} INFO - Processing /opt/airflow/dags/fondue_dag.py took 2.368 seconds
[2023-05-18T03:33:50.405+0000] {processor.py:156} INFO - Started process (PID=262) to work on /opt/airflow/dags/fondue_dag.py
[2023-05-18T03:33:50.405+0000] {processor.py:799} INFO - Processing file /opt/airflow/dags/fondue_dag.py for tasks to queue
[2023-05-18T03:33:50.406+0000] {logging_mixin.py:149} INFO - [2023-05-18T03:33:50.406+0000] {dagbag.py:541} INFO - Filling up the DagBag from /opt/airflow/dags/fondue_dag.py
[2023-05-18T03:33:52.277+0000] {processor.py:809} INFO - DAG(s) dict_keys(['fondue_dag']) retrieved from /opt/airflow/dags/fondue_dag.py
[2023-05-18T03:33:52.300+0000] {logging_mixin.py:149} INFO - [2023-05-18T03:33:52.299+0000] {dag.py:2726} INFO - Sync 1 DAGs
[2023-05-18T03:33:52.324+0000] {logging_mixin.py:149} INFO - [2023-05-18T03:33:52.324+0000] {dag.py:3490} INFO - Setting next_dagrun for fondue_dag to 2023-05-09T00:00:00+00:00, run_after=2023-05-10T00:00:00+00:00
[2023-05-18T03:33:52.343+0000] {processor.py:178} INFO - Processing /opt/airflow/dags/fondue_dag.py took 1.940 seconds
[2023-05-18T03:34:22.513+0000] {processor.py:156} INFO - Started process (PID=286) to work on /opt/airflow/dags/fondue_dag.py
[2023-05-18T03:34:22.514+0000] {processor.py:799} INFO - Processing file /opt/airflow/dags/fondue_dag.py for tasks to queue
[2023-05-18T03:34:22.515+0000] {logging_mixin.py:149} INFO - [2023-05-18T03:34:22.515+0000] {dagbag.py:541} INFO - Filling up the DagBag from /opt/airflow/dags/fondue_dag.py
[2023-05-18T03:34:24.495+0000] {processor.py:809} INFO - DAG(s) dict_keys(['fondue_dag']) retrieved from /opt/airflow/dags/fondue_dag.py
[2023-05-18T03:34:24.525+0000] {logging_mixin.py:149} INFO - [2023-05-18T03:34:24.524+0000] {dag.py:2726} INFO - Sync 1 DAGs
[2023-05-18T03:34:24.547+0000] {logging_mixin.py:149} INFO - [2023-05-18T03:34:24.547+0000] {dag.py:3490} INFO - Setting next_dagrun for fondue_dag to 2023-05-09T00:00:00+00:00, run_after=2023-05-10T00:00:00+00:00
[2023-05-18T03:34:24.568+0000] {processor.py:178} INFO - Processing /opt/airflow/dags/fondue_dag.py took 2.056 seconds
[2023-05-18T03:34:54.668+0000] {processor.py:156} INFO - Started process (PID=310) to work on /opt/airflow/dags/fondue_dag.py
[2023-05-18T03:34:54.669+0000] {processor.py:799} INFO - Processing file /opt/airflow/dags/fondue_dag.py for tasks to queue
[2023-05-18T03:34:54.669+0000] {logging_mixin.py:149} INFO - [2023-05-18T03:34:54.669+0000] {dagbag.py:541} INFO - Filling up the DagBag from /opt/airflow/dags/fondue_dag.py
[2023-05-18T03:34:56.384+0000] {processor.py:809} INFO - DAG(s) dict_keys(['fondue_dag']) retrieved from /opt/airflow/dags/fondue_dag.py
[2023-05-18T03:34:56.404+0000] {logging_mixin.py:149} INFO - [2023-05-18T03:34:56.404+0000] {dag.py:2726} INFO - Sync 1 DAGs
[2023-05-18T03:34:56.425+0000] {logging_mixin.py:149} INFO - [2023-05-18T03:34:56.424+0000] {dag.py:3490} INFO - Setting next_dagrun for fondue_dag to 2023-05-09T00:00:00+00:00, run_after=2023-05-10T00:00:00+00:00
[2023-05-18T03:34:56.440+0000] {processor.py:178} INFO - Processing /opt/airflow/dags/fondue_dag.py took 1.774 seconds
[2023-05-18T03:35:26.606+0000] {processor.py:156} INFO - Started process (PID=334) to work on /opt/airflow/dags/fondue_dag.py
[2023-05-18T03:35:26.606+0000] {processor.py:799} INFO - Processing file /opt/airflow/dags/fondue_dag.py for tasks to queue
[2023-05-18T03:35:26.607+0000] {logging_mixin.py:149} INFO - [2023-05-18T03:35:26.607+0000] {dagbag.py:541} INFO - Filling up the DagBag from /opt/airflow/dags/fondue_dag.py
[2023-05-18T03:35:28.356+0000] {processor.py:809} INFO - DAG(s) dict_keys(['fondue_dag']) retrieved from /opt/airflow/dags/fondue_dag.py
[2023-05-18T03:35:28.376+0000] {logging_mixin.py:149} INFO - [2023-05-18T03:35:28.376+0000] {dag.py:2726} INFO - Sync 1 DAGs
[2023-05-18T03:35:28.399+0000] {logging_mixin.py:149} INFO - [2023-05-18T03:35:28.399+0000] {dag.py:3490} INFO - Setting next_dagrun for fondue_dag to 2023-05-09T00:00:00+00:00, run_after=2023-05-10T00:00:00+00:00
[2023-05-18T03:35:28.510+0000] {processor.py:178} INFO - Processing /opt/airflow/dags/fondue_dag.py took 1.906 seconds
[2023-05-18T03:35:58.745+0000] {processor.py:156} INFO - Started process (PID=358) to work on /opt/airflow/dags/fondue_dag.py
[2023-05-18T03:35:58.745+0000] {processor.py:799} INFO - Processing file /opt/airflow/dags/fondue_dag.py for tasks to queue
[2023-05-18T03:35:58.746+0000] {logging_mixin.py:149} INFO - [2023-05-18T03:35:58.746+0000] {dagbag.py:541} INFO - Filling up the DagBag from /opt/airflow/dags/fondue_dag.py
[2023-05-18T03:36:00.394+0000] {processor.py:809} INFO - DAG(s) dict_keys(['fondue_dag']) retrieved from /opt/airflow/dags/fondue_dag.py
[2023-05-18T03:36:00.415+0000] {logging_mixin.py:149} INFO - [2023-05-18T03:36:00.414+0000] {dag.py:2726} INFO - Sync 1 DAGs
[2023-05-18T03:36:00.522+0000] {logging_mixin.py:149} INFO - [2023-05-18T03:36:00.522+0000] {dag.py:3490} INFO - Setting next_dagrun for fondue_dag to 2023-05-09T00:00:00+00:00, run_after=2023-05-10T00:00:00+00:00
[2023-05-18T03:36:00.538+0000] {processor.py:178} INFO - Processing /opt/airflow/dags/fondue_dag.py took 1.796 seconds
[2023-05-18T03:36:30.702+0000] {processor.py:156} INFO - Started process (PID=382) to work on /opt/airflow/dags/fondue_dag.py
[2023-05-18T03:36:30.703+0000] {processor.py:799} INFO - Processing file /opt/airflow/dags/fondue_dag.py for tasks to queue
[2023-05-18T03:36:30.704+0000] {logging_mixin.py:149} INFO - [2023-05-18T03:36:30.704+0000] {dagbag.py:541} INFO - Filling up the DagBag from /opt/airflow/dags/fondue_dag.py
[2023-05-18T03:36:32.387+0000] {processor.py:809} INFO - DAG(s) dict_keys(['fondue_dag']) retrieved from /opt/airflow/dags/fondue_dag.py
[2023-05-18T03:36:32.409+0000] {logging_mixin.py:149} INFO - [2023-05-18T03:36:32.407+0000] {dag.py:2726} INFO - Sync 1 DAGs
[2023-05-18T03:36:32.513+0000] {logging_mixin.py:149} INFO - [2023-05-18T03:36:32.513+0000] {dag.py:3490} INFO - Setting next_dagrun for fondue_dag to 2023-05-09T00:00:00+00:00, run_after=2023-05-10T00:00:00+00:00
[2023-05-18T03:36:32.528+0000] {processor.py:178} INFO - Processing /opt/airflow/dags/fondue_dag.py took 1.829 seconds
[2023-05-18T03:37:02.687+0000] {processor.py:156} INFO - Started process (PID=406) to work on /opt/airflow/dags/fondue_dag.py
[2023-05-18T03:37:02.687+0000] {processor.py:799} INFO - Processing file /opt/airflow/dags/fondue_dag.py for tasks to queue
[2023-05-18T03:37:02.688+0000] {logging_mixin.py:149} INFO - [2023-05-18T03:37:02.688+0000] {dagbag.py:541} INFO - Filling up the DagBag from /opt/airflow/dags/fondue_dag.py
[2023-05-18T03:37:04.475+0000] {processor.py:809} INFO - DAG(s) dict_keys(['fondue_dag']) retrieved from /opt/airflow/dags/fondue_dag.py
[2023-05-18T03:37:04.610+0000] {logging_mixin.py:149} INFO - [2023-05-18T03:37:04.607+0000] {dag.py:2726} INFO - Sync 1 DAGs
[2023-05-18T03:37:04.636+0000] {logging_mixin.py:149} INFO - [2023-05-18T03:37:04.636+0000] {dag.py:3490} INFO - Setting next_dagrun for fondue_dag to 2023-05-09T00:00:00+00:00, run_after=2023-05-10T00:00:00+00:00
[2023-05-18T03:37:04.654+0000] {processor.py:178} INFO - Processing /opt/airflow/dags/fondue_dag.py took 1.970 seconds
[2023-05-18T03:37:34.814+0000] {processor.py:156} INFO - Started process (PID=437) to work on /opt/airflow/dags/fondue_dag.py
[2023-05-18T03:37:34.815+0000] {processor.py:799} INFO - Processing file /opt/airflow/dags/fondue_dag.py for tasks to queue
[2023-05-18T03:37:34.816+0000] {logging_mixin.py:149} INFO - [2023-05-18T03:37:34.816+0000] {dagbag.py:541} INFO - Filling up the DagBag from /opt/airflow/dags/fondue_dag.py
[2023-05-18T03:37:36.653+0000] {processor.py:809} INFO - DAG(s) dict_keys(['fondue_dag']) retrieved from /opt/airflow/dags/fondue_dag.py
[2023-05-18T03:37:36.674+0000] {logging_mixin.py:149} INFO - [2023-05-18T03:37:36.673+0000] {dag.py:2726} INFO - Sync 1 DAGs
[2023-05-18T03:37:36.695+0000] {logging_mixin.py:149} INFO - [2023-05-18T03:37:36.695+0000] {dag.py:3490} INFO - Setting next_dagrun for fondue_dag to 2023-05-09T00:00:00+00:00, run_after=2023-05-10T00:00:00+00:00
[2023-05-18T03:37:36.710+0000] {processor.py:178} INFO - Processing /opt/airflow/dags/fondue_dag.py took 1.898 seconds
[2023-05-18T03:38:06.864+0000] {processor.py:156} INFO - Started process (PID=461) to work on /opt/airflow/dags/fondue_dag.py
[2023-05-18T03:38:06.865+0000] {processor.py:799} INFO - Processing file /opt/airflow/dags/fondue_dag.py for tasks to queue
[2023-05-18T03:38:06.866+0000] {logging_mixin.py:149} INFO - [2023-05-18T03:38:06.866+0000] {dagbag.py:541} INFO - Filling up the DagBag from /opt/airflow/dags/fondue_dag.py
[2023-05-18T03:38:08.667+0000] {processor.py:809} INFO - DAG(s) dict_keys(['fondue_dag']) retrieved from /opt/airflow/dags/fondue_dag.py
[2023-05-18T03:38:08.689+0000] {logging_mixin.py:149} INFO - [2023-05-18T03:38:08.689+0000] {dag.py:2726} INFO - Sync 1 DAGs
[2023-05-18T03:38:08.710+0000] {logging_mixin.py:149} INFO - [2023-05-18T03:38:08.710+0000] {dag.py:3490} INFO - Setting next_dagrun for fondue_dag to 2023-05-09T00:00:00+00:00, run_after=2023-05-10T00:00:00+00:00
[2023-05-18T03:38:08.726+0000] {processor.py:178} INFO - Processing /opt/airflow/dags/fondue_dag.py took 1.865 seconds
[2023-05-18T03:38:38.808+0000] {processor.py:156} INFO - Started process (PID=485) to work on /opt/airflow/dags/fondue_dag.py
[2023-05-18T03:38:38.809+0000] {processor.py:799} INFO - Processing file /opt/airflow/dags/fondue_dag.py for tasks to queue
[2023-05-18T03:38:38.810+0000] {logging_mixin.py:149} INFO - [2023-05-18T03:38:38.809+0000] {dagbag.py:541} INFO - Filling up the DagBag from /opt/airflow/dags/fondue_dag.py
[2023-05-18T03:38:40.480+0000] {processor.py:809} INFO - DAG(s) dict_keys(['fondue_dag']) retrieved from /opt/airflow/dags/fondue_dag.py
[2023-05-18T03:38:40.501+0000] {logging_mixin.py:149} INFO - [2023-05-18T03:38:40.500+0000] {dag.py:2726} INFO - Sync 1 DAGs
[2023-05-18T03:38:40.610+0000] {logging_mixin.py:149} INFO - [2023-05-18T03:38:40.610+0000] {dag.py:3490} INFO - Setting next_dagrun for fondue_dag to 2023-05-09T00:00:00+00:00, run_after=2023-05-10T00:00:00+00:00
[2023-05-18T03:38:40.626+0000] {processor.py:178} INFO - Processing /opt/airflow/dags/fondue_dag.py took 1.820 seconds
[2023-05-18T03:39:10.786+0000] {processor.py:156} INFO - Started process (PID=509) to work on /opt/airflow/dags/fondue_dag.py
[2023-05-18T03:39:10.787+0000] {processor.py:799} INFO - Processing file /opt/airflow/dags/fondue_dag.py for tasks to queue
[2023-05-18T03:39:10.787+0000] {logging_mixin.py:149} INFO - [2023-05-18T03:39:10.787+0000] {dagbag.py:541} INFO - Filling up the DagBag from /opt/airflow/dags/fondue_dag.py
[2023-05-18T03:39:12.414+0000] {processor.py:809} INFO - DAG(s) dict_keys(['fondue_dag']) retrieved from /opt/airflow/dags/fondue_dag.py
[2023-05-18T03:39:12.434+0000] {logging_mixin.py:149} INFO - [2023-05-18T03:39:12.434+0000] {dag.py:2726} INFO - Sync 1 DAGs
[2023-05-18T03:39:12.541+0000] {logging_mixin.py:149} INFO - [2023-05-18T03:39:12.540+0000] {dag.py:3490} INFO - Setting next_dagrun for fondue_dag to 2023-05-09T00:00:00+00:00, run_after=2023-05-10T00:00:00+00:00
[2023-05-18T03:39:12.556+0000] {processor.py:178} INFO - Processing /opt/airflow/dags/fondue_dag.py took 1.772 seconds
[2023-05-18T03:39:42.717+0000] {processor.py:156} INFO - Started process (PID=533) to work on /opt/airflow/dags/fondue_dag.py
[2023-05-18T03:39:42.718+0000] {processor.py:799} INFO - Processing file /opt/airflow/dags/fondue_dag.py for tasks to queue
[2023-05-18T03:39:42.718+0000] {logging_mixin.py:149} INFO - [2023-05-18T03:39:42.718+0000] {dagbag.py:541} INFO - Filling up the DagBag from /opt/airflow/dags/fondue_dag.py
[2023-05-18T03:39:44.410+0000] {processor.py:809} INFO - DAG(s) dict_keys(['fondue_dag']) retrieved from /opt/airflow/dags/fondue_dag.py
[2023-05-18T03:39:44.432+0000] {logging_mixin.py:149} INFO - [2023-05-18T03:39:44.431+0000] {dag.py:2726} INFO - Sync 1 DAGs
[2023-05-18T03:39:44.540+0000] {logging_mixin.py:149} INFO - [2023-05-18T03:39:44.540+0000] {dag.py:3490} INFO - Setting next_dagrun for fondue_dag to 2023-05-09T00:00:00+00:00, run_after=2023-05-10T00:00:00+00:00
[2023-05-18T03:39:44.555+0000] {processor.py:178} INFO - Processing /opt/airflow/dags/fondue_dag.py took 1.841 seconds
[2023-05-18T03:40:14.719+0000] {processor.py:156} INFO - Started process (PID=557) to work on /opt/airflow/dags/fondue_dag.py
[2023-05-18T03:40:14.720+0000] {processor.py:799} INFO - Processing file /opt/airflow/dags/fondue_dag.py for tasks to queue
[2023-05-18T03:40:14.721+0000] {logging_mixin.py:149} INFO - [2023-05-18T03:40:14.721+0000] {dagbag.py:541} INFO - Filling up the DagBag from /opt/airflow/dags/fondue_dag.py
[2023-05-18T03:40:16.374+0000] {processor.py:809} INFO - DAG(s) dict_keys(['fondue_dag']) retrieved from /opt/airflow/dags/fondue_dag.py
[2023-05-18T03:40:16.481+0000] {logging_mixin.py:149} INFO - [2023-05-18T03:40:16.481+0000] {dag.py:2726} INFO - Sync 1 DAGs
[2023-05-18T03:40:16.503+0000] {logging_mixin.py:149} INFO - [2023-05-18T03:40:16.503+0000] {dag.py:3490} INFO - Setting next_dagrun for fondue_dag to 2023-05-09T00:00:00+00:00, run_after=2023-05-10T00:00:00+00:00
[2023-05-18T03:40:16.518+0000] {processor.py:178} INFO - Processing /opt/airflow/dags/fondue_dag.py took 1.802 seconds
[2023-05-18T03:40:46.677+0000] {processor.py:156} INFO - Started process (PID=581) to work on /opt/airflow/dags/fondue_dag.py
[2023-05-18T03:40:46.678+0000] {processor.py:799} INFO - Processing file /opt/airflow/dags/fondue_dag.py for tasks to queue
[2023-05-18T03:40:46.679+0000] {logging_mixin.py:149} INFO - [2023-05-18T03:40:46.679+0000] {dagbag.py:541} INFO - Filling up the DagBag from /opt/airflow/dags/fondue_dag.py
[2023-05-18T03:40:48.480+0000] {processor.py:809} INFO - DAG(s) dict_keys(['fondue_dag']) retrieved from /opt/airflow/dags/fondue_dag.py
[2023-05-18T03:40:48.503+0000] {logging_mixin.py:149} INFO - [2023-05-18T03:40:48.503+0000] {dag.py:2726} INFO - Sync 1 DAGs
[2023-05-18T03:40:48.526+0000] {logging_mixin.py:149} INFO - [2023-05-18T03:40:48.526+0000] {dag.py:3490} INFO - Setting next_dagrun for fondue_dag to 2023-05-09T00:00:00+00:00, run_after=2023-05-10T00:00:00+00:00
[2023-05-18T03:40:48.543+0000] {processor.py:178} INFO - Processing /opt/airflow/dags/fondue_dag.py took 1.868 seconds
[2023-05-18T03:41:18.704+0000] {processor.py:156} INFO - Started process (PID=605) to work on /opt/airflow/dags/fondue_dag.py
[2023-05-18T03:41:18.705+0000] {processor.py:799} INFO - Processing file /opt/airflow/dags/fondue_dag.py for tasks to queue
[2023-05-18T03:41:18.706+0000] {logging_mixin.py:149} INFO - [2023-05-18T03:41:18.705+0000] {dagbag.py:541} INFO - Filling up the DagBag from /opt/airflow/dags/fondue_dag.py
[2023-05-18T03:41:20.478+0000] {processor.py:809} INFO - DAG(s) dict_keys(['fondue_dag']) retrieved from /opt/airflow/dags/fondue_dag.py
[2023-05-18T03:41:20.500+0000] {logging_mixin.py:149} INFO - [2023-05-18T03:41:20.499+0000] {dag.py:2726} INFO - Sync 1 DAGs
[2023-05-18T03:41:20.521+0000] {logging_mixin.py:149} INFO - [2023-05-18T03:41:20.521+0000] {dag.py:3490} INFO - Setting next_dagrun for fondue_dag to 2023-05-09T00:00:00+00:00, run_after=2023-05-10T00:00:00+00:00
[2023-05-18T03:41:20.540+0000] {processor.py:178} INFO - Processing /opt/airflow/dags/fondue_dag.py took 1.838 seconds
[2023-05-18T03:41:50.839+0000] {processor.py:156} INFO - Started process (PID=629) to work on /opt/airflow/dags/fondue_dag.py
[2023-05-18T03:41:50.840+0000] {processor.py:799} INFO - Processing file /opt/airflow/dags/fondue_dag.py for tasks to queue
[2023-05-18T03:41:50.840+0000] {logging_mixin.py:149} INFO - [2023-05-18T03:41:50.840+0000] {dagbag.py:541} INFO - Filling up the DagBag from /opt/airflow/dags/fondue_dag.py
[2023-05-18T03:41:52.616+0000] {processor.py:809} INFO - DAG(s) dict_keys(['fondue_dag']) retrieved from /opt/airflow/dags/fondue_dag.py
[2023-05-18T03:41:52.638+0000] {logging_mixin.py:149} INFO - [2023-05-18T03:41:52.638+0000] {dag.py:2726} INFO - Sync 1 DAGs
[2023-05-18T03:41:52.659+0000] {logging_mixin.py:149} INFO - [2023-05-18T03:41:52.659+0000] {dag.py:3490} INFO - Setting next_dagrun for fondue_dag to 2023-05-09T00:00:00+00:00, run_after=2023-05-10T00:00:00+00:00
[2023-05-18T03:41:52.674+0000] {processor.py:178} INFO - Processing /opt/airflow/dags/fondue_dag.py took 1.838 seconds
[2023-05-18T03:42:22.845+0000] {processor.py:156} INFO - Started process (PID=653) to work on /opt/airflow/dags/fondue_dag.py
[2023-05-18T03:42:22.846+0000] {processor.py:799} INFO - Processing file /opt/airflow/dags/fondue_dag.py for tasks to queue
[2023-05-18T03:42:22.847+0000] {logging_mixin.py:149} INFO - [2023-05-18T03:42:22.846+0000] {dagbag.py:541} INFO - Filling up the DagBag from /opt/airflow/dags/fondue_dag.py
[2023-05-18T03:42:24.520+0000] {processor.py:809} INFO - DAG(s) dict_keys(['fondue_dag']) retrieved from /opt/airflow/dags/fondue_dag.py
[2023-05-18T03:42:24.540+0000] {logging_mixin.py:149} INFO - [2023-05-18T03:42:24.540+0000] {dag.py:2726} INFO - Sync 1 DAGs
[2023-05-18T03:42:24.649+0000] {logging_mixin.py:149} INFO - [2023-05-18T03:42:24.649+0000] {dag.py:3490} INFO - Setting next_dagrun for fondue_dag to 2023-05-09T00:00:00+00:00, run_after=2023-05-10T00:00:00+00:00
[2023-05-18T03:42:24.665+0000] {processor.py:178} INFO - Processing /opt/airflow/dags/fondue_dag.py took 1.822 seconds
[2023-05-18T03:42:54.829+0000] {processor.py:156} INFO - Started process (PID=677) to work on /opt/airflow/dags/fondue_dag.py
[2023-05-18T03:42:54.829+0000] {processor.py:799} INFO - Processing file /opt/airflow/dags/fondue_dag.py for tasks to queue
[2023-05-18T03:42:54.830+0000] {logging_mixin.py:149} INFO - [2023-05-18T03:42:54.830+0000] {dagbag.py:541} INFO - Filling up the DagBag from /opt/airflow/dags/fondue_dag.py
[2023-05-18T03:42:56.466+0000] {processor.py:809} INFO - DAG(s) dict_keys(['fondue_dag']) retrieved from /opt/airflow/dags/fondue_dag.py
[2023-05-18T03:42:56.488+0000] {logging_mixin.py:149} INFO - [2023-05-18T03:42:56.487+0000] {dag.py:2726} INFO - Sync 1 DAGs
[2023-05-18T03:42:56.606+0000] {logging_mixin.py:149} INFO - [2023-05-18T03:42:56.606+0000] {dag.py:3490} INFO - Setting next_dagrun for fondue_dag to 2023-05-09T00:00:00+00:00, run_after=2023-05-10T00:00:00+00:00
[2023-05-18T03:42:56.622+0000] {processor.py:178} INFO - Processing /opt/airflow/dags/fondue_dag.py took 1.795 seconds
[2023-05-18T03:43:26.782+0000] {processor.py:156} INFO - Started process (PID=701) to work on /opt/airflow/dags/fondue_dag.py
[2023-05-18T03:43:26.783+0000] {processor.py:799} INFO - Processing file /opt/airflow/dags/fondue_dag.py for tasks to queue
[2023-05-18T03:43:26.783+0000] {logging_mixin.py:149} INFO - [2023-05-18T03:43:26.783+0000] {dagbag.py:541} INFO - Filling up the DagBag from /opt/airflow/dags/fondue_dag.py
[2023-05-18T03:43:28.465+0000] {processor.py:809} INFO - DAG(s) dict_keys(['fondue_dag']) retrieved from /opt/airflow/dags/fondue_dag.py
[2023-05-18T03:43:28.578+0000] {logging_mixin.py:149} INFO - [2023-05-18T03:43:28.577+0000] {dag.py:2726} INFO - Sync 1 DAGs
[2023-05-18T03:43:28.599+0000] {logging_mixin.py:149} INFO - [2023-05-18T03:43:28.599+0000] {dag.py:3490} INFO - Setting next_dagrun for fondue_dag to 2023-05-09T00:00:00+00:00, run_after=2023-05-10T00:00:00+00:00
[2023-05-18T03:43:28.615+0000] {processor.py:178} INFO - Processing /opt/airflow/dags/fondue_dag.py took 1.835 seconds
[2023-05-18T03:43:58.777+0000] {processor.py:156} INFO - Started process (PID=725) to work on /opt/airflow/dags/fondue_dag.py
[2023-05-18T03:43:58.778+0000] {processor.py:799} INFO - Processing file /opt/airflow/dags/fondue_dag.py for tasks to queue
[2023-05-18T03:43:58.779+0000] {logging_mixin.py:149} INFO - [2023-05-18T03:43:58.779+0000] {dagbag.py:541} INFO - Filling up the DagBag from /opt/airflow/dags/fondue_dag.py
[2023-05-18T03:44:00.552+0000] {processor.py:809} INFO - DAG(s) dict_keys(['fondue_dag']) retrieved from /opt/airflow/dags/fondue_dag.py
[2023-05-18T03:44:00.573+0000] {logging_mixin.py:149} INFO - [2023-05-18T03:44:00.573+0000] {dag.py:2726} INFO - Sync 1 DAGs
[2023-05-18T03:44:00.599+0000] {logging_mixin.py:149} INFO - [2023-05-18T03:44:00.598+0000] {dag.py:3490} INFO - Setting next_dagrun for fondue_dag to 2023-05-09T00:00:00+00:00, run_after=2023-05-10T00:00:00+00:00
[2023-05-18T03:44:00.622+0000] {processor.py:178} INFO - Processing /opt/airflow/dags/fondue_dag.py took 1.847 seconds
[2023-05-18T03:44:30.784+0000] {processor.py:156} INFO - Started process (PID=749) to work on /opt/airflow/dags/fondue_dag.py
[2023-05-18T03:44:30.785+0000] {processor.py:799} INFO - Processing file /opt/airflow/dags/fondue_dag.py for tasks to queue
[2023-05-18T03:44:30.786+0000] {logging_mixin.py:149} INFO - [2023-05-18T03:44:30.785+0000] {dagbag.py:541} INFO - Filling up the DagBag from /opt/airflow/dags/fondue_dag.py
[2023-05-18T03:44:32.620+0000] {processor.py:809} INFO - DAG(s) dict_keys(['fondue_dag']) retrieved from /opt/airflow/dags/fondue_dag.py
[2023-05-18T03:44:32.642+0000] {logging_mixin.py:149} INFO - [2023-05-18T03:44:32.641+0000] {dag.py:2726} INFO - Sync 1 DAGs
[2023-05-18T03:44:32.662+0000] {logging_mixin.py:149} INFO - [2023-05-18T03:44:32.662+0000] {dag.py:3490} INFO - Setting next_dagrun for fondue_dag to 2023-05-09T00:00:00+00:00, run_after=2023-05-10T00:00:00+00:00
[2023-05-18T03:44:32.680+0000] {processor.py:178} INFO - Processing /opt/airflow/dags/fondue_dag.py took 1.898 seconds
[2023-05-18T03:45:02.839+0000] {processor.py:156} INFO - Started process (PID=773) to work on /opt/airflow/dags/fondue_dag.py
[2023-05-18T03:45:02.840+0000] {processor.py:799} INFO - Processing file /opt/airflow/dags/fondue_dag.py for tasks to queue
[2023-05-18T03:45:02.840+0000] {logging_mixin.py:149} INFO - [2023-05-18T03:45:02.840+0000] {dagbag.py:541} INFO - Filling up the DagBag from /opt/airflow/dags/fondue_dag.py
[2023-05-18T03:45:04.577+0000] {processor.py:809} INFO - DAG(s) dict_keys(['fondue_dag']) retrieved from /opt/airflow/dags/fondue_dag.py
[2023-05-18T03:45:04.598+0000] {logging_mixin.py:149} INFO - [2023-05-18T03:45:04.598+0000] {dag.py:2726} INFO - Sync 1 DAGs
[2023-05-18T03:45:04.621+0000] {logging_mixin.py:149} INFO - [2023-05-18T03:45:04.620+0000] {dag.py:3490} INFO - Setting next_dagrun for fondue_dag to 2023-05-09T00:00:00+00:00, run_after=2023-05-10T00:00:00+00:00
[2023-05-18T03:45:04.636+0000] {processor.py:178} INFO - Processing /opt/airflow/dags/fondue_dag.py took 1.799 seconds
[2023-05-18T03:45:34.810+0000] {processor.py:156} INFO - Started process (PID=797) to work on /opt/airflow/dags/fondue_dag.py
[2023-05-18T03:45:34.811+0000] {processor.py:799} INFO - Processing file /opt/airflow/dags/fondue_dag.py for tasks to queue
[2023-05-18T03:45:34.812+0000] {logging_mixin.py:149} INFO - [2023-05-18T03:45:34.812+0000] {dagbag.py:541} INFO - Filling up the DagBag from /opt/airflow/dags/fondue_dag.py
[2023-05-18T03:45:36.461+0000] {processor.py:809} INFO - DAG(s) dict_keys(['fondue_dag']) retrieved from /opt/airflow/dags/fondue_dag.py
[2023-05-18T03:45:36.581+0000] {logging_mixin.py:149} INFO - [2023-05-18T03:45:36.580+0000] {dag.py:2726} INFO - Sync 1 DAGs
[2023-05-18T03:45:36.695+0000] {logging_mixin.py:149} INFO - [2023-05-18T03:45:36.695+0000] {dag.py:3490} INFO - Setting next_dagrun for fondue_dag to 2023-05-09T00:00:00+00:00, run_after=2023-05-10T00:00:00+00:00
[2023-05-18T03:45:36.710+0000] {processor.py:178} INFO - Processing /opt/airflow/dags/fondue_dag.py took 1.902 seconds
[2023-05-18T03:46:06.880+0000] {processor.py:156} INFO - Started process (PID=828) to work on /opt/airflow/dags/fondue_dag.py
[2023-05-18T03:46:06.881+0000] {processor.py:799} INFO - Processing file /opt/airflow/dags/fondue_dag.py for tasks to queue
[2023-05-18T03:46:06.881+0000] {logging_mixin.py:149} INFO - [2023-05-18T03:46:06.881+0000] {dagbag.py:541} INFO - Filling up the DagBag from /opt/airflow/dags/fondue_dag.py
[2023-05-18T03:46:08.633+0000] {processor.py:809} INFO - DAG(s) dict_keys(['fondue_dag']) retrieved from /opt/airflow/dags/fondue_dag.py
[2023-05-18T03:46:08.746+0000] {logging_mixin.py:149} INFO - [2023-05-18T03:46:08.746+0000] {dag.py:2726} INFO - Sync 1 DAGs
[2023-05-18T03:46:08.767+0000] {logging_mixin.py:149} INFO - [2023-05-18T03:46:08.767+0000] {dag.py:3490} INFO - Setting next_dagrun for fondue_dag to 2023-05-09T00:00:00+00:00, run_after=2023-05-10T00:00:00+00:00
[2023-05-18T03:46:08.783+0000] {processor.py:178} INFO - Processing /opt/airflow/dags/fondue_dag.py took 1.906 seconds
[2023-05-18T03:46:38.956+0000] {processor.py:156} INFO - Started process (PID=852) to work on /opt/airflow/dags/fondue_dag.py
[2023-05-18T03:46:38.957+0000] {processor.py:799} INFO - Processing file /opt/airflow/dags/fondue_dag.py for tasks to queue
[2023-05-18T03:46:38.958+0000] {logging_mixin.py:149} INFO - [2023-05-18T03:46:38.957+0000] {dagbag.py:541} INFO - Filling up the DagBag from /opt/airflow/dags/fondue_dag.py
[2023-05-18T03:46:40.673+0000] {processor.py:809} INFO - DAG(s) dict_keys(['fondue_dag']) retrieved from /opt/airflow/dags/fondue_dag.py
[2023-05-18T03:46:40.781+0000] {logging_mixin.py:149} INFO - [2023-05-18T03:46:40.781+0000] {dag.py:2726} INFO - Sync 1 DAGs
[2023-05-18T03:46:40.802+0000] {logging_mixin.py:149} INFO - [2023-05-18T03:46:40.802+0000] {dag.py:3490} INFO - Setting next_dagrun for fondue_dag to 2023-05-09T00:00:00+00:00, run_after=2023-05-10T00:00:00+00:00
[2023-05-18T03:46:40.818+0000] {processor.py:178} INFO - Processing /opt/airflow/dags/fondue_dag.py took 1.864 seconds
