[2023-05-16T03:27:51.066+0000] {processor.py:156} INFO - Started process (PID=164) to work on /opt/airflow/dags/fondue_dag.py
[2023-05-16T03:27:51.068+0000] {processor.py:799} INFO - Processing file /opt/airflow/dags/fondue_dag.py for tasks to queue
[2023-05-16T03:27:51.069+0000] {logging_mixin.py:149} INFO - [2023-05-16T03:27:51.069+0000] {dagbag.py:541} INFO - Filling up the DagBag from /opt/airflow/dags/fondue_dag.py
[2023-05-16T03:27:51.131+0000] {processor.py:809} INFO - DAG(s) dict_keys(['fondue_dag']) retrieved from /opt/airflow/dags/fondue_dag.py
[2023-05-16T03:27:51.730+0000] {logging_mixin.py:149} INFO - [2023-05-16T03:27:51.729+0000] {manager.py:504} INFO - Created Permission View: can edit on DAG:fondue_dag
[2023-05-16T03:27:51.790+0000] {logging_mixin.py:149} INFO - [2023-05-16T03:27:51.790+0000] {manager.py:504} INFO - Created Permission View: can delete on DAG:fondue_dag
[2023-05-16T03:27:51.847+0000] {logging_mixin.py:149} INFO - [2023-05-16T03:27:51.847+0000] {manager.py:504} INFO - Created Permission View: can read on DAG:fondue_dag
[2023-05-16T03:27:51.848+0000] {logging_mixin.py:149} INFO - [2023-05-16T03:27:51.848+0000] {dag.py:2726} INFO - Sync 1 DAGs
[2023-05-16T03:27:51.862+0000] {logging_mixin.py:149} INFO - [2023-05-16T03:27:51.862+0000] {dag.py:2747} INFO - Creating ORM DAG for fondue_dag
[2023-05-16T03:27:51.876+0000] {logging_mixin.py:149} INFO - [2023-05-16T03:27:51.875+0000] {dag.py:3490} INFO - Setting next_dagrun for fondue_dag to 2023-05-09T00:00:00+00:00, run_after=2023-05-10T00:00:00+00:00
[2023-05-16T03:27:52.033+0000] {processor.py:178} INFO - Processing /opt/airflow/dags/fondue_dag.py took 0.968 seconds
[2023-05-16T03:28:22.267+0000] {processor.py:156} INFO - Started process (PID=176) to work on /opt/airflow/dags/fondue_dag.py
[2023-05-16T03:28:22.268+0000] {processor.py:799} INFO - Processing file /opt/airflow/dags/fondue_dag.py for tasks to queue
[2023-05-16T03:28:22.270+0000] {logging_mixin.py:149} INFO - [2023-05-16T03:28:22.269+0000] {dagbag.py:541} INFO - Filling up the DagBag from /opt/airflow/dags/fondue_dag.py
[2023-05-16T03:28:22.296+0000] {processor.py:809} INFO - DAG(s) dict_keys(['fondue_dag']) retrieved from /opt/airflow/dags/fondue_dag.py
[2023-05-16T03:28:22.318+0000] {logging_mixin.py:149} INFO - [2023-05-16T03:28:22.318+0000] {dag.py:2726} INFO - Sync 1 DAGs
[2023-05-16T03:28:22.344+0000] {logging_mixin.py:149} INFO - [2023-05-16T03:28:22.344+0000] {dag.py:3490} INFO - Setting next_dagrun for fondue_dag to 2023-05-09T00:00:00+00:00, run_after=2023-05-10T00:00:00+00:00
[2023-05-16T03:28:22.367+0000] {processor.py:178} INFO - Processing /opt/airflow/dags/fondue_dag.py took 0.102 seconds
[2023-05-16T03:28:52.507+0000] {processor.py:156} INFO - Started process (PID=188) to work on /opt/airflow/dags/fondue_dag.py
[2023-05-16T03:28:52.509+0000] {processor.py:799} INFO - Processing file /opt/airflow/dags/fondue_dag.py for tasks to queue
[2023-05-16T03:28:52.510+0000] {logging_mixin.py:149} INFO - [2023-05-16T03:28:52.510+0000] {dagbag.py:541} INFO - Filling up the DagBag from /opt/airflow/dags/fondue_dag.py
[2023-05-16T03:28:52.540+0000] {processor.py:809} INFO - DAG(s) dict_keys(['fondue_dag']) retrieved from /opt/airflow/dags/fondue_dag.py
[2023-05-16T03:28:52.565+0000] {logging_mixin.py:149} INFO - [2023-05-16T03:28:52.565+0000] {dag.py:2726} INFO - Sync 1 DAGs
[2023-05-16T03:28:52.591+0000] {logging_mixin.py:149} INFO - [2023-05-16T03:28:52.590+0000] {dag.py:3490} INFO - Setting next_dagrun for fondue_dag to 2023-05-09T00:00:00+00:00, run_after=2023-05-10T00:00:00+00:00
[2023-05-16T03:28:52.614+0000] {processor.py:178} INFO - Processing /opt/airflow/dags/fondue_dag.py took 0.109 seconds
[2023-05-16T03:29:22.818+0000] {processor.py:156} INFO - Started process (PID=200) to work on /opt/airflow/dags/fondue_dag.py
[2023-05-16T03:29:22.819+0000] {processor.py:799} INFO - Processing file /opt/airflow/dags/fondue_dag.py for tasks to queue
[2023-05-16T03:29:22.821+0000] {logging_mixin.py:149} INFO - [2023-05-16T03:29:22.820+0000] {dagbag.py:541} INFO - Filling up the DagBag from /opt/airflow/dags/fondue_dag.py
[2023-05-16T03:29:22.851+0000] {processor.py:809} INFO - DAG(s) dict_keys(['fondue_dag']) retrieved from /opt/airflow/dags/fondue_dag.py
[2023-05-16T03:29:22.877+0000] {logging_mixin.py:149} INFO - [2023-05-16T03:29:22.876+0000] {dag.py:2726} INFO - Sync 1 DAGs
[2023-05-16T03:29:22.905+0000] {logging_mixin.py:149} INFO - [2023-05-16T03:29:22.905+0000] {dag.py:3490} INFO - Setting next_dagrun for fondue_dag to 2023-05-09T00:00:00+00:00, run_after=2023-05-10T00:00:00+00:00
[2023-05-16T03:29:22.933+0000] {processor.py:178} INFO - Processing /opt/airflow/dags/fondue_dag.py took 0.117 seconds
[2023-05-16T03:29:53.039+0000] {processor.py:156} INFO - Started process (PID=212) to work on /opt/airflow/dags/fondue_dag.py
[2023-05-16T03:29:53.041+0000] {processor.py:799} INFO - Processing file /opt/airflow/dags/fondue_dag.py for tasks to queue
[2023-05-16T03:29:53.042+0000] {logging_mixin.py:149} INFO - [2023-05-16T03:29:53.042+0000] {dagbag.py:541} INFO - Filling up the DagBag from /opt/airflow/dags/fondue_dag.py
[2023-05-16T03:29:53.070+0000] {processor.py:809} INFO - DAG(s) dict_keys(['fondue_dag']) retrieved from /opt/airflow/dags/fondue_dag.py
[2023-05-16T03:29:53.093+0000] {logging_mixin.py:149} INFO - [2023-05-16T03:29:53.093+0000] {dag.py:2726} INFO - Sync 1 DAGs
[2023-05-16T03:29:53.122+0000] {logging_mixin.py:149} INFO - [2023-05-16T03:29:53.121+0000] {dag.py:3490} INFO - Setting next_dagrun for fondue_dag to 2023-05-09T00:00:00+00:00, run_after=2023-05-10T00:00:00+00:00
[2023-05-16T03:29:53.158+0000] {processor.py:178} INFO - Processing /opt/airflow/dags/fondue_dag.py took 0.120 seconds
[2023-05-16T03:30:23.365+0000] {processor.py:156} INFO - Started process (PID=225) to work on /opt/airflow/dags/fondue_dag.py
[2023-05-16T03:30:23.366+0000] {processor.py:799} INFO - Processing file /opt/airflow/dags/fondue_dag.py for tasks to queue
[2023-05-16T03:30:23.367+0000] {logging_mixin.py:149} INFO - [2023-05-16T03:30:23.367+0000] {dagbag.py:541} INFO - Filling up the DagBag from /opt/airflow/dags/fondue_dag.py
[2023-05-16T03:30:23.395+0000] {processor.py:809} INFO - DAG(s) dict_keys(['fondue_dag']) retrieved from /opt/airflow/dags/fondue_dag.py
[2023-05-16T03:30:23.431+0000] {logging_mixin.py:149} INFO - [2023-05-16T03:30:23.431+0000] {dag.py:2726} INFO - Sync 1 DAGs
[2023-05-16T03:30:23.461+0000] {logging_mixin.py:149} INFO - [2023-05-16T03:30:23.461+0000] {dag.py:3490} INFO - Setting next_dagrun for fondue_dag to 2023-05-09T00:00:00+00:00, run_after=2023-05-10T00:00:00+00:00
[2023-05-16T03:30:23.486+0000] {processor.py:178} INFO - Processing /opt/airflow/dags/fondue_dag.py took 0.122 seconds
[2023-05-16T03:30:53.574+0000] {processor.py:156} INFO - Started process (PID=237) to work on /opt/airflow/dags/fondue_dag.py
[2023-05-16T03:30:53.575+0000] {processor.py:799} INFO - Processing file /opt/airflow/dags/fondue_dag.py for tasks to queue
[2023-05-16T03:30:53.576+0000] {logging_mixin.py:149} INFO - [2023-05-16T03:30:53.576+0000] {dagbag.py:541} INFO - Filling up the DagBag from /opt/airflow/dags/fondue_dag.py
[2023-05-16T03:30:53.604+0000] {processor.py:809} INFO - DAG(s) dict_keys(['fondue_dag']) retrieved from /opt/airflow/dags/fondue_dag.py
[2023-05-16T03:30:53.628+0000] {logging_mixin.py:149} INFO - [2023-05-16T03:30:53.628+0000] {dag.py:2726} INFO - Sync 1 DAGs
[2023-05-16T03:30:53.655+0000] {logging_mixin.py:149} INFO - [2023-05-16T03:30:53.655+0000] {dag.py:3490} INFO - Setting next_dagrun for fondue_dag to 2023-05-09T00:00:00+00:00, run_after=2023-05-10T00:00:00+00:00
[2023-05-16T03:30:53.783+0000] {processor.py:178} INFO - Processing /opt/airflow/dags/fondue_dag.py took 0.211 seconds
[2023-05-16T03:31:23.917+0000] {processor.py:156} INFO - Started process (PID=250) to work on /opt/airflow/dags/fondue_dag.py
[2023-05-16T03:31:23.918+0000] {processor.py:799} INFO - Processing file /opt/airflow/dags/fondue_dag.py for tasks to queue
[2023-05-16T03:31:23.920+0000] {logging_mixin.py:149} INFO - [2023-05-16T03:31:23.919+0000] {dagbag.py:541} INFO - Filling up the DagBag from /opt/airflow/dags/fondue_dag.py
[2023-05-16T03:31:23.949+0000] {processor.py:809} INFO - DAG(s) dict_keys(['fondue_dag']) retrieved from /opt/airflow/dags/fondue_dag.py
[2023-05-16T03:31:23.972+0000] {logging_mixin.py:149} INFO - [2023-05-16T03:31:23.972+0000] {dag.py:2726} INFO - Sync 1 DAGs
[2023-05-16T03:31:24.086+0000] {logging_mixin.py:149} INFO - [2023-05-16T03:31:24.086+0000] {dag.py:3490} INFO - Setting next_dagrun for fondue_dag to 2023-05-09T00:00:00+00:00, run_after=2023-05-10T00:00:00+00:00
[2023-05-16T03:31:24.111+0000] {processor.py:178} INFO - Processing /opt/airflow/dags/fondue_dag.py took 0.196 seconds
[2023-05-16T03:31:54.193+0000] {processor.py:156} INFO - Started process (PID=262) to work on /opt/airflow/dags/fondue_dag.py
[2023-05-16T03:31:54.194+0000] {processor.py:799} INFO - Processing file /opt/airflow/dags/fondue_dag.py for tasks to queue
[2023-05-16T03:31:54.195+0000] {logging_mixin.py:149} INFO - [2023-05-16T03:31:54.194+0000] {dagbag.py:541} INFO - Filling up the DagBag from /opt/airflow/dags/fondue_dag.py
[2023-05-16T03:31:54.219+0000] {processor.py:809} INFO - DAG(s) dict_keys(['fondue_dag']) retrieved from /opt/airflow/dags/fondue_dag.py
[2023-05-16T03:31:54.244+0000] {logging_mixin.py:149} INFO - [2023-05-16T03:31:54.244+0000] {dag.py:2726} INFO - Sync 1 DAGs
[2023-05-16T03:31:54.356+0000] {logging_mixin.py:149} INFO - [2023-05-16T03:31:54.356+0000] {dag.py:3490} INFO - Setting next_dagrun for fondue_dag to 2023-05-09T00:00:00+00:00, run_after=2023-05-10T00:00:00+00:00
[2023-05-16T03:31:54.381+0000] {processor.py:178} INFO - Processing /opt/airflow/dags/fondue_dag.py took 0.190 seconds
[2023-05-16T03:32:24.541+0000] {processor.py:156} INFO - Started process (PID=274) to work on /opt/airflow/dags/fondue_dag.py
[2023-05-16T03:32:24.542+0000] {processor.py:799} INFO - Processing file /opt/airflow/dags/fondue_dag.py for tasks to queue
[2023-05-16T03:32:24.544+0000] {logging_mixin.py:149} INFO - [2023-05-16T03:32:24.543+0000] {dagbag.py:541} INFO - Filling up the DagBag from /opt/airflow/dags/fondue_dag.py
[2023-05-16T03:32:24.582+0000] {processor.py:809} INFO - DAG(s) dict_keys(['fondue_dag']) retrieved from /opt/airflow/dags/fondue_dag.py
[2023-05-16T03:32:24.741+0000] {logging_mixin.py:149} INFO - [2023-05-16T03:32:24.741+0000] {dag.py:2726} INFO - Sync 1 DAGs
[2023-05-16T03:32:24.774+0000] {logging_mixin.py:149} INFO - [2023-05-16T03:32:24.774+0000] {dag.py:3490} INFO - Setting next_dagrun for fondue_dag to 2023-05-09T00:00:00+00:00, run_after=2023-05-10T00:00:00+00:00
[2023-05-16T03:32:24.802+0000] {processor.py:178} INFO - Processing /opt/airflow/dags/fondue_dag.py took 0.264 seconds
[2023-05-16T03:32:54.901+0000] {processor.py:156} INFO - Started process (PID=287) to work on /opt/airflow/dags/fondue_dag.py
[2023-05-16T03:32:54.902+0000] {processor.py:799} INFO - Processing file /opt/airflow/dags/fondue_dag.py for tasks to queue
[2023-05-16T03:32:54.904+0000] {logging_mixin.py:149} INFO - [2023-05-16T03:32:54.904+0000] {dagbag.py:541} INFO - Filling up the DagBag from /opt/airflow/dags/fondue_dag.py
[2023-05-16T03:32:55.941+0000] {processor.py:809} INFO - DAG(s) dict_keys(['fondue_dag']) retrieved from /opt/airflow/dags/fondue_dag.py
[2023-05-16T03:32:55.964+0000] {logging_mixin.py:149} INFO - [2023-05-16T03:32:55.964+0000] {dag.py:2726} INFO - Sync 1 DAGs
[2023-05-16T03:32:55.997+0000] {logging_mixin.py:149} INFO - [2023-05-16T03:32:55.997+0000] {dag.py:3490} INFO - Setting next_dagrun for fondue_dag to 2023-05-09T00:00:00+00:00, run_after=2023-05-10T00:00:00+00:00
[2023-05-16T03:32:56.031+0000] {processor.py:178} INFO - Processing /opt/airflow/dags/fondue_dag.py took 1.132 seconds
[2023-05-16T03:35:01.532+0000] {processor.py:156} INFO - Started process (PID=164) to work on /opt/airflow/dags/fondue_dag.py
[2023-05-16T03:35:01.534+0000] {processor.py:799} INFO - Processing file /opt/airflow/dags/fondue_dag.py for tasks to queue
[2023-05-16T03:35:01.535+0000] {logging_mixin.py:149} INFO - [2023-05-16T03:35:01.535+0000] {dagbag.py:541} INFO - Filling up the DagBag from /opt/airflow/dags/fondue_dag.py
[2023-05-16T03:35:01.589+0000] {processor.py:809} INFO - DAG(s) dict_keys(['fondue_dag']) retrieved from /opt/airflow/dags/fondue_dag.py
[2023-05-16T03:35:01.773+0000] {logging_mixin.py:149} INFO - [2023-05-16T03:35:01.773+0000] {manager.py:504} INFO - Created Permission View: can edit on DAG:fondue_dag
[2023-05-16T03:35:01.786+0000] {logging_mixin.py:149} INFO - [2023-05-16T03:35:01.786+0000] {manager.py:504} INFO - Created Permission View: can read on DAG:fondue_dag
[2023-05-16T03:35:01.795+0000] {logging_mixin.py:149} INFO - [2023-05-16T03:35:01.795+0000] {manager.py:504} INFO - Created Permission View: can delete on DAG:fondue_dag
[2023-05-16T03:35:01.796+0000] {logging_mixin.py:149} INFO - [2023-05-16T03:35:01.796+0000] {dag.py:2726} INFO - Sync 1 DAGs
[2023-05-16T03:35:01.810+0000] {logging_mixin.py:149} INFO - [2023-05-16T03:35:01.810+0000] {dag.py:2747} INFO - Creating ORM DAG for fondue_dag
[2023-05-16T03:35:01.824+0000] {logging_mixin.py:149} INFO - [2023-05-16T03:35:01.823+0000] {dag.py:3490} INFO - Setting next_dagrun for fondue_dag to 2023-05-09T00:00:00+00:00, run_after=2023-05-10T00:00:00+00:00
[2023-05-16T03:35:01.951+0000] {processor.py:178} INFO - Processing /opt/airflow/dags/fondue_dag.py took 0.421 seconds
[2023-05-16T03:35:32.218+0000] {processor.py:156} INFO - Started process (PID=177) to work on /opt/airflow/dags/fondue_dag.py
[2023-05-16T03:35:32.219+0000] {processor.py:799} INFO - Processing file /opt/airflow/dags/fondue_dag.py for tasks to queue
[2023-05-16T03:35:32.221+0000] {logging_mixin.py:149} INFO - [2023-05-16T03:35:32.221+0000] {dagbag.py:541} INFO - Filling up the DagBag from /opt/airflow/dags/fondue_dag.py
[2023-05-16T03:35:32.250+0000] {processor.py:809} INFO - DAG(s) dict_keys(['fondue_dag']) retrieved from /opt/airflow/dags/fondue_dag.py
[2023-05-16T03:35:32.274+0000] {logging_mixin.py:149} INFO - [2023-05-16T03:35:32.274+0000] {dag.py:2726} INFO - Sync 1 DAGs
[2023-05-16T03:35:32.303+0000] {logging_mixin.py:149} INFO - [2023-05-16T03:35:32.303+0000] {dag.py:3490} INFO - Setting next_dagrun for fondue_dag to 2023-05-09T00:00:00+00:00, run_after=2023-05-10T00:00:00+00:00
[2023-05-16T03:35:32.336+0000] {processor.py:178} INFO - Processing /opt/airflow/dags/fondue_dag.py took 0.120 seconds
[2023-05-16T03:36:02.436+0000] {processor.py:156} INFO - Started process (PID=189) to work on /opt/airflow/dags/fondue_dag.py
[2023-05-16T03:36:02.437+0000] {processor.py:799} INFO - Processing file /opt/airflow/dags/fondue_dag.py for tasks to queue
[2023-05-16T03:36:02.438+0000] {logging_mixin.py:149} INFO - [2023-05-16T03:36:02.438+0000] {dagbag.py:541} INFO - Filling up the DagBag from /opt/airflow/dags/fondue_dag.py
[2023-05-16T03:36:02.467+0000] {processor.py:809} INFO - DAG(s) dict_keys(['fondue_dag']) retrieved from /opt/airflow/dags/fondue_dag.py
[2023-05-16T03:36:02.493+0000] {logging_mixin.py:149} INFO - [2023-05-16T03:36:02.492+0000] {dag.py:2726} INFO - Sync 1 DAGs
[2023-05-16T03:36:02.520+0000] {logging_mixin.py:149} INFO - [2023-05-16T03:36:02.520+0000] {dag.py:3490} INFO - Setting next_dagrun for fondue_dag to 2023-05-09T00:00:00+00:00, run_after=2023-05-10T00:00:00+00:00
[2023-05-16T03:36:02.554+0000] {processor.py:178} INFO - Processing /opt/airflow/dags/fondue_dag.py took 0.120 seconds
[2023-05-16T03:36:32.792+0000] {processor.py:156} INFO - Started process (PID=201) to work on /opt/airflow/dags/fondue_dag.py
[2023-05-16T03:36:32.793+0000] {processor.py:799} INFO - Processing file /opt/airflow/dags/fondue_dag.py for tasks to queue
[2023-05-16T03:36:32.794+0000] {logging_mixin.py:149} INFO - [2023-05-16T03:36:32.794+0000] {dagbag.py:541} INFO - Filling up the DagBag from /opt/airflow/dags/fondue_dag.py
[2023-05-16T03:36:32.823+0000] {processor.py:809} INFO - DAG(s) dict_keys(['fondue_dag']) retrieved from /opt/airflow/dags/fondue_dag.py
[2023-05-16T03:36:32.846+0000] {logging_mixin.py:149} INFO - [2023-05-16T03:36:32.845+0000] {dag.py:2726} INFO - Sync 1 DAGs
[2023-05-16T03:36:32.872+0000] {logging_mixin.py:149} INFO - [2023-05-16T03:36:32.872+0000] {dag.py:3490} INFO - Setting next_dagrun for fondue_dag to 2023-05-09T00:00:00+00:00, run_after=2023-05-10T00:00:00+00:00
[2023-05-16T03:36:32.898+0000] {processor.py:178} INFO - Processing /opt/airflow/dags/fondue_dag.py took 0.108 seconds
[2023-05-16T03:37:03.025+0000] {processor.py:156} INFO - Started process (PID=213) to work on /opt/airflow/dags/fondue_dag.py
[2023-05-16T03:37:03.026+0000] {processor.py:799} INFO - Processing file /opt/airflow/dags/fondue_dag.py for tasks to queue
[2023-05-16T03:37:03.027+0000] {logging_mixin.py:149} INFO - [2023-05-16T03:37:03.027+0000] {dagbag.py:541} INFO - Filling up the DagBag from /opt/airflow/dags/fondue_dag.py
[2023-05-16T03:37:03.056+0000] {processor.py:809} INFO - DAG(s) dict_keys(['fondue_dag']) retrieved from /opt/airflow/dags/fondue_dag.py
[2023-05-16T03:37:03.080+0000] {logging_mixin.py:149} INFO - [2023-05-16T03:37:03.080+0000] {dag.py:2726} INFO - Sync 1 DAGs
[2023-05-16T03:37:03.108+0000] {logging_mixin.py:149} INFO - [2023-05-16T03:37:03.108+0000] {dag.py:3490} INFO - Setting next_dagrun for fondue_dag to 2023-05-09T00:00:00+00:00, run_after=2023-05-10T00:00:00+00:00
[2023-05-16T03:37:03.172+0000] {processor.py:178} INFO - Processing /opt/airflow/dags/fondue_dag.py took 0.149 seconds
[2023-05-16T03:37:33.360+0000] {processor.py:156} INFO - Started process (PID=225) to work on /opt/airflow/dags/fondue_dag.py
[2023-05-16T03:37:33.361+0000] {processor.py:799} INFO - Processing file /opt/airflow/dags/fondue_dag.py for tasks to queue
[2023-05-16T03:37:33.363+0000] {logging_mixin.py:149} INFO - [2023-05-16T03:37:33.362+0000] {dagbag.py:541} INFO - Filling up the DagBag from /opt/airflow/dags/fondue_dag.py
[2023-05-16T03:37:33.391+0000] {processor.py:809} INFO - DAG(s) dict_keys(['fondue_dag']) retrieved from /opt/airflow/dags/fondue_dag.py
[2023-05-16T03:37:33.416+0000] {logging_mixin.py:149} INFO - [2023-05-16T03:37:33.415+0000] {dag.py:2726} INFO - Sync 1 DAGs
[2023-05-16T03:37:33.444+0000] {logging_mixin.py:149} INFO - [2023-05-16T03:37:33.444+0000] {dag.py:3490} INFO - Setting next_dagrun for fondue_dag to 2023-05-09T00:00:00+00:00, run_after=2023-05-10T00:00:00+00:00
[2023-05-16T03:37:33.481+0000] {processor.py:178} INFO - Processing /opt/airflow/dags/fondue_dag.py took 0.123 seconds
[2023-05-16T03:38:03.611+0000] {processor.py:156} INFO - Started process (PID=238) to work on /opt/airflow/dags/fondue_dag.py
[2023-05-16T03:38:03.612+0000] {processor.py:799} INFO - Processing file /opt/airflow/dags/fondue_dag.py for tasks to queue
[2023-05-16T03:38:03.613+0000] {logging_mixin.py:149} INFO - [2023-05-16T03:38:03.613+0000] {dagbag.py:541} INFO - Filling up the DagBag from /opt/airflow/dags/fondue_dag.py
[2023-05-16T03:38:03.642+0000] {processor.py:809} INFO - DAG(s) dict_keys(['fondue_dag']) retrieved from /opt/airflow/dags/fondue_dag.py
[2023-05-16T03:38:03.666+0000] {logging_mixin.py:149} INFO - [2023-05-16T03:38:03.666+0000] {dag.py:2726} INFO - Sync 1 DAGs
[2023-05-16T03:38:03.694+0000] {logging_mixin.py:149} INFO - [2023-05-16T03:38:03.694+0000] {dag.py:3490} INFO - Setting next_dagrun for fondue_dag to 2023-05-09T00:00:00+00:00, run_after=2023-05-10T00:00:00+00:00
[2023-05-16T03:38:03.810+0000] {processor.py:178} INFO - Processing /opt/airflow/dags/fondue_dag.py took 0.201 seconds
[2023-05-16T03:38:33.918+0000] {processor.py:156} INFO - Started process (PID=256) to work on /opt/airflow/dags/fondue_dag.py
[2023-05-16T03:38:33.920+0000] {processor.py:799} INFO - Processing file /opt/airflow/dags/fondue_dag.py for tasks to queue
[2023-05-16T03:38:33.921+0000] {logging_mixin.py:149} INFO - [2023-05-16T03:38:33.920+0000] {dagbag.py:541} INFO - Filling up the DagBag from /opt/airflow/dags/fondue_dag.py
[2023-05-16T03:38:33.950+0000] {processor.py:809} INFO - DAG(s) dict_keys(['fondue_dag']) retrieved from /opt/airflow/dags/fondue_dag.py
[2023-05-16T03:38:33.975+0000] {logging_mixin.py:149} INFO - [2023-05-16T03:38:33.974+0000] {dag.py:2726} INFO - Sync 1 DAGs
[2023-05-16T03:38:34.106+0000] {logging_mixin.py:149} INFO - [2023-05-16T03:38:34.106+0000] {dag.py:3490} INFO - Setting next_dagrun for fondue_dag to 2023-05-09T00:00:00+00:00, run_after=2023-05-10T00:00:00+00:00
[2023-05-16T03:38:34.135+0000] {processor.py:178} INFO - Processing /opt/airflow/dags/fondue_dag.py took 0.219 seconds
[2023-05-16T03:39:04.249+0000] {processor.py:156} INFO - Started process (PID=268) to work on /opt/airflow/dags/fondue_dag.py
[2023-05-16T03:39:04.250+0000] {processor.py:799} INFO - Processing file /opt/airflow/dags/fondue_dag.py for tasks to queue
[2023-05-16T03:39:04.251+0000] {logging_mixin.py:149} INFO - [2023-05-16T03:39:04.251+0000] {dagbag.py:541} INFO - Filling up the DagBag from /opt/airflow/dags/fondue_dag.py
[2023-05-16T03:39:04.286+0000] {processor.py:809} INFO - DAG(s) dict_keys(['fondue_dag']) retrieved from /opt/airflow/dags/fondue_dag.py
[2023-05-16T03:39:04.315+0000] {logging_mixin.py:149} INFO - [2023-05-16T03:39:04.315+0000] {dag.py:2726} INFO - Sync 1 DAGs
[2023-05-16T03:39:04.450+0000] {logging_mixin.py:149} INFO - [2023-05-16T03:39:04.450+0000] {dag.py:3490} INFO - Setting next_dagrun for fondue_dag to 2023-05-09T00:00:00+00:00, run_after=2023-05-10T00:00:00+00:00
[2023-05-16T03:39:04.475+0000] {processor.py:178} INFO - Processing /opt/airflow/dags/fondue_dag.py took 0.229 seconds
[2023-05-16T03:39:34.542+0000] {processor.py:156} INFO - Started process (PID=280) to work on /opt/airflow/dags/fondue_dag.py
[2023-05-16T03:39:34.544+0000] {processor.py:799} INFO - Processing file /opt/airflow/dags/fondue_dag.py for tasks to queue
[2023-05-16T03:39:34.545+0000] {logging_mixin.py:149} INFO - [2023-05-16T03:39:34.545+0000] {dagbag.py:541} INFO - Filling up the DagBag from /opt/airflow/dags/fondue_dag.py
[2023-05-16T03:39:34.577+0000] {processor.py:809} INFO - DAG(s) dict_keys(['fondue_dag']) retrieved from /opt/airflow/dags/fondue_dag.py
[2023-05-16T03:39:34.696+0000] {logging_mixin.py:149} INFO - [2023-05-16T03:39:34.696+0000] {dag.py:2726} INFO - Sync 1 DAGs
[2023-05-16T03:39:34.723+0000] {logging_mixin.py:149} INFO - [2023-05-16T03:39:34.723+0000] {dag.py:3490} INFO - Setting next_dagrun for fondue_dag to 2023-05-09T00:00:00+00:00, run_after=2023-05-10T00:00:00+00:00
[2023-05-16T03:39:34.747+0000] {processor.py:178} INFO - Processing /opt/airflow/dags/fondue_dag.py took 0.207 seconds
[2023-05-16T03:40:04.963+0000] {processor.py:156} INFO - Started process (PID=293) to work on /opt/airflow/dags/fondue_dag.py
[2023-05-16T03:40:04.964+0000] {processor.py:799} INFO - Processing file /opt/airflow/dags/fondue_dag.py for tasks to queue
[2023-05-16T03:40:04.965+0000] {logging_mixin.py:149} INFO - [2023-05-16T03:40:04.965+0000] {dagbag.py:541} INFO - Filling up the DagBag from /opt/airflow/dags/fondue_dag.py
[2023-05-16T03:40:05.087+0000] {processor.py:809} INFO - DAG(s) dict_keys(['fondue_dag']) retrieved from /opt/airflow/dags/fondue_dag.py
[2023-05-16T03:40:05.110+0000] {logging_mixin.py:149} INFO - [2023-05-16T03:40:05.109+0000] {dag.py:2726} INFO - Sync 1 DAGs
[2023-05-16T03:40:05.135+0000] {logging_mixin.py:149} INFO - [2023-05-16T03:40:05.135+0000] {dag.py:3490} INFO - Setting next_dagrun for fondue_dag to 2023-05-09T00:00:00+00:00, run_after=2023-05-10T00:00:00+00:00
[2023-05-16T03:40:05.159+0000] {processor.py:178} INFO - Processing /opt/airflow/dags/fondue_dag.py took 0.198 seconds
[2023-05-16T03:40:35.509+0000] {processor.py:156} INFO - Started process (PID=305) to work on /opt/airflow/dags/fondue_dag.py
[2023-05-16T03:40:35.511+0000] {processor.py:799} INFO - Processing file /opt/airflow/dags/fondue_dag.py for tasks to queue
[2023-05-16T03:40:35.512+0000] {logging_mixin.py:149} INFO - [2023-05-16T03:40:35.512+0000] {dagbag.py:541} INFO - Filling up the DagBag from /opt/airflow/dags/fondue_dag.py
[2023-05-16T03:40:35.541+0000] {processor.py:809} INFO - DAG(s) dict_keys(['fondue_dag']) retrieved from /opt/airflow/dags/fondue_dag.py
[2023-05-16T03:40:35.567+0000] {logging_mixin.py:149} INFO - [2023-05-16T03:40:35.567+0000] {dag.py:2726} INFO - Sync 1 DAGs
[2023-05-16T03:40:35.592+0000] {logging_mixin.py:149} INFO - [2023-05-16T03:40:35.591+0000] {dag.py:3490} INFO - Setting next_dagrun for fondue_dag to 2023-05-09T00:00:00+00:00, run_after=2023-05-10T00:00:00+00:00
[2023-05-16T03:40:35.619+0000] {processor.py:178} INFO - Processing /opt/airflow/dags/fondue_dag.py took 0.112 seconds
[2023-05-16T03:41:05.710+0000] {processor.py:156} INFO - Started process (PID=318) to work on /opt/airflow/dags/fondue_dag.py
[2023-05-16T03:41:05.711+0000] {processor.py:799} INFO - Processing file /opt/airflow/dags/fondue_dag.py for tasks to queue
[2023-05-16T03:41:05.712+0000] {logging_mixin.py:149} INFO - [2023-05-16T03:41:05.712+0000] {dagbag.py:541} INFO - Filling up the DagBag from /opt/airflow/dags/fondue_dag.py
[2023-05-16T03:41:05.742+0000] {processor.py:809} INFO - DAG(s) dict_keys(['fondue_dag']) retrieved from /opt/airflow/dags/fondue_dag.py
[2023-05-16T03:41:05.766+0000] {logging_mixin.py:149} INFO - [2023-05-16T03:41:05.766+0000] {dag.py:2726} INFO - Sync 1 DAGs
[2023-05-16T03:41:05.795+0000] {logging_mixin.py:149} INFO - [2023-05-16T03:41:05.795+0000] {dag.py:3490} INFO - Setting next_dagrun for fondue_dag to 2023-05-09T00:00:00+00:00, run_after=2023-05-10T00:00:00+00:00
[2023-05-16T03:41:05.820+0000] {processor.py:178} INFO - Processing /opt/airflow/dags/fondue_dag.py took 0.113 seconds
[2023-05-16T03:41:36.028+0000] {processor.py:156} INFO - Started process (PID=330) to work on /opt/airflow/dags/fondue_dag.py
[2023-05-16T03:41:36.029+0000] {processor.py:799} INFO - Processing file /opt/airflow/dags/fondue_dag.py for tasks to queue
[2023-05-16T03:41:36.030+0000] {logging_mixin.py:149} INFO - [2023-05-16T03:41:36.030+0000] {dagbag.py:541} INFO - Filling up the DagBag from /opt/airflow/dags/fondue_dag.py
[2023-05-16T03:41:36.062+0000] {processor.py:809} INFO - DAG(s) dict_keys(['fondue_dag']) retrieved from /opt/airflow/dags/fondue_dag.py
[2023-05-16T03:41:36.086+0000] {logging_mixin.py:149} INFO - [2023-05-16T03:41:36.086+0000] {dag.py:2726} INFO - Sync 1 DAGs
[2023-05-16T03:41:36.114+0000] {logging_mixin.py:149} INFO - [2023-05-16T03:41:36.114+0000] {dag.py:3490} INFO - Setting next_dagrun for fondue_dag to 2023-05-09T00:00:00+00:00, run_after=2023-05-10T00:00:00+00:00
[2023-05-16T03:41:36.139+0000] {processor.py:178} INFO - Processing /opt/airflow/dags/fondue_dag.py took 0.112 seconds
[2023-05-16T03:42:06.260+0000] {processor.py:156} INFO - Started process (PID=342) to work on /opt/airflow/dags/fondue_dag.py
[2023-05-16T03:42:06.261+0000] {processor.py:799} INFO - Processing file /opt/airflow/dags/fondue_dag.py for tasks to queue
[2023-05-16T03:42:06.263+0000] {logging_mixin.py:149} INFO - [2023-05-16T03:42:06.263+0000] {dagbag.py:541} INFO - Filling up the DagBag from /opt/airflow/dags/fondue_dag.py
[2023-05-16T03:42:06.295+0000] {processor.py:809} INFO - DAG(s) dict_keys(['fondue_dag']) retrieved from /opt/airflow/dags/fondue_dag.py
[2023-05-16T03:42:06.321+0000] {logging_mixin.py:149} INFO - [2023-05-16T03:42:06.320+0000] {dag.py:2726} INFO - Sync 1 DAGs
[2023-05-16T03:42:06.351+0000] {logging_mixin.py:149} INFO - [2023-05-16T03:42:06.351+0000] {dag.py:3490} INFO - Setting next_dagrun for fondue_dag to 2023-05-09T00:00:00+00:00, run_after=2023-05-10T00:00:00+00:00
[2023-05-16T03:42:06.378+0000] {processor.py:178} INFO - Processing /opt/airflow/dags/fondue_dag.py took 0.120 seconds
[2023-05-16T03:42:36.581+0000] {processor.py:156} INFO - Started process (PID=355) to work on /opt/airflow/dags/fondue_dag.py
[2023-05-16T03:42:36.582+0000] {processor.py:799} INFO - Processing file /opt/airflow/dags/fondue_dag.py for tasks to queue
[2023-05-16T03:42:36.584+0000] {logging_mixin.py:149} INFO - [2023-05-16T03:42:36.583+0000] {dagbag.py:541} INFO - Filling up the DagBag from /opt/airflow/dags/fondue_dag.py
[2023-05-16T03:42:36.618+0000] {processor.py:809} INFO - DAG(s) dict_keys(['fondue_dag']) retrieved from /opt/airflow/dags/fondue_dag.py
[2023-05-16T03:42:36.699+0000] {logging_mixin.py:149} INFO - [2023-05-16T03:42:36.699+0000] {dag.py:2726} INFO - Sync 1 DAGs
[2023-05-16T03:42:36.730+0000] {logging_mixin.py:149} INFO - [2023-05-16T03:42:36.730+0000] {dag.py:3490} INFO - Setting next_dagrun for fondue_dag to 2023-05-09T00:00:00+00:00, run_after=2023-05-10T00:00:00+00:00
[2023-05-16T03:42:36.755+0000] {processor.py:178} INFO - Processing /opt/airflow/dags/fondue_dag.py took 0.176 seconds
[2023-05-16T03:43:06.810+0000] {processor.py:156} INFO - Started process (PID=367) to work on /opt/airflow/dags/fondue_dag.py
[2023-05-16T03:43:06.810+0000] {processor.py:799} INFO - Processing file /opt/airflow/dags/fondue_dag.py for tasks to queue
[2023-05-16T03:43:06.811+0000] {logging_mixin.py:149} INFO - [2023-05-16T03:43:06.811+0000] {dagbag.py:541} INFO - Filling up the DagBag from /opt/airflow/dags/fondue_dag.py
[2023-05-16T03:43:06.839+0000] {processor.py:809} INFO - DAG(s) dict_keys(['fondue_dag']) retrieved from /opt/airflow/dags/fondue_dag.py
[2023-05-16T03:43:06.863+0000] {logging_mixin.py:149} INFO - [2023-05-16T03:43:06.863+0000] {dag.py:2726} INFO - Sync 1 DAGs
[2023-05-16T03:43:06.890+0000] {logging_mixin.py:149} INFO - [2023-05-16T03:43:06.890+0000] {dag.py:3490} INFO - Setting next_dagrun for fondue_dag to 2023-05-09T00:00:00+00:00, run_after=2023-05-10T00:00:00+00:00
[2023-05-16T03:43:06.926+0000] {processor.py:178} INFO - Processing /opt/airflow/dags/fondue_dag.py took 0.119 seconds
[2023-05-16T03:43:37.037+0000] {processor.py:156} INFO - Started process (PID=379) to work on /opt/airflow/dags/fondue_dag.py
[2023-05-16T03:43:37.038+0000] {processor.py:799} INFO - Processing file /opt/airflow/dags/fondue_dag.py for tasks to queue
[2023-05-16T03:43:37.039+0000] {logging_mixin.py:149} INFO - [2023-05-16T03:43:37.039+0000] {dagbag.py:541} INFO - Filling up the DagBag from /opt/airflow/dags/fondue_dag.py
[2023-05-16T03:43:37.066+0000] {processor.py:809} INFO - DAG(s) dict_keys(['fondue_dag']) retrieved from /opt/airflow/dags/fondue_dag.py
[2023-05-16T03:43:37.090+0000] {logging_mixin.py:149} INFO - [2023-05-16T03:43:37.090+0000] {dag.py:2726} INFO - Sync 1 DAGs
[2023-05-16T03:43:37.118+0000] {logging_mixin.py:149} INFO - [2023-05-16T03:43:37.118+0000] {dag.py:3490} INFO - Setting next_dagrun for fondue_dag to 2023-05-09T00:00:00+00:00, run_after=2023-05-10T00:00:00+00:00
[2023-05-16T03:43:37.145+0000] {processor.py:178} INFO - Processing /opt/airflow/dags/fondue_dag.py took 0.110 seconds
[2023-05-16T03:44:07.384+0000] {processor.py:156} INFO - Started process (PID=455) to work on /opt/airflow/dags/fondue_dag.py
[2023-05-16T03:44:07.385+0000] {processor.py:799} INFO - Processing file /opt/airflow/dags/fondue_dag.py for tasks to queue
[2023-05-16T03:44:07.387+0000] {logging_mixin.py:149} INFO - [2023-05-16T03:44:07.387+0000] {dagbag.py:541} INFO - Filling up the DagBag from /opt/airflow/dags/fondue_dag.py
[2023-05-16T03:44:07.430+0000] {processor.py:809} INFO - DAG(s) dict_keys(['fondue_dag']) retrieved from /opt/airflow/dags/fondue_dag.py
[2023-05-16T03:44:07.459+0000] {logging_mixin.py:149} INFO - [2023-05-16T03:44:07.459+0000] {dag.py:2726} INFO - Sync 1 DAGs
[2023-05-16T03:44:07.493+0000] {logging_mixin.py:149} INFO - [2023-05-16T03:44:07.493+0000] {dag.py:3490} INFO - Setting next_dagrun for fondue_dag to 2023-05-09T00:00:00+00:00, run_after=2023-05-10T00:00:00+00:00
[2023-05-16T03:44:07.537+0000] {processor.py:178} INFO - Processing /opt/airflow/dags/fondue_dag.py took 0.156 seconds
[2023-05-16T04:11:44.569+0000] {processor.py:156} INFO - Started process (PID=164) to work on /opt/airflow/dags/fondue_dag.py
[2023-05-16T04:11:44.571+0000] {processor.py:799} INFO - Processing file /opt/airflow/dags/fondue_dag.py for tasks to queue
[2023-05-16T04:11:44.572+0000] {logging_mixin.py:149} INFO - [2023-05-16T04:11:44.572+0000] {dagbag.py:541} INFO - Filling up the DagBag from /opt/airflow/dags/fondue_dag.py
[2023-05-16T04:11:44.623+0000] {processor.py:809} INFO - DAG(s) dict_keys(['fondue_dag']) retrieved from /opt/airflow/dags/fondue_dag.py
[2023-05-16T04:11:44.854+0000] {logging_mixin.py:149} INFO - [2023-05-16T04:11:44.853+0000] {manager.py:504} INFO - Created Permission View: can edit on DAG:fondue_dag
[2023-05-16T04:11:44.867+0000] {logging_mixin.py:149} INFO - [2023-05-16T04:11:44.867+0000] {manager.py:504} INFO - Created Permission View: can delete on DAG:fondue_dag
[2023-05-16T04:11:44.879+0000] {logging_mixin.py:149} INFO - [2023-05-16T04:11:44.879+0000] {manager.py:504} INFO - Created Permission View: can read on DAG:fondue_dag
[2023-05-16T04:11:44.880+0000] {logging_mixin.py:149} INFO - [2023-05-16T04:11:44.880+0000] {dag.py:2726} INFO - Sync 1 DAGs
[2023-05-16T04:11:44.895+0000] {logging_mixin.py:149} INFO - [2023-05-16T04:11:44.895+0000] {dag.py:2747} INFO - Creating ORM DAG for fondue_dag
[2023-05-16T04:11:44.910+0000] {logging_mixin.py:149} INFO - [2023-05-16T04:11:44.910+0000] {dag.py:3490} INFO - Setting next_dagrun for fondue_dag to 2023-05-09T00:00:00+00:00, run_after=2023-05-10T00:00:00+00:00
[2023-05-16T04:11:45.048+0000] {processor.py:178} INFO - Processing /opt/airflow/dags/fondue_dag.py took 0.481 seconds
[2023-05-16T04:12:15.283+0000] {processor.py:156} INFO - Started process (PID=176) to work on /opt/airflow/dags/fondue_dag.py
[2023-05-16T04:12:15.284+0000] {processor.py:799} INFO - Processing file /opt/airflow/dags/fondue_dag.py for tasks to queue
[2023-05-16T04:12:15.285+0000] {logging_mixin.py:149} INFO - [2023-05-16T04:12:15.285+0000] {dagbag.py:541} INFO - Filling up the DagBag from /opt/airflow/dags/fondue_dag.py
[2023-05-16T04:12:15.316+0000] {processor.py:809} INFO - DAG(s) dict_keys(['fondue_dag']) retrieved from /opt/airflow/dags/fondue_dag.py
[2023-05-16T04:12:15.343+0000] {logging_mixin.py:149} INFO - [2023-05-16T04:12:15.343+0000] {dag.py:2726} INFO - Sync 1 DAGs
[2023-05-16T04:12:15.375+0000] {logging_mixin.py:149} INFO - [2023-05-16T04:12:15.374+0000] {dag.py:3490} INFO - Setting next_dagrun for fondue_dag to 2023-05-09T00:00:00+00:00, run_after=2023-05-10T00:00:00+00:00
[2023-05-16T04:12:15.414+0000] {processor.py:178} INFO - Processing /opt/airflow/dags/fondue_dag.py took 0.133 seconds
[2023-05-16T04:12:44.499+0000] {processor.py:156} INFO - Started process (PID=188) to work on /opt/airflow/dags/fondue_dag.py
[2023-05-16T04:12:44.500+0000] {processor.py:799} INFO - Processing file /opt/airflow/dags/fondue_dag.py for tasks to queue
[2023-05-16T04:12:44.501+0000] {logging_mixin.py:149} INFO - [2023-05-16T04:12:44.501+0000] {dagbag.py:541} INFO - Filling up the DagBag from /opt/airflow/dags/fondue_dag.py
[2023-05-16T04:12:45.841+0000] {processor.py:809} INFO - DAG(s) dict_keys(['fondue_dag']) retrieved from /opt/airflow/dags/fondue_dag.py
[2023-05-16T04:12:45.899+0000] {logging_mixin.py:149} INFO - [2023-05-16T04:12:45.898+0000] {dag.py:2726} INFO - Sync 1 DAGs
[2023-05-16T04:12:45.924+0000] {logging_mixin.py:149} INFO - [2023-05-16T04:12:45.924+0000] {dag.py:3490} INFO - Setting next_dagrun for fondue_dag to 2023-05-09T00:00:00+00:00, run_after=2023-05-10T00:00:00+00:00
[2023-05-16T04:12:45.959+0000] {processor.py:178} INFO - Processing /opt/airflow/dags/fondue_dag.py took 1.462 seconds
[2023-05-16T04:13:16.208+0000] {processor.py:156} INFO - Started process (PID=209) to work on /opt/airflow/dags/fondue_dag.py
[2023-05-16T04:13:16.209+0000] {processor.py:799} INFO - Processing file /opt/airflow/dags/fondue_dag.py for tasks to queue
[2023-05-16T04:13:16.210+0000] {logging_mixin.py:149} INFO - [2023-05-16T04:13:16.210+0000] {dagbag.py:541} INFO - Filling up the DagBag from /opt/airflow/dags/fondue_dag.py
[2023-05-16T04:13:16.727+0000] {processor.py:809} INFO - DAG(s) dict_keys(['fondue_dag']) retrieved from /opt/airflow/dags/fondue_dag.py
[2023-05-16T04:13:16.749+0000] {logging_mixin.py:149} INFO - [2023-05-16T04:13:16.749+0000] {dag.py:2726} INFO - Sync 1 DAGs
[2023-05-16T04:13:16.776+0000] {logging_mixin.py:149} INFO - [2023-05-16T04:13:16.775+0000] {dag.py:3490} INFO - Setting next_dagrun for fondue_dag to 2023-05-09T00:00:00+00:00, run_after=2023-05-10T00:00:00+00:00
[2023-05-16T04:13:16.810+0000] {processor.py:178} INFO - Processing /opt/airflow/dags/fondue_dag.py took 0.604 seconds
[2023-05-16T04:13:47.061+0000] {processor.py:156} INFO - Started process (PID=229) to work on /opt/airflow/dags/fondue_dag.py
[2023-05-16T04:13:47.062+0000] {processor.py:799} INFO - Processing file /opt/airflow/dags/fondue_dag.py for tasks to queue
[2023-05-16T04:13:47.063+0000] {logging_mixin.py:149} INFO - [2023-05-16T04:13:47.063+0000] {dagbag.py:541} INFO - Filling up the DagBag from /opt/airflow/dags/fondue_dag.py
[2023-05-16T04:13:47.579+0000] {processor.py:809} INFO - DAG(s) dict_keys(['fondue_dag']) retrieved from /opt/airflow/dags/fondue_dag.py
[2023-05-16T04:13:47.602+0000] {logging_mixin.py:149} INFO - [2023-05-16T04:13:47.601+0000] {dag.py:2726} INFO - Sync 1 DAGs
[2023-05-16T04:13:47.628+0000] {logging_mixin.py:149} INFO - [2023-05-16T04:13:47.628+0000] {dag.py:3490} INFO - Setting next_dagrun for fondue_dag to 2023-05-09T00:00:00+00:00, run_after=2023-05-10T00:00:00+00:00
[2023-05-16T04:13:47.652+0000] {processor.py:178} INFO - Processing /opt/airflow/dags/fondue_dag.py took 0.593 seconds
[2023-05-16T04:14:17.893+0000] {processor.py:156} INFO - Started process (PID=249) to work on /opt/airflow/dags/fondue_dag.py
[2023-05-16T04:14:17.894+0000] {processor.py:799} INFO - Processing file /opt/airflow/dags/fondue_dag.py for tasks to queue
[2023-05-16T04:14:17.895+0000] {logging_mixin.py:149} INFO - [2023-05-16T04:14:17.895+0000] {dagbag.py:541} INFO - Filling up the DagBag from /opt/airflow/dags/fondue_dag.py
[2023-05-16T04:14:18.570+0000] {processor.py:809} INFO - DAG(s) dict_keys(['fondue_dag']) retrieved from /opt/airflow/dags/fondue_dag.py
[2023-05-16T04:14:18.607+0000] {logging_mixin.py:149} INFO - [2023-05-16T04:14:18.607+0000] {dag.py:2726} INFO - Sync 1 DAGs
[2023-05-16T04:14:18.639+0000] {logging_mixin.py:149} INFO - [2023-05-16T04:14:18.639+0000] {dag.py:3490} INFO - Setting next_dagrun for fondue_dag to 2023-05-09T00:00:00+00:00, run_after=2023-05-10T00:00:00+00:00
[2023-05-16T04:14:18.667+0000] {processor.py:178} INFO - Processing /opt/airflow/dags/fondue_dag.py took 0.776 seconds
[2023-05-16T04:14:48.822+0000] {processor.py:156} INFO - Started process (PID=269) to work on /opt/airflow/dags/fondue_dag.py
[2023-05-16T04:14:48.823+0000] {processor.py:799} INFO - Processing file /opt/airflow/dags/fondue_dag.py for tasks to queue
[2023-05-16T04:14:48.825+0000] {logging_mixin.py:149} INFO - [2023-05-16T04:14:48.825+0000] {dagbag.py:541} INFO - Filling up the DagBag from /opt/airflow/dags/fondue_dag.py
[2023-05-16T04:14:49.416+0000] {processor.py:809} INFO - DAG(s) dict_keys(['fondue_dag']) retrieved from /opt/airflow/dags/fondue_dag.py
[2023-05-16T04:14:49.437+0000] {logging_mixin.py:149} INFO - [2023-05-16T04:14:49.437+0000] {dag.py:2726} INFO - Sync 1 DAGs
[2023-05-16T04:14:49.465+0000] {logging_mixin.py:149} INFO - [2023-05-16T04:14:49.465+0000] {dag.py:3490} INFO - Setting next_dagrun for fondue_dag to 2023-05-09T00:00:00+00:00, run_after=2023-05-10T00:00:00+00:00
[2023-05-16T04:14:49.488+0000] {processor.py:178} INFO - Processing /opt/airflow/dags/fondue_dag.py took 0.668 seconds
[2023-05-16T04:15:19.802+0000] {processor.py:156} INFO - Started process (PID=450) to work on /opt/airflow/dags/fondue_dag.py
[2023-05-16T04:15:19.803+0000] {processor.py:799} INFO - Processing file /opt/airflow/dags/fondue_dag.py for tasks to queue
[2023-05-16T04:15:19.805+0000] {logging_mixin.py:149} INFO - [2023-05-16T04:15:19.805+0000] {dagbag.py:541} INFO - Filling up the DagBag from /opt/airflow/dags/fondue_dag.py
[2023-05-16T04:15:20.528+0000] {processor.py:809} INFO - DAG(s) dict_keys(['fondue_dag']) retrieved from /opt/airflow/dags/fondue_dag.py
[2023-05-16T04:15:20.553+0000] {logging_mixin.py:149} INFO - [2023-05-16T04:15:20.552+0000] {dag.py:2726} INFO - Sync 1 DAGs
[2023-05-16T04:15:20.581+0000] {logging_mixin.py:149} INFO - [2023-05-16T04:15:20.581+0000] {dag.py:3490} INFO - Setting next_dagrun for fondue_dag to 2023-05-16T00:00:00+00:00, run_after=2023-05-17T00:00:00+00:00
[2023-05-16T04:15:20.607+0000] {processor.py:178} INFO - Processing /opt/airflow/dags/fondue_dag.py took 0.808 seconds
[2023-05-16T04:15:50.836+0000] {processor.py:156} INFO - Started process (PID=470) to work on /opt/airflow/dags/fondue_dag.py
[2023-05-16T04:15:50.837+0000] {processor.py:799} INFO - Processing file /opt/airflow/dags/fondue_dag.py for tasks to queue
[2023-05-16T04:15:50.838+0000] {logging_mixin.py:149} INFO - [2023-05-16T04:15:50.838+0000] {dagbag.py:541} INFO - Filling up the DagBag from /opt/airflow/dags/fondue_dag.py
[2023-05-16T04:15:51.398+0000] {processor.py:809} INFO - DAG(s) dict_keys(['fondue_dag']) retrieved from /opt/airflow/dags/fondue_dag.py
[2023-05-16T04:15:51.420+0000] {logging_mixin.py:149} INFO - [2023-05-16T04:15:51.419+0000] {dag.py:2726} INFO - Sync 1 DAGs
[2023-05-16T04:15:51.448+0000] {logging_mixin.py:149} INFO - [2023-05-16T04:15:51.448+0000] {dag.py:3490} INFO - Setting next_dagrun for fondue_dag to 2023-05-16T00:00:00+00:00, run_after=2023-05-17T00:00:00+00:00
[2023-05-16T04:15:51.469+0000] {processor.py:178} INFO - Processing /opt/airflow/dags/fondue_dag.py took 0.635 seconds
[2023-05-16T04:16:09.623+0000] {processor.py:156} INFO - Started process (PID=490) to work on /opt/airflow/dags/fondue_dag.py
[2023-05-16T04:16:09.625+0000] {processor.py:799} INFO - Processing file /opt/airflow/dags/fondue_dag.py for tasks to queue
[2023-05-16T04:16:09.626+0000] {logging_mixin.py:149} INFO - [2023-05-16T04:16:09.626+0000] {dagbag.py:541} INFO - Filling up the DagBag from /opt/airflow/dags/fondue_dag.py
[2023-05-16T04:16:10.253+0000] {processor.py:809} INFO - DAG(s) dict_keys(['fondue_dag']) retrieved from /opt/airflow/dags/fondue_dag.py
[2023-05-16T04:16:10.322+0000] {logging_mixin.py:149} INFO - [2023-05-16T04:16:10.322+0000] {dag.py:2726} INFO - Sync 1 DAGs
[2023-05-16T04:16:10.349+0000] {logging_mixin.py:149} INFO - [2023-05-16T04:16:10.349+0000] {dag.py:3490} INFO - Setting next_dagrun for fondue_dag to 2023-05-16T00:00:00+00:00, run_after=2023-05-17T00:00:00+00:00
[2023-05-16T04:16:10.383+0000] {processor.py:178} INFO - Processing /opt/airflow/dags/fondue_dag.py took 0.763 seconds
[2023-05-16T04:16:40.628+0000] {processor.py:156} INFO - Started process (PID=530) to work on /opt/airflow/dags/fondue_dag.py
[2023-05-16T04:16:40.630+0000] {processor.py:799} INFO - Processing file /opt/airflow/dags/fondue_dag.py for tasks to queue
[2023-05-16T04:16:40.631+0000] {logging_mixin.py:149} INFO - [2023-05-16T04:16:40.631+0000] {dagbag.py:541} INFO - Filling up the DagBag from /opt/airflow/dags/fondue_dag.py
[2023-05-16T04:16:41.166+0000] {processor.py:809} INFO - DAG(s) dict_keys(['fondue_dag']) retrieved from /opt/airflow/dags/fondue_dag.py
[2023-05-16T04:16:41.188+0000] {logging_mixin.py:149} INFO - [2023-05-16T04:16:41.187+0000] {dag.py:2726} INFO - Sync 1 DAGs
[2023-05-16T04:16:41.215+0000] {logging_mixin.py:149} INFO - [2023-05-16T04:16:41.214+0000] {dag.py:3490} INFO - Setting next_dagrun for fondue_dag to 2023-05-16T00:00:00+00:00, run_after=2023-05-17T00:00:00+00:00
[2023-05-16T04:16:41.241+0000] {processor.py:178} INFO - Processing /opt/airflow/dags/fondue_dag.py took 0.615 seconds
[2023-05-16T04:17:11.580+0000] {processor.py:156} INFO - Started process (PID=550) to work on /opt/airflow/dags/fondue_dag.py
[2023-05-16T04:17:11.581+0000] {processor.py:799} INFO - Processing file /opt/airflow/dags/fondue_dag.py for tasks to queue
[2023-05-16T04:17:11.583+0000] {logging_mixin.py:149} INFO - [2023-05-16T04:17:11.582+0000] {dagbag.py:541} INFO - Filling up the DagBag from /opt/airflow/dags/fondue_dag.py
[2023-05-16T04:17:12.152+0000] {processor.py:809} INFO - DAG(s) dict_keys(['fondue_dag']) retrieved from /opt/airflow/dags/fondue_dag.py
[2023-05-16T04:17:12.177+0000] {logging_mixin.py:149} INFO - [2023-05-16T04:17:12.176+0000] {dag.py:2726} INFO - Sync 1 DAGs
[2023-05-16T04:17:12.205+0000] {logging_mixin.py:149} INFO - [2023-05-16T04:17:12.205+0000] {dag.py:3490} INFO - Setting next_dagrun for fondue_dag to 2023-05-16T00:00:00+00:00, run_after=2023-05-17T00:00:00+00:00
[2023-05-16T04:17:12.231+0000] {processor.py:178} INFO - Processing /opt/airflow/dags/fondue_dag.py took 0.654 seconds
[2023-05-16T04:17:42.315+0000] {processor.py:156} INFO - Started process (PID=570) to work on /opt/airflow/dags/fondue_dag.py
[2023-05-16T04:17:42.316+0000] {processor.py:799} INFO - Processing file /opt/airflow/dags/fondue_dag.py for tasks to queue
[2023-05-16T04:17:42.317+0000] {logging_mixin.py:149} INFO - [2023-05-16T04:17:42.317+0000] {dagbag.py:541} INFO - Filling up the DagBag from /opt/airflow/dags/fondue_dag.py
[2023-05-16T04:17:42.744+0000] {processor.py:809} INFO - DAG(s) dict_keys(['fondue_dag']) retrieved from /opt/airflow/dags/fondue_dag.py
[2023-05-16T04:17:42.769+0000] {logging_mixin.py:149} INFO - [2023-05-16T04:17:42.768+0000] {dag.py:2726} INFO - Sync 1 DAGs
[2023-05-16T04:17:42.799+0000] {logging_mixin.py:149} INFO - [2023-05-16T04:17:42.799+0000] {dag.py:3490} INFO - Setting next_dagrun for fondue_dag to 2023-05-16T00:00:00+00:00, run_after=2023-05-17T00:00:00+00:00
[2023-05-16T04:17:42.823+0000] {processor.py:178} INFO - Processing /opt/airflow/dags/fondue_dag.py took 0.511 seconds
[2023-05-16T04:18:13.073+0000] {processor.py:156} INFO - Started process (PID=589) to work on /opt/airflow/dags/fondue_dag.py
[2023-05-16T04:18:13.074+0000] {processor.py:799} INFO - Processing file /opt/airflow/dags/fondue_dag.py for tasks to queue
[2023-05-16T04:18:13.075+0000] {logging_mixin.py:149} INFO - [2023-05-16T04:18:13.075+0000] {dagbag.py:541} INFO - Filling up the DagBag from /opt/airflow/dags/fondue_dag.py
[2023-05-16T04:18:13.492+0000] {processor.py:809} INFO - DAG(s) dict_keys(['fondue_dag']) retrieved from /opt/airflow/dags/fondue_dag.py
[2023-05-16T04:18:13.518+0000] {logging_mixin.py:149} INFO - [2023-05-16T04:18:13.518+0000] {dag.py:2726} INFO - Sync 1 DAGs
[2023-05-16T04:18:13.547+0000] {logging_mixin.py:149} INFO - [2023-05-16T04:18:13.547+0000] {dag.py:3490} INFO - Setting next_dagrun for fondue_dag to 2023-05-16T00:00:00+00:00, run_after=2023-05-17T00:00:00+00:00
[2023-05-16T04:18:13.572+0000] {processor.py:178} INFO - Processing /opt/airflow/dags/fondue_dag.py took 0.501 seconds
[2023-05-16T04:18:43.811+0000] {processor.py:156} INFO - Started process (PID=609) to work on /opt/airflow/dags/fondue_dag.py
[2023-05-16T04:18:43.812+0000] {processor.py:799} INFO - Processing file /opt/airflow/dags/fondue_dag.py for tasks to queue
[2023-05-16T04:18:43.813+0000] {logging_mixin.py:149} INFO - [2023-05-16T04:18:43.813+0000] {dagbag.py:541} INFO - Filling up the DagBag from /opt/airflow/dags/fondue_dag.py
[2023-05-16T04:18:44.277+0000] {processor.py:809} INFO - DAG(s) dict_keys(['fondue_dag']) retrieved from /opt/airflow/dags/fondue_dag.py
[2023-05-16T04:18:44.302+0000] {logging_mixin.py:149} INFO - [2023-05-16T04:18:44.301+0000] {dag.py:2726} INFO - Sync 1 DAGs
[2023-05-16T04:18:44.335+0000] {logging_mixin.py:149} INFO - [2023-05-16T04:18:44.334+0000] {dag.py:3490} INFO - Setting next_dagrun for fondue_dag to 2023-05-16T00:00:00+00:00, run_after=2023-05-17T00:00:00+00:00
[2023-05-16T04:18:44.366+0000] {processor.py:178} INFO - Processing /opt/airflow/dags/fondue_dag.py took 0.558 seconds
[2023-05-16T04:19:14.464+0000] {processor.py:156} INFO - Started process (PID=629) to work on /opt/airflow/dags/fondue_dag.py
[2023-05-16T04:19:14.465+0000] {processor.py:799} INFO - Processing file /opt/airflow/dags/fondue_dag.py for tasks to queue
[2023-05-16T04:19:14.466+0000] {logging_mixin.py:149} INFO - [2023-05-16T04:19:14.466+0000] {dagbag.py:541} INFO - Filling up the DagBag from /opt/airflow/dags/fondue_dag.py
[2023-05-16T04:19:14.850+0000] {processor.py:809} INFO - DAG(s) dict_keys(['fondue_dag']) retrieved from /opt/airflow/dags/fondue_dag.py
[2023-05-16T04:19:14.875+0000] {logging_mixin.py:149} INFO - [2023-05-16T04:19:14.874+0000] {dag.py:2726} INFO - Sync 1 DAGs
[2023-05-16T04:19:14.904+0000] {logging_mixin.py:149} INFO - [2023-05-16T04:19:14.904+0000] {dag.py:3490} INFO - Setting next_dagrun for fondue_dag to 2023-05-16T00:00:00+00:00, run_after=2023-05-17T00:00:00+00:00
[2023-05-16T04:19:14.929+0000] {processor.py:178} INFO - Processing /opt/airflow/dags/fondue_dag.py took 0.467 seconds
[2023-05-16T04:19:45.143+0000] {processor.py:156} INFO - Started process (PID=649) to work on /opt/airflow/dags/fondue_dag.py
[2023-05-16T04:19:45.144+0000] {processor.py:799} INFO - Processing file /opt/airflow/dags/fondue_dag.py for tasks to queue
[2023-05-16T04:19:45.145+0000] {logging_mixin.py:149} INFO - [2023-05-16T04:19:45.145+0000] {dagbag.py:541} INFO - Filling up the DagBag from /opt/airflow/dags/fondue_dag.py
[2023-05-16T04:19:45.550+0000] {processor.py:809} INFO - DAG(s) dict_keys(['fondue_dag']) retrieved from /opt/airflow/dags/fondue_dag.py
[2023-05-16T04:19:45.574+0000] {logging_mixin.py:149} INFO - [2023-05-16T04:19:45.574+0000] {dag.py:2726} INFO - Sync 1 DAGs
[2023-05-16T04:19:45.601+0000] {logging_mixin.py:149} INFO - [2023-05-16T04:19:45.601+0000] {dag.py:3490} INFO - Setting next_dagrun for fondue_dag to 2023-05-16T00:00:00+00:00, run_after=2023-05-17T00:00:00+00:00
[2023-05-16T04:19:45.636+0000] {processor.py:178} INFO - Processing /opt/airflow/dags/fondue_dag.py took 0.496 seconds
[2023-05-16T04:20:15.891+0000] {processor.py:156} INFO - Started process (PID=749) to work on /opt/airflow/dags/fondue_dag.py
[2023-05-16T04:20:15.892+0000] {processor.py:799} INFO - Processing file /opt/airflow/dags/fondue_dag.py for tasks to queue
[2023-05-16T04:20:15.893+0000] {logging_mixin.py:149} INFO - [2023-05-16T04:20:15.893+0000] {dagbag.py:541} INFO - Filling up the DagBag from /opt/airflow/dags/fondue_dag.py
[2023-05-16T04:20:16.290+0000] {processor.py:809} INFO - DAG(s) dict_keys(['fondue_dag']) retrieved from /opt/airflow/dags/fondue_dag.py
[2023-05-16T04:20:16.313+0000] {logging_mixin.py:149} INFO - [2023-05-16T04:20:16.313+0000] {dag.py:2726} INFO - Sync 1 DAGs
[2023-05-16T04:20:16.345+0000] {logging_mixin.py:149} INFO - [2023-05-16T04:20:16.345+0000] {dag.py:3490} INFO - Setting next_dagrun for fondue_dag to 2023-05-16T00:00:00+00:00, run_after=2023-05-17T00:00:00+00:00
[2023-05-16T04:20:16.370+0000] {processor.py:178} INFO - Processing /opt/airflow/dags/fondue_dag.py took 0.482 seconds
[2023-05-16T04:20:46.602+0000] {processor.py:156} INFO - Started process (PID=769) to work on /opt/airflow/dags/fondue_dag.py
[2023-05-16T04:20:46.603+0000] {processor.py:799} INFO - Processing file /opt/airflow/dags/fondue_dag.py for tasks to queue
[2023-05-16T04:20:46.604+0000] {logging_mixin.py:149} INFO - [2023-05-16T04:20:46.604+0000] {dagbag.py:541} INFO - Filling up the DagBag from /opt/airflow/dags/fondue_dag.py
[2023-05-16T04:20:47.087+0000] {processor.py:809} INFO - DAG(s) dict_keys(['fondue_dag']) retrieved from /opt/airflow/dags/fondue_dag.py
[2023-05-16T04:20:47.112+0000] {logging_mixin.py:149} INFO - [2023-05-16T04:20:47.112+0000] {dag.py:2726} INFO - Sync 1 DAGs
[2023-05-16T04:20:47.140+0000] {logging_mixin.py:149} INFO - [2023-05-16T04:20:47.140+0000] {dag.py:3490} INFO - Setting next_dagrun for fondue_dag to 2023-05-16T00:00:00+00:00, run_after=2023-05-17T00:00:00+00:00
[2023-05-16T04:20:47.180+0000] {processor.py:178} INFO - Processing /opt/airflow/dags/fondue_dag.py took 0.580 seconds
[2023-05-16T04:21:17.432+0000] {processor.py:156} INFO - Started process (PID=789) to work on /opt/airflow/dags/fondue_dag.py
[2023-05-16T04:21:17.433+0000] {processor.py:799} INFO - Processing file /opt/airflow/dags/fondue_dag.py for tasks to queue
[2023-05-16T04:21:17.434+0000] {logging_mixin.py:149} INFO - [2023-05-16T04:21:17.434+0000] {dagbag.py:541} INFO - Filling up the DagBag from /opt/airflow/dags/fondue_dag.py
[2023-05-16T04:21:17.894+0000] {processor.py:809} INFO - DAG(s) dict_keys(['fondue_dag']) retrieved from /opt/airflow/dags/fondue_dag.py
[2023-05-16T04:21:17.920+0000] {logging_mixin.py:149} INFO - [2023-05-16T04:21:17.919+0000] {dag.py:2726} INFO - Sync 1 DAGs
[2023-05-16T04:21:17.949+0000] {logging_mixin.py:149} INFO - [2023-05-16T04:21:17.949+0000] {dag.py:3490} INFO - Setting next_dagrun for fondue_dag to 2023-05-16T00:00:00+00:00, run_after=2023-05-17T00:00:00+00:00
[2023-05-16T04:21:17.978+0000] {processor.py:178} INFO - Processing /opt/airflow/dags/fondue_dag.py took 0.549 seconds
[2023-05-16T04:21:48.114+0000] {processor.py:156} INFO - Started process (PID=819) to work on /opt/airflow/dags/fondue_dag.py
[2023-05-16T04:21:48.115+0000] {processor.py:799} INFO - Processing file /opt/airflow/dags/fondue_dag.py for tasks to queue
[2023-05-16T04:21:48.116+0000] {logging_mixin.py:149} INFO - [2023-05-16T04:21:48.116+0000] {dagbag.py:541} INFO - Filling up the DagBag from /opt/airflow/dags/fondue_dag.py
[2023-05-16T04:21:48.499+0000] {processor.py:809} INFO - DAG(s) dict_keys(['fondue_dag']) retrieved from /opt/airflow/dags/fondue_dag.py
[2023-05-16T04:21:48.524+0000] {logging_mixin.py:149} INFO - [2023-05-16T04:21:48.524+0000] {dag.py:2726} INFO - Sync 1 DAGs
[2023-05-16T04:21:48.553+0000] {logging_mixin.py:149} INFO - [2023-05-16T04:21:48.553+0000] {dag.py:3490} INFO - Setting next_dagrun for fondue_dag to 2023-05-16T00:00:00+00:00, run_after=2023-05-17T00:00:00+00:00
[2023-05-16T04:21:48.588+0000] {processor.py:178} INFO - Processing /opt/airflow/dags/fondue_dag.py took 0.476 seconds
[2023-05-16T04:22:18.827+0000] {processor.py:156} INFO - Started process (PID=839) to work on /opt/airflow/dags/fondue_dag.py
[2023-05-16T04:22:18.828+0000] {processor.py:799} INFO - Processing file /opt/airflow/dags/fondue_dag.py for tasks to queue
[2023-05-16T04:22:18.829+0000] {logging_mixin.py:149} INFO - [2023-05-16T04:22:18.829+0000] {dagbag.py:541} INFO - Filling up the DagBag from /opt/airflow/dags/fondue_dag.py
[2023-05-16T04:22:19.215+0000] {processor.py:809} INFO - DAG(s) dict_keys(['fondue_dag']) retrieved from /opt/airflow/dags/fondue_dag.py
[2023-05-16T04:22:19.239+0000] {logging_mixin.py:149} INFO - [2023-05-16T04:22:19.239+0000] {dag.py:2726} INFO - Sync 1 DAGs
[2023-05-16T04:22:19.270+0000] {logging_mixin.py:149} INFO - [2023-05-16T04:22:19.270+0000] {dag.py:3490} INFO - Setting next_dagrun for fondue_dag to 2023-05-16T00:00:00+00:00, run_after=2023-05-17T00:00:00+00:00
[2023-05-16T04:22:19.295+0000] {processor.py:178} INFO - Processing /opt/airflow/dags/fondue_dag.py took 0.470 seconds
[2023-05-16T04:22:49.534+0000] {processor.py:156} INFO - Started process (PID=859) to work on /opt/airflow/dags/fondue_dag.py
[2023-05-16T04:22:49.535+0000] {processor.py:799} INFO - Processing file /opt/airflow/dags/fondue_dag.py for tasks to queue
[2023-05-16T04:22:49.535+0000] {logging_mixin.py:149} INFO - [2023-05-16T04:22:49.535+0000] {dagbag.py:541} INFO - Filling up the DagBag from /opt/airflow/dags/fondue_dag.py
[2023-05-16T04:22:49.973+0000] {processor.py:809} INFO - DAG(s) dict_keys(['fondue_dag']) retrieved from /opt/airflow/dags/fondue_dag.py
[2023-05-16T04:22:49.999+0000] {logging_mixin.py:149} INFO - [2023-05-16T04:22:49.999+0000] {dag.py:2726} INFO - Sync 1 DAGs
[2023-05-16T04:22:50.028+0000] {logging_mixin.py:149} INFO - [2023-05-16T04:22:50.028+0000] {dag.py:3490} INFO - Setting next_dagrun for fondue_dag to 2023-05-16T00:00:00+00:00, run_after=2023-05-17T00:00:00+00:00
[2023-05-16T04:22:50.053+0000] {processor.py:178} INFO - Processing /opt/airflow/dags/fondue_dag.py took 0.521 seconds
[2023-05-16T04:23:20.249+0000] {processor.py:156} INFO - Started process (PID=899) to work on /opt/airflow/dags/fondue_dag.py
[2023-05-16T04:23:20.250+0000] {processor.py:799} INFO - Processing file /opt/airflow/dags/fondue_dag.py for tasks to queue
[2023-05-16T04:23:20.251+0000] {logging_mixin.py:149} INFO - [2023-05-16T04:23:20.251+0000] {dagbag.py:541} INFO - Filling up the DagBag from /opt/airflow/dags/fondue_dag.py
[2023-05-16T04:23:20.677+0000] {processor.py:809} INFO - DAG(s) dict_keys(['fondue_dag']) retrieved from /opt/airflow/dags/fondue_dag.py
[2023-05-16T04:23:20.702+0000] {logging_mixin.py:149} INFO - [2023-05-16T04:23:20.701+0000] {dag.py:2726} INFO - Sync 1 DAGs
[2023-05-16T04:23:20.732+0000] {logging_mixin.py:149} INFO - [2023-05-16T04:23:20.731+0000] {dag.py:3490} INFO - Setting next_dagrun for fondue_dag to 2023-05-16T00:00:00+00:00, run_after=2023-05-17T00:00:00+00:00
[2023-05-16T04:23:20.758+0000] {processor.py:178} INFO - Processing /opt/airflow/dags/fondue_dag.py took 0.512 seconds
[2023-05-16T04:23:51.002+0000] {processor.py:156} INFO - Started process (PID=919) to work on /opt/airflow/dags/fondue_dag.py
[2023-05-16T04:23:51.003+0000] {processor.py:799} INFO - Processing file /opt/airflow/dags/fondue_dag.py for tasks to queue
[2023-05-16T04:23:51.004+0000] {logging_mixin.py:149} INFO - [2023-05-16T04:23:51.004+0000] {dagbag.py:541} INFO - Filling up the DagBag from /opt/airflow/dags/fondue_dag.py
[2023-05-16T04:23:51.398+0000] {processor.py:809} INFO - DAG(s) dict_keys(['fondue_dag']) retrieved from /opt/airflow/dags/fondue_dag.py
[2023-05-16T04:23:51.422+0000] {logging_mixin.py:149} INFO - [2023-05-16T04:23:51.421+0000] {dag.py:2726} INFO - Sync 1 DAGs
[2023-05-16T04:23:51.448+0000] {logging_mixin.py:149} INFO - [2023-05-16T04:23:51.448+0000] {dag.py:3490} INFO - Setting next_dagrun for fondue_dag to 2023-05-16T00:00:00+00:00, run_after=2023-05-17T00:00:00+00:00
[2023-05-16T04:23:51.474+0000] {processor.py:178} INFO - Processing /opt/airflow/dags/fondue_dag.py took 0.474 seconds
[2023-05-16T04:24:21.683+0000] {processor.py:156} INFO - Started process (PID=939) to work on /opt/airflow/dags/fondue_dag.py
[2023-05-16T04:24:21.684+0000] {processor.py:799} INFO - Processing file /opt/airflow/dags/fondue_dag.py for tasks to queue
[2023-05-16T04:24:21.685+0000] {logging_mixin.py:149} INFO - [2023-05-16T04:24:21.685+0000] {dagbag.py:541} INFO - Filling up the DagBag from /opt/airflow/dags/fondue_dag.py
[2023-05-16T04:24:22.154+0000] {processor.py:809} INFO - DAG(s) dict_keys(['fondue_dag']) retrieved from /opt/airflow/dags/fondue_dag.py
[2023-05-16T04:24:22.177+0000] {logging_mixin.py:149} INFO - [2023-05-16T04:24:22.177+0000] {dag.py:2726} INFO - Sync 1 DAGs
[2023-05-16T04:24:22.206+0000] {logging_mixin.py:149} INFO - [2023-05-16T04:24:22.206+0000] {dag.py:3490} INFO - Setting next_dagrun for fondue_dag to 2023-05-16T00:00:00+00:00, run_after=2023-05-17T00:00:00+00:00
[2023-05-16T04:24:22.232+0000] {processor.py:178} INFO - Processing /opt/airflow/dags/fondue_dag.py took 0.551 seconds
[2023-05-16T04:24:52.478+0000] {processor.py:156} INFO - Started process (PID=959) to work on /opt/airflow/dags/fondue_dag.py
[2023-05-16T04:24:52.479+0000] {processor.py:799} INFO - Processing file /opt/airflow/dags/fondue_dag.py for tasks to queue
[2023-05-16T04:24:52.480+0000] {logging_mixin.py:149} INFO - [2023-05-16T04:24:52.480+0000] {dagbag.py:541} INFO - Filling up the DagBag from /opt/airflow/dags/fondue_dag.py
[2023-05-16T04:24:52.952+0000] {processor.py:809} INFO - DAG(s) dict_keys(['fondue_dag']) retrieved from /opt/airflow/dags/fondue_dag.py
[2023-05-16T04:24:52.977+0000] {logging_mixin.py:149} INFO - [2023-05-16T04:24:52.976+0000] {dag.py:2726} INFO - Sync 1 DAGs
[2023-05-16T04:24:53.007+0000] {logging_mixin.py:149} INFO - [2023-05-16T04:24:53.007+0000] {dag.py:3490} INFO - Setting next_dagrun for fondue_dag to 2023-05-16T00:00:00+00:00, run_after=2023-05-17T00:00:00+00:00
[2023-05-16T04:24:53.042+0000] {processor.py:178} INFO - Processing /opt/airflow/dags/fondue_dag.py took 0.567 seconds
[2023-05-16T04:28:03.871+0000] {processor.py:156} INFO - Started process (PID=164) to work on /opt/airflow/dags/fondue_dag.py
[2023-05-16T04:28:03.872+0000] {processor.py:799} INFO - Processing file /opt/airflow/dags/fondue_dag.py for tasks to queue
[2023-05-16T04:28:03.873+0000] {logging_mixin.py:149} INFO - [2023-05-16T04:28:03.873+0000] {dagbag.py:541} INFO - Filling up the DagBag from /opt/airflow/dags/fondue_dag.py
[2023-05-16T04:28:05.454+0000] {processor.py:809} INFO - DAG(s) dict_keys(['fondue_dag']) retrieved from /opt/airflow/dags/fondue_dag.py
[2023-05-16T04:28:05.653+0000] {logging_mixin.py:149} INFO - [2023-05-16T04:28:05.652+0000] {manager.py:504} INFO - Created Permission View: can read on DAG:fondue_dag
[2023-05-16T04:28:05.666+0000] {logging_mixin.py:149} INFO - [2023-05-16T04:28:05.666+0000] {manager.py:504} INFO - Created Permission View: can edit on DAG:fondue_dag
[2023-05-16T04:28:05.677+0000] {logging_mixin.py:149} INFO - [2023-05-16T04:28:05.677+0000] {manager.py:504} INFO - Created Permission View: can delete on DAG:fondue_dag
[2023-05-16T04:28:05.679+0000] {logging_mixin.py:149} INFO - [2023-05-16T04:28:05.678+0000] {dag.py:2726} INFO - Sync 1 DAGs
[2023-05-16T04:28:05.696+0000] {logging_mixin.py:149} INFO - [2023-05-16T04:28:05.695+0000] {dag.py:2747} INFO - Creating ORM DAG for fondue_dag
[2023-05-16T04:28:05.709+0000] {logging_mixin.py:149} INFO - [2023-05-16T04:28:05.708+0000] {dag.py:3490} INFO - Setting next_dagrun for fondue_dag to 2023-05-09T00:00:00+00:00, run_after=2023-05-10T00:00:00+00:00
[2023-05-16T04:28:05.736+0000] {processor.py:178} INFO - Processing /opt/airflow/dags/fondue_dag.py took 1.867 seconds
[2023-05-16T04:28:35.997+0000] {processor.py:156} INFO - Started process (PID=184) to work on /opt/airflow/dags/fondue_dag.py
[2023-05-16T04:28:35.998+0000] {processor.py:799} INFO - Processing file /opt/airflow/dags/fondue_dag.py for tasks to queue
[2023-05-16T04:28:36.000+0000] {logging_mixin.py:149} INFO - [2023-05-16T04:28:35.999+0000] {dagbag.py:541} INFO - Filling up the DagBag from /opt/airflow/dags/fondue_dag.py
[2023-05-16T04:28:36.553+0000] {processor.py:809} INFO - DAG(s) dict_keys(['fondue_dag']) retrieved from /opt/airflow/dags/fondue_dag.py
[2023-05-16T04:28:36.580+0000] {logging_mixin.py:149} INFO - [2023-05-16T04:28:36.579+0000] {dag.py:2726} INFO - Sync 1 DAGs
[2023-05-16T04:28:36.606+0000] {logging_mixin.py:149} INFO - [2023-05-16T04:28:36.606+0000] {dag.py:3490} INFO - Setting next_dagrun for fondue_dag to 2023-05-09T00:00:00+00:00, run_after=2023-05-10T00:00:00+00:00
[2023-05-16T04:28:36.674+0000] {processor.py:178} INFO - Processing /opt/airflow/dags/fondue_dag.py took 0.681 seconds
[2023-05-16T04:29:06.948+0000] {processor.py:156} INFO - Started process (PID=374) to work on /opt/airflow/dags/fondue_dag.py
[2023-05-16T04:29:06.949+0000] {processor.py:799} INFO - Processing file /opt/airflow/dags/fondue_dag.py for tasks to queue
[2023-05-16T04:29:06.950+0000] {logging_mixin.py:149} INFO - [2023-05-16T04:29:06.950+0000] {dagbag.py:541} INFO - Filling up the DagBag from /opt/airflow/dags/fondue_dag.py
[2023-05-16T04:29:07.519+0000] {processor.py:809} INFO - DAG(s) dict_keys(['fondue_dag']) retrieved from /opt/airflow/dags/fondue_dag.py
[2023-05-16T04:29:07.543+0000] {logging_mixin.py:149} INFO - [2023-05-16T04:29:07.542+0000] {dag.py:2726} INFO - Sync 1 DAGs
[2023-05-16T04:29:07.571+0000] {logging_mixin.py:149} INFO - [2023-05-16T04:29:07.571+0000] {dag.py:3490} INFO - Setting next_dagrun for fondue_dag to 2023-05-16T00:00:00+00:00, run_after=2023-05-17T00:00:00+00:00
[2023-05-16T04:29:07.594+0000] {processor.py:178} INFO - Processing /opt/airflow/dags/fondue_dag.py took 0.649 seconds
[2023-05-16T04:29:37.829+0000] {processor.py:156} INFO - Started process (PID=444) to work on /opt/airflow/dags/fondue_dag.py
[2023-05-16T04:29:37.830+0000] {processor.py:799} INFO - Processing file /opt/airflow/dags/fondue_dag.py for tasks to queue
[2023-05-16T04:29:37.831+0000] {logging_mixin.py:149} INFO - [2023-05-16T04:29:37.831+0000] {dagbag.py:541} INFO - Filling up the DagBag from /opt/airflow/dags/fondue_dag.py
[2023-05-16T04:29:38.348+0000] {processor.py:809} INFO - DAG(s) dict_keys(['fondue_dag']) retrieved from /opt/airflow/dags/fondue_dag.py
[2023-05-16T04:29:38.371+0000] {logging_mixin.py:149} INFO - [2023-05-16T04:29:38.370+0000] {dag.py:2726} INFO - Sync 1 DAGs
[2023-05-16T04:29:38.399+0000] {logging_mixin.py:149} INFO - [2023-05-16T04:29:38.399+0000] {dag.py:3490} INFO - Setting next_dagrun for fondue_dag to 2023-05-16T00:00:00+00:00, run_after=2023-05-17T00:00:00+00:00
[2023-05-16T04:29:38.428+0000] {processor.py:178} INFO - Processing /opt/airflow/dags/fondue_dag.py took 0.602 seconds
[2023-05-16T04:30:08.687+0000] {processor.py:156} INFO - Started process (PID=484) to work on /opt/airflow/dags/fondue_dag.py
[2023-05-16T04:30:08.688+0000] {processor.py:799} INFO - Processing file /opt/airflow/dags/fondue_dag.py for tasks to queue
[2023-05-16T04:30:08.690+0000] {logging_mixin.py:149} INFO - [2023-05-16T04:30:08.689+0000] {dagbag.py:541} INFO - Filling up the DagBag from /opt/airflow/dags/fondue_dag.py
[2023-05-16T04:30:09.348+0000] {processor.py:809} INFO - DAG(s) dict_keys(['fondue_dag']) retrieved from /opt/airflow/dags/fondue_dag.py
[2023-05-16T04:30:09.373+0000] {logging_mixin.py:149} INFO - [2023-05-16T04:30:09.372+0000] {dag.py:2726} INFO - Sync 1 DAGs
[2023-05-16T04:30:09.401+0000] {logging_mixin.py:149} INFO - [2023-05-16T04:30:09.400+0000] {dag.py:3490} INFO - Setting next_dagrun for fondue_dag to 2023-05-16T00:00:00+00:00, run_after=2023-05-17T00:00:00+00:00
[2023-05-16T04:30:09.425+0000] {processor.py:178} INFO - Processing /opt/airflow/dags/fondue_dag.py took 0.741 seconds
[2023-05-16T04:30:39.660+0000] {processor.py:156} INFO - Started process (PID=505) to work on /opt/airflow/dags/fondue_dag.py
[2023-05-16T04:30:39.661+0000] {processor.py:799} INFO - Processing file /opt/airflow/dags/fondue_dag.py for tasks to queue
[2023-05-16T04:30:39.663+0000] {logging_mixin.py:149} INFO - [2023-05-16T04:30:39.663+0000] {dagbag.py:541} INFO - Filling up the DagBag from /opt/airflow/dags/fondue_dag.py
[2023-05-16T04:30:40.190+0000] {processor.py:809} INFO - DAG(s) dict_keys(['fondue_dag']) retrieved from /opt/airflow/dags/fondue_dag.py
[2023-05-16T04:30:40.214+0000] {logging_mixin.py:149} INFO - [2023-05-16T04:30:40.213+0000] {dag.py:2726} INFO - Sync 1 DAGs
[2023-05-16T04:30:40.240+0000] {logging_mixin.py:149} INFO - [2023-05-16T04:30:40.240+0000] {dag.py:3490} INFO - Setting next_dagrun for fondue_dag to 2023-05-16T00:00:00+00:00, run_after=2023-05-17T00:00:00+00:00
[2023-05-16T04:30:40.266+0000] {processor.py:178} INFO - Processing /opt/airflow/dags/fondue_dag.py took 0.609 seconds
[2023-05-16T04:31:01.370+0000] {processor.py:156} INFO - Started process (PID=525) to work on /opt/airflow/dags/fondue_dag.py
[2023-05-16T04:31:01.374+0000] {processor.py:799} INFO - Processing file /opt/airflow/dags/fondue_dag.py for tasks to queue
[2023-05-16T04:31:01.375+0000] {logging_mixin.py:149} INFO - [2023-05-16T04:31:01.375+0000] {dagbag.py:541} INFO - Filling up the DagBag from /opt/airflow/dags/fondue_dag.py
[2023-05-16T04:31:02.039+0000] {processor.py:809} INFO - DAG(s) dict_keys(['fondue_dag']) retrieved from /opt/airflow/dags/fondue_dag.py
[2023-05-16T04:31:02.105+0000] {logging_mixin.py:149} INFO - [2023-05-16T04:31:02.104+0000] {dag.py:2726} INFO - Sync 1 DAGs
[2023-05-16T04:31:02.140+0000] {logging_mixin.py:149} INFO - [2023-05-16T04:31:02.140+0000] {dag.py:3490} INFO - Setting next_dagrun for fondue_dag to 2023-05-16T00:00:00+00:00, run_after=2023-05-17T00:00:00+00:00
[2023-05-16T04:31:02.177+0000] {processor.py:178} INFO - Processing /opt/airflow/dags/fondue_dag.py took 0.809 seconds
[2023-05-16T04:31:32.424+0000] {processor.py:156} INFO - Started process (PID=566) to work on /opt/airflow/dags/fondue_dag.py
[2023-05-16T04:31:32.425+0000] {processor.py:799} INFO - Processing file /opt/airflow/dags/fondue_dag.py for tasks to queue
[2023-05-16T04:31:32.426+0000] {logging_mixin.py:149} INFO - [2023-05-16T04:31:32.426+0000] {dagbag.py:541} INFO - Filling up the DagBag from /opt/airflow/dags/fondue_dag.py
[2023-05-16T04:31:33.031+0000] {processor.py:809} INFO - DAG(s) dict_keys(['fondue_dag']) retrieved from /opt/airflow/dags/fondue_dag.py
[2023-05-16T04:31:33.053+0000] {logging_mixin.py:149} INFO - [2023-05-16T04:31:33.052+0000] {dag.py:2726} INFO - Sync 1 DAGs
[2023-05-16T04:31:33.079+0000] {logging_mixin.py:149} INFO - [2023-05-16T04:31:33.079+0000] {dag.py:3490} INFO - Setting next_dagrun for fondue_dag to 2023-05-16T00:00:00+00:00, run_after=2023-05-17T00:00:00+00:00
[2023-05-16T04:31:33.104+0000] {processor.py:178} INFO - Processing /opt/airflow/dags/fondue_dag.py took 0.683 seconds
[2023-05-16T04:32:03.342+0000] {processor.py:156} INFO - Started process (PID=586) to work on /opt/airflow/dags/fondue_dag.py
[2023-05-16T04:32:03.344+0000] {processor.py:799} INFO - Processing file /opt/airflow/dags/fondue_dag.py for tasks to queue
[2023-05-16T04:32:03.345+0000] {logging_mixin.py:149} INFO - [2023-05-16T04:32:03.344+0000] {dagbag.py:541} INFO - Filling up the DagBag from /opt/airflow/dags/fondue_dag.py
[2023-05-16T04:32:03.851+0000] {processor.py:809} INFO - DAG(s) dict_keys(['fondue_dag']) retrieved from /opt/airflow/dags/fondue_dag.py
[2023-05-16T04:32:03.873+0000] {logging_mixin.py:149} INFO - [2023-05-16T04:32:03.873+0000] {dag.py:2726} INFO - Sync 1 DAGs
[2023-05-16T04:32:03.901+0000] {logging_mixin.py:149} INFO - [2023-05-16T04:32:03.901+0000] {dag.py:3490} INFO - Setting next_dagrun for fondue_dag to 2023-05-16T00:00:00+00:00, run_after=2023-05-17T00:00:00+00:00
[2023-05-16T04:32:03.926+0000] {processor.py:178} INFO - Processing /opt/airflow/dags/fondue_dag.py took 0.586 seconds
