[2023-05-16T04:14:54.504+0000] {taskinstance.py:1125} INFO - Dependencies all met for dep_context=non-requeueable deps ti=<TaskInstance: fondue_dag.is_api_active scheduled__2023-05-10T00:00:00+00:00 [queued]>
[2023-05-16T04:14:54.524+0000] {taskinstance.py:1125} INFO - Dependencies all met for dep_context=requeueable deps ti=<TaskInstance: fondue_dag.is_api_active scheduled__2023-05-10T00:00:00+00:00 [queued]>
[2023-05-16T04:14:54.525+0000] {taskinstance.py:1331} INFO - Starting attempt 1 of 2
[2023-05-16T04:14:54.567+0000] {taskinstance.py:1350} INFO - Executing <Task(HttpSensor): is_api_active> on 2023-05-10 00:00:00+00:00
[2023-05-16T04:14:54.580+0000] {standard_task_runner.py:57} INFO - Started process 354 to run task
[2023-05-16T04:14:54.595+0000] {standard_task_runner.py:84} INFO - Running: ['***', 'tasks', 'run', 'fondue_dag', 'is_api_active', 'scheduled__2023-05-10T00:00:00+00:00', '--job-id', '4', '--raw', '--subdir', 'DAGS_FOLDER/fondue_dag.py', '--cfg-path', '/tmp/tmpp3pm2fj4']
[2023-05-16T04:14:54.600+0000] {standard_task_runner.py:85} INFO - Job 4: Subtask is_api_active
[2023-05-16T04:14:54.733+0000] {task_command.py:410} INFO - Running <TaskInstance: fondue_dag.is_api_active scheduled__2023-05-10T00:00:00+00:00 [running]> on host ba451090dca0
[2023-05-16T04:14:54.888+0000] {taskinstance.py:1570} INFO - Exporting env vars: AIRFLOW_CTX_DAG_EMAIL='Bhuribhat@gmail.com' AIRFLOW_CTX_DAG_OWNER='pras' AIRFLOW_CTX_DAG_ID='fondue_dag' AIRFLOW_CTX_TASK_ID='is_api_active' AIRFLOW_CTX_EXECUTION_DATE='2023-05-10T00:00:00+00:00' AIRFLOW_CTX_TRY_NUMBER='1' AIRFLOW_CTX_DAG_RUN_ID='scheduled__2023-05-10T00:00:00+00:00'
[2023-05-16T04:14:54.900+0000] {http.py:122} INFO - Poking: https://publicapi.traffy.in.th/ud/search
[2023-05-16T04:14:55.353+0000] {base.py:255} INFO - Success criteria met. Exiting.
[2023-05-16T04:14:55.375+0000] {taskinstance.py:1373} INFO - Marking task as SUCCESS. dag_id=fondue_dag, task_id=is_api_active, execution_date=20230510T000000, start_date=20230516T041454, end_date=20230516T041455
[2023-05-16T04:14:55.420+0000] {local_task_job_runner.py:232} INFO - Task exited with return code 0
[2023-05-16T04:14:55.472+0000] {taskinstance.py:2674} INFO - 0 downstream tasks scheduled from follow-on schedule check
[2023-05-16T04:28:43.673+0000] {taskinstance.py:1125} INFO - Dependencies all met for dep_context=non-requeueable deps ti=<TaskInstance: fondue_dag.is_api_active scheduled__2023-05-10T00:00:00+00:00 [queued]>
[2023-05-16T04:28:43.694+0000] {taskinstance.py:1125} INFO - Dependencies all met for dep_context=requeueable deps ti=<TaskInstance: fondue_dag.is_api_active scheduled__2023-05-10T00:00:00+00:00 [queued]>
[2023-05-16T04:28:43.695+0000] {taskinstance.py:1331} INFO - Starting attempt 1 of 2
[2023-05-16T04:28:43.776+0000] {taskinstance.py:1350} INFO - Executing <Task(HttpSensor): is_api_active> on 2023-05-10 00:00:00+00:00
[2023-05-16T04:28:43.784+0000] {standard_task_runner.py:57} INFO - Started process 272 to run task
[2023-05-16T04:28:43.790+0000] {standard_task_runner.py:84} INFO - Running: ['***', 'tasks', 'run', 'fondue_dag', 'is_api_active', 'scheduled__2023-05-10T00:00:00+00:00', '--job-id', '5', '--raw', '--subdir', 'DAGS_FOLDER/fondue_dag.py', '--cfg-path', '/tmp/tmpxjy0y6sm']
[2023-05-16T04:28:43.794+0000] {standard_task_runner.py:85} INFO - Job 5: Subtask is_api_active
[2023-05-16T04:28:43.904+0000] {task_command.py:410} INFO - Running <TaskInstance: fondue_dag.is_api_active scheduled__2023-05-10T00:00:00+00:00 [running]> on host 25f04ba249e4
[2023-05-16T04:28:44.108+0000] {taskinstance.py:1570} INFO - Exporting env vars: AIRFLOW_CTX_DAG_EMAIL='Bhuribhat@gmail.com' AIRFLOW_CTX_DAG_OWNER='pras' AIRFLOW_CTX_DAG_ID='fondue_dag' AIRFLOW_CTX_TASK_ID='is_api_active' AIRFLOW_CTX_EXECUTION_DATE='2023-05-10T00:00:00+00:00' AIRFLOW_CTX_TRY_NUMBER='1' AIRFLOW_CTX_DAG_RUN_ID='scheduled__2023-05-10T00:00:00+00:00'
[2023-05-16T04:28:44.110+0000] {http.py:122} INFO - Poking: https://publicapi.traffy.in.th/share/teamchadchart/search
[2023-05-16T04:28:53.489+0000] {base.py:255} INFO - Success criteria met. Exiting.
[2023-05-16T04:28:53.503+0000] {taskinstance.py:1373} INFO - Marking task as SUCCESS. dag_id=fondue_dag, task_id=is_api_active, execution_date=20230510T000000, start_date=20230516T042843, end_date=20230516T042853
[2023-05-16T04:28:53.613+0000] {local_task_job_runner.py:232} INFO - Task exited with return code 0
[2023-05-16T04:28:53.657+0000] {taskinstance.py:2674} INFO - 1 downstream tasks scheduled from follow-on schedule check
