[2023-05-18T07:46:03.360+0000] {processor.py:156} INFO - Started process (PID=3117) to work on /opt/airflow/dags/tasks/clustering.py
[2023-05-18T07:46:03.361+0000] {processor.py:799} INFO - Processing file /opt/airflow/dags/tasks/clustering.py for tasks to queue
[2023-05-18T07:46:03.363+0000] {logging_mixin.py:149} INFO - [2023-05-18T07:46:03.363+0000] {dagbag.py:541} INFO - Filling up the DagBag from /opt/airflow/dags/tasks/clustering.py
[2023-05-18T07:46:05.095+0000] {processor.py:811} WARNING - No viable dags retrieved from /opt/airflow/dags/tasks/clustering.py
[2023-05-18T07:46:05.112+0000] {processor.py:178} INFO - Processing /opt/airflow/dags/tasks/clustering.py took 1.755 seconds
[2023-05-18T07:46:35.450+0000] {processor.py:156} INFO - Started process (PID=3164) to work on /opt/airflow/dags/tasks/clustering.py
[2023-05-18T07:46:35.451+0000] {processor.py:799} INFO - Processing file /opt/airflow/dags/tasks/clustering.py for tasks to queue
[2023-05-18T07:46:35.453+0000] {logging_mixin.py:149} INFO - [2023-05-18T07:46:35.452+0000] {dagbag.py:541} INFO - Filling up the DagBag from /opt/airflow/dags/tasks/clustering.py
[2023-05-18T07:46:37.223+0000] {processor.py:811} WARNING - No viable dags retrieved from /opt/airflow/dags/tasks/clustering.py
[2023-05-18T07:46:37.244+0000] {processor.py:178} INFO - Processing /opt/airflow/dags/tasks/clustering.py took 1.796 seconds
[2023-05-18T07:47:07.553+0000] {processor.py:156} INFO - Started process (PID=3213) to work on /opt/airflow/dags/tasks/clustering.py
[2023-05-18T07:47:07.555+0000] {processor.py:799} INFO - Processing file /opt/airflow/dags/tasks/clustering.py for tasks to queue
[2023-05-18T07:47:07.556+0000] {logging_mixin.py:149} INFO - [2023-05-18T07:47:07.555+0000] {dagbag.py:541} INFO - Filling up the DagBag from /opt/airflow/dags/tasks/clustering.py
[2023-05-18T07:47:09.223+0000] {processor.py:811} WARNING - No viable dags retrieved from /opt/airflow/dags/tasks/clustering.py
[2023-05-18T07:47:09.239+0000] {processor.py:178} INFO - Processing /opt/airflow/dags/tasks/clustering.py took 1.688 seconds
[2023-05-18T07:47:39.518+0000] {processor.py:156} INFO - Started process (PID=3262) to work on /opt/airflow/dags/tasks/clustering.py
[2023-05-18T07:47:39.519+0000] {processor.py:799} INFO - Processing file /opt/airflow/dags/tasks/clustering.py for tasks to queue
[2023-05-18T07:47:39.520+0000] {logging_mixin.py:149} INFO - [2023-05-18T07:47:39.520+0000] {dagbag.py:541} INFO - Filling up the DagBag from /opt/airflow/dags/tasks/clustering.py
[2023-05-18T07:47:41.348+0000] {processor.py:811} WARNING - No viable dags retrieved from /opt/airflow/dags/tasks/clustering.py
[2023-05-18T07:47:41.364+0000] {processor.py:178} INFO - Processing /opt/airflow/dags/tasks/clustering.py took 1.848 seconds
[2023-05-18T07:48:11.676+0000] {processor.py:156} INFO - Started process (PID=3311) to work on /opt/airflow/dags/tasks/clustering.py
[2023-05-18T07:48:11.677+0000] {processor.py:799} INFO - Processing file /opt/airflow/dags/tasks/clustering.py for tasks to queue
[2023-05-18T07:48:11.678+0000] {logging_mixin.py:149} INFO - [2023-05-18T07:48:11.678+0000] {dagbag.py:541} INFO - Filling up the DagBag from /opt/airflow/dags/tasks/clustering.py
[2023-05-18T07:48:13.468+0000] {processor.py:811} WARNING - No viable dags retrieved from /opt/airflow/dags/tasks/clustering.py
[2023-05-18T07:48:13.489+0000] {processor.py:178} INFO - Processing /opt/airflow/dags/tasks/clustering.py took 1.815 seconds
[2023-05-18T07:48:43.818+0000] {processor.py:156} INFO - Started process (PID=3341) to work on /opt/airflow/dags/tasks/clustering.py
[2023-05-18T07:48:43.819+0000] {processor.py:799} INFO - Processing file /opt/airflow/dags/tasks/clustering.py for tasks to queue
[2023-05-18T07:48:43.820+0000] {logging_mixin.py:149} INFO - [2023-05-18T07:48:43.820+0000] {dagbag.py:541} INFO - Filling up the DagBag from /opt/airflow/dags/tasks/clustering.py
[2023-05-18T07:48:45.772+0000] {processor.py:811} WARNING - No viable dags retrieved from /opt/airflow/dags/tasks/clustering.py
[2023-05-18T07:48:45.792+0000] {processor.py:178} INFO - Processing /opt/airflow/dags/tasks/clustering.py took 1.976 seconds
[2023-05-18T07:49:16.123+0000] {processor.py:156} INFO - Started process (PID=3390) to work on /opt/airflow/dags/tasks/clustering.py
[2023-05-18T07:49:16.124+0000] {processor.py:799} INFO - Processing file /opt/airflow/dags/tasks/clustering.py for tasks to queue
[2023-05-18T07:49:16.125+0000] {logging_mixin.py:149} INFO - [2023-05-18T07:49:16.125+0000] {dagbag.py:541} INFO - Filling up the DagBag from /opt/airflow/dags/tasks/clustering.py
[2023-05-18T07:49:17.873+0000] {processor.py:811} WARNING - No viable dags retrieved from /opt/airflow/dags/tasks/clustering.py
[2023-05-18T07:49:17.888+0000] {processor.py:178} INFO - Processing /opt/airflow/dags/tasks/clustering.py took 1.767 seconds
[2023-05-18T07:49:48.037+0000] {processor.py:156} INFO - Started process (PID=3439) to work on /opt/airflow/dags/tasks/clustering.py
[2023-05-18T07:49:48.038+0000] {processor.py:799} INFO - Processing file /opt/airflow/dags/tasks/clustering.py for tasks to queue
[2023-05-18T07:49:48.039+0000] {logging_mixin.py:149} INFO - [2023-05-18T07:49:48.039+0000] {dagbag.py:541} INFO - Filling up the DagBag from /opt/airflow/dags/tasks/clustering.py
[2023-05-18T07:49:49.710+0000] {processor.py:811} WARNING - No viable dags retrieved from /opt/airflow/dags/tasks/clustering.py
[2023-05-18T07:49:49.725+0000] {processor.py:178} INFO - Processing /opt/airflow/dags/tasks/clustering.py took 1.690 seconds
[2023-05-18T07:50:20.050+0000] {processor.py:156} INFO - Started process (PID=3488) to work on /opt/airflow/dags/tasks/clustering.py
[2023-05-18T07:50:20.051+0000] {processor.py:799} INFO - Processing file /opt/airflow/dags/tasks/clustering.py for tasks to queue
[2023-05-18T07:50:20.051+0000] {logging_mixin.py:149} INFO - [2023-05-18T07:50:20.051+0000] {dagbag.py:541} INFO - Filling up the DagBag from /opt/airflow/dags/tasks/clustering.py
[2023-05-18T07:50:21.968+0000] {processor.py:811} WARNING - No viable dags retrieved from /opt/airflow/dags/tasks/clustering.py
[2023-05-18T07:50:21.988+0000] {processor.py:178} INFO - Processing /opt/airflow/dags/tasks/clustering.py took 1.940 seconds
[2023-05-18T07:50:52.509+0000] {processor.py:156} INFO - Started process (PID=3537) to work on /opt/airflow/dags/tasks/clustering.py
[2023-05-18T07:50:52.511+0000] {processor.py:799} INFO - Processing file /opt/airflow/dags/tasks/clustering.py for tasks to queue
[2023-05-18T07:50:52.512+0000] {logging_mixin.py:149} INFO - [2023-05-18T07:50:52.511+0000] {dagbag.py:541} INFO - Filling up the DagBag from /opt/airflow/dags/tasks/clustering.py
[2023-05-18T07:50:54.356+0000] {processor.py:811} WARNING - No viable dags retrieved from /opt/airflow/dags/tasks/clustering.py
[2023-05-18T07:50:54.377+0000] {processor.py:178} INFO - Processing /opt/airflow/dags/tasks/clustering.py took 1.869 seconds
[2023-05-18T07:51:25.143+0000] {processor.py:156} INFO - Started process (PID=3586) to work on /opt/airflow/dags/tasks/clustering.py
[2023-05-18T07:51:25.144+0000] {processor.py:799} INFO - Processing file /opt/airflow/dags/tasks/clustering.py for tasks to queue
[2023-05-18T07:51:25.146+0000] {logging_mixin.py:149} INFO - [2023-05-18T07:51:25.145+0000] {dagbag.py:541} INFO - Filling up the DagBag from /opt/airflow/dags/tasks/clustering.py
[2023-05-18T07:51:26.972+0000] {processor.py:811} WARNING - No viable dags retrieved from /opt/airflow/dags/tasks/clustering.py
[2023-05-18T07:51:26.988+0000] {processor.py:178} INFO - Processing /opt/airflow/dags/tasks/clustering.py took 1.848 seconds
[2023-05-18T07:51:42.351+0000] {processor.py:156} INFO - Started process (PID=3636) to work on /opt/airflow/dags/tasks/clustering.py
[2023-05-18T07:51:42.353+0000] {processor.py:799} INFO - Processing file /opt/airflow/dags/tasks/clustering.py for tasks to queue
[2023-05-18T07:51:42.354+0000] {logging_mixin.py:149} INFO - [2023-05-18T07:51:42.354+0000] {dagbag.py:541} INFO - Filling up the DagBag from /opt/airflow/dags/tasks/clustering.py
[2023-05-18T07:51:44.162+0000] {processor.py:811} WARNING - No viable dags retrieved from /opt/airflow/dags/tasks/clustering.py
[2023-05-18T07:51:44.181+0000] {processor.py:178} INFO - Processing /opt/airflow/dags/tasks/clustering.py took 1.832 seconds
[2023-05-18T07:52:14.553+0000] {processor.py:156} INFO - Started process (PID=3685) to work on /opt/airflow/dags/tasks/clustering.py
[2023-05-18T07:52:14.555+0000] {processor.py:799} INFO - Processing file /opt/airflow/dags/tasks/clustering.py for tasks to queue
[2023-05-18T07:52:14.556+0000] {logging_mixin.py:149} INFO - [2023-05-18T07:52:14.555+0000] {dagbag.py:541} INFO - Filling up the DagBag from /opt/airflow/dags/tasks/clustering.py
[2023-05-18T07:52:16.506+0000] {processor.py:811} WARNING - No viable dags retrieved from /opt/airflow/dags/tasks/clustering.py
[2023-05-18T07:52:16.522+0000] {processor.py:178} INFO - Processing /opt/airflow/dags/tasks/clustering.py took 1.971 seconds
[2023-05-18T07:52:47.246+0000] {processor.py:156} INFO - Started process (PID=3734) to work on /opt/airflow/dags/tasks/clustering.py
[2023-05-18T07:52:47.247+0000] {processor.py:799} INFO - Processing file /opt/airflow/dags/tasks/clustering.py for tasks to queue
[2023-05-18T07:52:47.248+0000] {logging_mixin.py:149} INFO - [2023-05-18T07:52:47.248+0000] {dagbag.py:541} INFO - Filling up the DagBag from /opt/airflow/dags/tasks/clustering.py
[2023-05-18T07:52:48.868+0000] {processor.py:811} WARNING - No viable dags retrieved from /opt/airflow/dags/tasks/clustering.py
[2023-05-18T07:52:48.883+0000] {processor.py:178} INFO - Processing /opt/airflow/dags/tasks/clustering.py took 1.639 seconds
[2023-05-18T07:53:19.655+0000] {processor.py:156} INFO - Started process (PID=3783) to work on /opt/airflow/dags/tasks/clustering.py
[2023-05-18T07:53:19.656+0000] {processor.py:799} INFO - Processing file /opt/airflow/dags/tasks/clustering.py for tasks to queue
[2023-05-18T07:53:19.657+0000] {logging_mixin.py:149} INFO - [2023-05-18T07:53:19.657+0000] {dagbag.py:541} INFO - Filling up the DagBag from /opt/airflow/dags/tasks/clustering.py
[2023-05-18T07:53:21.302+0000] {processor.py:811} WARNING - No viable dags retrieved from /opt/airflow/dags/tasks/clustering.py
[2023-05-18T07:53:21.320+0000] {processor.py:178} INFO - Processing /opt/airflow/dags/tasks/clustering.py took 1.667 seconds
[2023-05-18T07:53:52.026+0000] {processor.py:156} INFO - Started process (PID=3832) to work on /opt/airflow/dags/tasks/clustering.py
[2023-05-18T07:53:52.027+0000] {processor.py:799} INFO - Processing file /opt/airflow/dags/tasks/clustering.py for tasks to queue
[2023-05-18T07:53:52.028+0000] {logging_mixin.py:149} INFO - [2023-05-18T07:53:52.028+0000] {dagbag.py:541} INFO - Filling up the DagBag from /opt/airflow/dags/tasks/clustering.py
[2023-05-18T07:53:53.667+0000] {processor.py:811} WARNING - No viable dags retrieved from /opt/airflow/dags/tasks/clustering.py
[2023-05-18T07:53:53.685+0000] {processor.py:178} INFO - Processing /opt/airflow/dags/tasks/clustering.py took 1.661 seconds
[2023-05-18T07:54:24.353+0000] {processor.py:156} INFO - Started process (PID=3881) to work on /opt/airflow/dags/tasks/clustering.py
[2023-05-18T07:54:24.354+0000] {processor.py:799} INFO - Processing file /opt/airflow/dags/tasks/clustering.py for tasks to queue
[2023-05-18T07:54:24.355+0000] {logging_mixin.py:149} INFO - [2023-05-18T07:54:24.355+0000] {dagbag.py:541} INFO - Filling up the DagBag from /opt/airflow/dags/tasks/clustering.py
[2023-05-18T07:54:25.954+0000] {processor.py:811} WARNING - No viable dags retrieved from /opt/airflow/dags/tasks/clustering.py
[2023-05-18T07:54:25.970+0000] {processor.py:178} INFO - Processing /opt/airflow/dags/tasks/clustering.py took 1.618 seconds
[2023-05-18T07:54:56.650+0000] {processor.py:156} INFO - Started process (PID=3930) to work on /opt/airflow/dags/tasks/clustering.py
[2023-05-18T07:54:56.651+0000] {processor.py:799} INFO - Processing file /opt/airflow/dags/tasks/clustering.py for tasks to queue
[2023-05-18T07:54:56.652+0000] {logging_mixin.py:149} INFO - [2023-05-18T07:54:56.652+0000] {dagbag.py:541} INFO - Filling up the DagBag from /opt/airflow/dags/tasks/clustering.py
[2023-05-18T07:54:58.243+0000] {processor.py:811} WARNING - No viable dags retrieved from /opt/airflow/dags/tasks/clustering.py
[2023-05-18T07:54:58.261+0000] {processor.py:178} INFO - Processing /opt/airflow/dags/tasks/clustering.py took 1.612 seconds
[2023-05-18T07:55:28.991+0000] {processor.py:156} INFO - Started process (PID=3980) to work on /opt/airflow/dags/tasks/clustering.py
[2023-05-18T07:55:28.992+0000] {processor.py:799} INFO - Processing file /opt/airflow/dags/tasks/clustering.py for tasks to queue
[2023-05-18T07:55:28.993+0000] {logging_mixin.py:149} INFO - [2023-05-18T07:55:28.993+0000] {dagbag.py:541} INFO - Filling up the DagBag from /opt/airflow/dags/tasks/clustering.py
[2023-05-18T07:55:30.611+0000] {processor.py:811} WARNING - No viable dags retrieved from /opt/airflow/dags/tasks/clustering.py
[2023-05-18T07:55:30.627+0000] {processor.py:178} INFO - Processing /opt/airflow/dags/tasks/clustering.py took 1.638 seconds
[2023-05-18T07:56:01.318+0000] {processor.py:156} INFO - Started process (PID=4036) to work on /opt/airflow/dags/tasks/clustering.py
[2023-05-18T07:56:01.320+0000] {processor.py:799} INFO - Processing file /opt/airflow/dags/tasks/clustering.py for tasks to queue
[2023-05-18T07:56:01.321+0000] {logging_mixin.py:149} INFO - [2023-05-18T07:56:01.321+0000] {dagbag.py:541} INFO - Filling up the DagBag from /opt/airflow/dags/tasks/clustering.py
[2023-05-18T07:56:02.967+0000] {processor.py:811} WARNING - No viable dags retrieved from /opt/airflow/dags/tasks/clustering.py
[2023-05-18T07:56:02.984+0000] {processor.py:178} INFO - Processing /opt/airflow/dags/tasks/clustering.py took 1.668 seconds
[2023-05-18T07:56:33.683+0000] {processor.py:156} INFO - Started process (PID=4086) to work on /opt/airflow/dags/tasks/clustering.py
[2023-05-18T07:56:33.685+0000] {processor.py:799} INFO - Processing file /opt/airflow/dags/tasks/clustering.py for tasks to queue
[2023-05-18T07:56:33.687+0000] {logging_mixin.py:149} INFO - [2023-05-18T07:56:33.687+0000] {dagbag.py:541} INFO - Filling up the DagBag from /opt/airflow/dags/tasks/clustering.py
[2023-05-18T07:56:35.441+0000] {processor.py:811} WARNING - No viable dags retrieved from /opt/airflow/dags/tasks/clustering.py
[2023-05-18T07:56:35.459+0000] {processor.py:178} INFO - Processing /opt/airflow/dags/tasks/clustering.py took 1.778 seconds
[2023-05-18T07:57:05.798+0000] {processor.py:156} INFO - Started process (PID=4135) to work on /opt/airflow/dags/tasks/clustering.py
[2023-05-18T07:57:05.799+0000] {processor.py:799} INFO - Processing file /opt/airflow/dags/tasks/clustering.py for tasks to queue
[2023-05-18T07:57:05.800+0000] {logging_mixin.py:149} INFO - [2023-05-18T07:57:05.800+0000] {dagbag.py:541} INFO - Filling up the DagBag from /opt/airflow/dags/tasks/clustering.py
[2023-05-18T07:57:07.404+0000] {processor.py:811} WARNING - No viable dags retrieved from /opt/airflow/dags/tasks/clustering.py
[2023-05-18T07:57:07.423+0000] {processor.py:178} INFO - Processing /opt/airflow/dags/tasks/clustering.py took 1.628 seconds
[2023-05-18T07:57:38.112+0000] {processor.py:156} INFO - Started process (PID=4184) to work on /opt/airflow/dags/tasks/clustering.py
[2023-05-18T07:57:38.113+0000] {processor.py:799} INFO - Processing file /opt/airflow/dags/tasks/clustering.py for tasks to queue
[2023-05-18T07:57:38.114+0000] {logging_mixin.py:149} INFO - [2023-05-18T07:57:38.114+0000] {dagbag.py:541} INFO - Filling up the DagBag from /opt/airflow/dags/tasks/clustering.py
[2023-05-18T07:57:39.762+0000] {processor.py:811} WARNING - No viable dags retrieved from /opt/airflow/dags/tasks/clustering.py
[2023-05-18T07:57:39.779+0000] {processor.py:178} INFO - Processing /opt/airflow/dags/tasks/clustering.py took 1.669 seconds
[2023-05-18T07:58:10.465+0000] {processor.py:156} INFO - Started process (PID=4234) to work on /opt/airflow/dags/tasks/clustering.py
[2023-05-18T07:58:10.466+0000] {processor.py:799} INFO - Processing file /opt/airflow/dags/tasks/clustering.py for tasks to queue
[2023-05-18T07:58:10.468+0000] {logging_mixin.py:149} INFO - [2023-05-18T07:58:10.467+0000] {dagbag.py:541} INFO - Filling up the DagBag from /opt/airflow/dags/tasks/clustering.py
[2023-05-18T07:58:12.072+0000] {processor.py:811} WARNING - No viable dags retrieved from /opt/airflow/dags/tasks/clustering.py
[2023-05-18T07:58:12.088+0000] {processor.py:178} INFO - Processing /opt/airflow/dags/tasks/clustering.py took 1.625 seconds
[2023-05-18T07:58:42.796+0000] {processor.py:156} INFO - Started process (PID=4283) to work on /opt/airflow/dags/tasks/clustering.py
[2023-05-18T07:58:42.797+0000] {processor.py:799} INFO - Processing file /opt/airflow/dags/tasks/clustering.py for tasks to queue
[2023-05-18T07:58:42.799+0000] {logging_mixin.py:149} INFO - [2023-05-18T07:58:42.799+0000] {dagbag.py:541} INFO - Filling up the DagBag from /opt/airflow/dags/tasks/clustering.py
[2023-05-18T07:58:44.404+0000] {processor.py:811} WARNING - No viable dags retrieved from /opt/airflow/dags/tasks/clustering.py
[2023-05-18T07:58:44.421+0000] {processor.py:178} INFO - Processing /opt/airflow/dags/tasks/clustering.py took 1.626 seconds
[2023-05-18T07:59:15.145+0000] {processor.py:156} INFO - Started process (PID=4332) to work on /opt/airflow/dags/tasks/clustering.py
[2023-05-18T07:59:15.146+0000] {processor.py:799} INFO - Processing file /opt/airflow/dags/tasks/clustering.py for tasks to queue
[2023-05-18T07:59:15.147+0000] {logging_mixin.py:149} INFO - [2023-05-18T07:59:15.147+0000] {dagbag.py:541} INFO - Filling up the DagBag from /opt/airflow/dags/tasks/clustering.py
[2023-05-18T07:59:16.758+0000] {processor.py:811} WARNING - No viable dags retrieved from /opt/airflow/dags/tasks/clustering.py
[2023-05-18T07:59:16.774+0000] {processor.py:178} INFO - Processing /opt/airflow/dags/tasks/clustering.py took 1.632 seconds
[2023-05-18T07:59:47.592+0000] {processor.py:156} INFO - Started process (PID=4381) to work on /opt/airflow/dags/tasks/clustering.py
[2023-05-18T07:59:47.593+0000] {processor.py:799} INFO - Processing file /opt/airflow/dags/tasks/clustering.py for tasks to queue
[2023-05-18T07:59:47.594+0000] {logging_mixin.py:149} INFO - [2023-05-18T07:59:47.594+0000] {dagbag.py:541} INFO - Filling up the DagBag from /opt/airflow/dags/tasks/clustering.py
[2023-05-18T07:59:49.190+0000] {processor.py:811} WARNING - No viable dags retrieved from /opt/airflow/dags/tasks/clustering.py
[2023-05-18T07:59:49.207+0000] {processor.py:178} INFO - Processing /opt/airflow/dags/tasks/clustering.py took 1.617 seconds
[2023-05-18T08:00:19.915+0000] {processor.py:156} INFO - Started process (PID=4430) to work on /opt/airflow/dags/tasks/clustering.py
[2023-05-18T08:00:19.916+0000] {processor.py:799} INFO - Processing file /opt/airflow/dags/tasks/clustering.py for tasks to queue
[2023-05-18T08:00:19.918+0000] {logging_mixin.py:149} INFO - [2023-05-18T08:00:19.917+0000] {dagbag.py:541} INFO - Filling up the DagBag from /opt/airflow/dags/tasks/clustering.py
[2023-05-18T08:00:21.546+0000] {processor.py:811} WARNING - No viable dags retrieved from /opt/airflow/dags/tasks/clustering.py
[2023-05-18T08:00:21.563+0000] {processor.py:178} INFO - Processing /opt/airflow/dags/tasks/clustering.py took 1.649 seconds
[2023-05-18T08:00:52.218+0000] {processor.py:156} INFO - Started process (PID=4479) to work on /opt/airflow/dags/tasks/clustering.py
[2023-05-18T08:00:52.220+0000] {processor.py:799} INFO - Processing file /opt/airflow/dags/tasks/clustering.py for tasks to queue
[2023-05-18T08:00:52.221+0000] {logging_mixin.py:149} INFO - [2023-05-18T08:00:52.221+0000] {dagbag.py:541} INFO - Filling up the DagBag from /opt/airflow/dags/tasks/clustering.py
[2023-05-18T08:00:53.834+0000] {processor.py:811} WARNING - No viable dags retrieved from /opt/airflow/dags/tasks/clustering.py
[2023-05-18T08:00:53.852+0000] {processor.py:178} INFO - Processing /opt/airflow/dags/tasks/clustering.py took 1.636 seconds
[2023-05-18T08:01:24.752+0000] {processor.py:156} INFO - Started process (PID=4528) to work on /opt/airflow/dags/tasks/clustering.py
[2023-05-18T08:01:24.753+0000] {processor.py:799} INFO - Processing file /opt/airflow/dags/tasks/clustering.py for tasks to queue
[2023-05-18T08:01:24.754+0000] {logging_mixin.py:149} INFO - [2023-05-18T08:01:24.754+0000] {dagbag.py:541} INFO - Filling up the DagBag from /opt/airflow/dags/tasks/clustering.py
[2023-05-18T08:01:26.393+0000] {processor.py:811} WARNING - No viable dags retrieved from /opt/airflow/dags/tasks/clustering.py
[2023-05-18T08:01:26.411+0000] {processor.py:178} INFO - Processing /opt/airflow/dags/tasks/clustering.py took 1.661 seconds
[2023-05-18T08:01:57.052+0000] {processor.py:156} INFO - Started process (PID=4577) to work on /opt/airflow/dags/tasks/clustering.py
[2023-05-18T08:01:57.053+0000] {processor.py:799} INFO - Processing file /opt/airflow/dags/tasks/clustering.py for tasks to queue
[2023-05-18T08:01:57.054+0000] {logging_mixin.py:149} INFO - [2023-05-18T08:01:57.054+0000] {dagbag.py:541} INFO - Filling up the DagBag from /opt/airflow/dags/tasks/clustering.py
[2023-05-18T08:01:58.682+0000] {processor.py:811} WARNING - No viable dags retrieved from /opt/airflow/dags/tasks/clustering.py
[2023-05-18T08:01:58.700+0000] {processor.py:178} INFO - Processing /opt/airflow/dags/tasks/clustering.py took 1.650 seconds
[2023-05-18T08:02:29.368+0000] {processor.py:156} INFO - Started process (PID=4626) to work on /opt/airflow/dags/tasks/clustering.py
[2023-05-18T08:02:29.370+0000] {processor.py:799} INFO - Processing file /opt/airflow/dags/tasks/clustering.py for tasks to queue
[2023-05-18T08:02:29.372+0000] {logging_mixin.py:149} INFO - [2023-05-18T08:02:29.372+0000] {dagbag.py:541} INFO - Filling up the DagBag from /opt/airflow/dags/tasks/clustering.py
[2023-05-18T08:02:31.125+0000] {processor.py:811} WARNING - No viable dags retrieved from /opt/airflow/dags/tasks/clustering.py
[2023-05-18T08:02:31.142+0000] {processor.py:178} INFO - Processing /opt/airflow/dags/tasks/clustering.py took 1.777 seconds
[2023-05-18T08:03:01.809+0000] {processor.py:156} INFO - Started process (PID=4681) to work on /opt/airflow/dags/tasks/clustering.py
[2023-05-18T08:03:01.811+0000] {processor.py:799} INFO - Processing file /opt/airflow/dags/tasks/clustering.py for tasks to queue
[2023-05-18T08:03:01.811+0000] {logging_mixin.py:149} INFO - [2023-05-18T08:03:01.811+0000] {dagbag.py:541} INFO - Filling up the DagBag from /opt/airflow/dags/tasks/clustering.py
[2023-05-18T08:03:03.628+0000] {processor.py:811} WARNING - No viable dags retrieved from /opt/airflow/dags/tasks/clustering.py
[2023-05-18T08:03:03.646+0000] {processor.py:178} INFO - Processing /opt/airflow/dags/tasks/clustering.py took 1.840 seconds
[2023-05-18T08:03:11.779+0000] {processor.py:156} INFO - Started process (PID=4703) to work on /opt/airflow/dags/tasks/clustering.py
[2023-05-18T08:03:11.781+0000] {processor.py:799} INFO - Processing file /opt/airflow/dags/tasks/clustering.py for tasks to queue
[2023-05-18T08:03:11.782+0000] {logging_mixin.py:149} INFO - [2023-05-18T08:03:11.781+0000] {dagbag.py:541} INFO - Filling up the DagBag from /opt/airflow/dags/tasks/clustering.py
[2023-05-18T08:03:13.527+0000] {processor.py:811} WARNING - No viable dags retrieved from /opt/airflow/dags/tasks/clustering.py
[2023-05-18T08:03:13.544+0000] {processor.py:178} INFO - Processing /opt/airflow/dags/tasks/clustering.py took 1.767 seconds
[2023-05-18T08:03:44.347+0000] {processor.py:156} INFO - Started process (PID=4769) to work on /opt/airflow/dags/tasks/clustering.py
[2023-05-18T08:03:44.348+0000] {processor.py:799} INFO - Processing file /opt/airflow/dags/tasks/clustering.py for tasks to queue
[2023-05-18T08:03:44.350+0000] {logging_mixin.py:149} INFO - [2023-05-18T08:03:44.350+0000] {dagbag.py:541} INFO - Filling up the DagBag from /opt/airflow/dags/tasks/clustering.py
[2023-05-18T08:03:46.093+0000] {processor.py:811} WARNING - No viable dags retrieved from /opt/airflow/dags/tasks/clustering.py
[2023-05-18T08:03:46.112+0000] {processor.py:178} INFO - Processing /opt/airflow/dags/tasks/clustering.py took 1.768 seconds
[2023-05-18T08:04:16.706+0000] {processor.py:156} INFO - Started process (PID=5237) to work on /opt/airflow/dags/tasks/clustering.py
[2023-05-18T08:04:16.708+0000] {processor.py:799} INFO - Processing file /opt/airflow/dags/tasks/clustering.py for tasks to queue
[2023-05-18T08:04:16.709+0000] {logging_mixin.py:149} INFO - [2023-05-18T08:04:16.709+0000] {dagbag.py:541} INFO - Filling up the DagBag from /opt/airflow/dags/tasks/clustering.py
[2023-05-18T08:04:18.765+0000] {processor.py:811} WARNING - No viable dags retrieved from /opt/airflow/dags/tasks/clustering.py
[2023-05-18T08:04:18.787+0000] {processor.py:178} INFO - Processing /opt/airflow/dags/tasks/clustering.py took 2.084 seconds
[2023-05-18T08:04:49.141+0000] {processor.py:156} INFO - Started process (PID=6368) to work on /opt/airflow/dags/tasks/clustering.py
[2023-05-18T08:04:49.142+0000] {processor.py:799} INFO - Processing file /opt/airflow/dags/tasks/clustering.py for tasks to queue
[2023-05-18T08:04:49.143+0000] {logging_mixin.py:149} INFO - [2023-05-18T08:04:49.143+0000] {dagbag.py:541} INFO - Filling up the DagBag from /opt/airflow/dags/tasks/clustering.py
[2023-05-18T08:04:51.247+0000] {processor.py:811} WARNING - No viable dags retrieved from /opt/airflow/dags/tasks/clustering.py
[2023-05-18T08:04:51.274+0000] {processor.py:178} INFO - Processing /opt/airflow/dags/tasks/clustering.py took 2.137 seconds
[2023-05-18T08:05:21.365+0000] {processor.py:156} INFO - Started process (PID=7513) to work on /opt/airflow/dags/tasks/clustering.py
[2023-05-18T08:05:21.367+0000] {processor.py:799} INFO - Processing file /opt/airflow/dags/tasks/clustering.py for tasks to queue
[2023-05-18T08:05:21.368+0000] {logging_mixin.py:149} INFO - [2023-05-18T08:05:21.368+0000] {dagbag.py:541} INFO - Filling up the DagBag from /opt/airflow/dags/tasks/clustering.py
[2023-05-18T08:05:23.436+0000] {processor.py:811} WARNING - No viable dags retrieved from /opt/airflow/dags/tasks/clustering.py
[2023-05-18T08:05:23.457+0000] {processor.py:178} INFO - Processing /opt/airflow/dags/tasks/clustering.py took 2.095 seconds
[2023-05-18T08:05:53.808+0000] {processor.py:156} INFO - Started process (PID=8540) to work on /opt/airflow/dags/tasks/clustering.py
[2023-05-18T08:05:53.809+0000] {processor.py:799} INFO - Processing file /opt/airflow/dags/tasks/clustering.py for tasks to queue
[2023-05-18T08:05:53.810+0000] {logging_mixin.py:149} INFO - [2023-05-18T08:05:53.810+0000] {dagbag.py:541} INFO - Filling up the DagBag from /opt/airflow/dags/tasks/clustering.py
[2023-05-18T08:05:55.677+0000] {processor.py:811} WARNING - No viable dags retrieved from /opt/airflow/dags/tasks/clustering.py
[2023-05-18T08:05:55.695+0000] {processor.py:178} INFO - Processing /opt/airflow/dags/tasks/clustering.py took 1.891 seconds
[2023-05-18T08:06:26.311+0000] {processor.py:156} INFO - Started process (PID=8604) to work on /opt/airflow/dags/tasks/clustering.py
[2023-05-18T08:06:26.313+0000] {processor.py:799} INFO - Processing file /opt/airflow/dags/tasks/clustering.py for tasks to queue
[2023-05-18T08:06:26.314+0000] {logging_mixin.py:149} INFO - [2023-05-18T08:06:26.314+0000] {dagbag.py:541} INFO - Filling up the DagBag from /opt/airflow/dags/tasks/clustering.py
[2023-05-18T08:06:28.008+0000] {processor.py:811} WARNING - No viable dags retrieved from /opt/airflow/dags/tasks/clustering.py
[2023-05-18T08:06:28.028+0000] {processor.py:178} INFO - Processing /opt/airflow/dags/tasks/clustering.py took 1.719 seconds
[2023-05-18T08:06:58.786+0000] {processor.py:156} INFO - Started process (PID=8653) to work on /opt/airflow/dags/tasks/clustering.py
[2023-05-18T08:06:58.787+0000] {processor.py:799} INFO - Processing file /opt/airflow/dags/tasks/clustering.py for tasks to queue
[2023-05-18T08:06:58.788+0000] {logging_mixin.py:149} INFO - [2023-05-18T08:06:58.788+0000] {dagbag.py:541} INFO - Filling up the DagBag from /opt/airflow/dags/tasks/clustering.py
[2023-05-18T08:07:00.487+0000] {processor.py:811} WARNING - No viable dags retrieved from /opt/airflow/dags/tasks/clustering.py
[2023-05-18T08:07:00.504+0000] {processor.py:178} INFO - Processing /opt/airflow/dags/tasks/clustering.py took 1.721 seconds
[2023-05-18T08:07:31.234+0000] {processor.py:156} INFO - Started process (PID=8702) to work on /opt/airflow/dags/tasks/clustering.py
[2023-05-18T08:07:31.236+0000] {processor.py:799} INFO - Processing file /opt/airflow/dags/tasks/clustering.py for tasks to queue
[2023-05-18T08:07:31.237+0000] {logging_mixin.py:149} INFO - [2023-05-18T08:07:31.237+0000] {dagbag.py:541} INFO - Filling up the DagBag from /opt/airflow/dags/tasks/clustering.py
[2023-05-18T08:07:33.071+0000] {processor.py:811} WARNING - No viable dags retrieved from /opt/airflow/dags/tasks/clustering.py
[2023-05-18T08:07:33.088+0000] {processor.py:178} INFO - Processing /opt/airflow/dags/tasks/clustering.py took 1.856 seconds
[2023-05-18T08:08:03.826+0000] {processor.py:156} INFO - Started process (PID=8758) to work on /opt/airflow/dags/tasks/clustering.py
[2023-05-18T08:08:03.828+0000] {processor.py:799} INFO - Processing file /opt/airflow/dags/tasks/clustering.py for tasks to queue
[2023-05-18T08:08:03.829+0000] {logging_mixin.py:149} INFO - [2023-05-18T08:08:03.829+0000] {dagbag.py:541} INFO - Filling up the DagBag from /opt/airflow/dags/tasks/clustering.py
[2023-05-18T08:08:05.612+0000] {processor.py:811} WARNING - No viable dags retrieved from /opt/airflow/dags/tasks/clustering.py
[2023-05-18T08:08:05.629+0000] {processor.py:178} INFO - Processing /opt/airflow/dags/tasks/clustering.py took 1.805 seconds
[2023-05-18T08:08:36.411+0000] {processor.py:156} INFO - Started process (PID=8807) to work on /opt/airflow/dags/tasks/clustering.py
[2023-05-18T08:08:36.412+0000] {processor.py:799} INFO - Processing file /opt/airflow/dags/tasks/clustering.py for tasks to queue
[2023-05-18T08:08:36.413+0000] {logging_mixin.py:149} INFO - [2023-05-18T08:08:36.413+0000] {dagbag.py:541} INFO - Filling up the DagBag from /opt/airflow/dags/tasks/clustering.py
[2023-05-18T08:08:38.139+0000] {processor.py:811} WARNING - No viable dags retrieved from /opt/airflow/dags/tasks/clustering.py
[2023-05-18T08:08:38.157+0000] {processor.py:178} INFO - Processing /opt/airflow/dags/tasks/clustering.py took 1.749 seconds
[2023-05-18T08:09:08.847+0000] {processor.py:156} INFO - Started process (PID=8856) to work on /opt/airflow/dags/tasks/clustering.py
[2023-05-18T08:09:08.849+0000] {processor.py:799} INFO - Processing file /opt/airflow/dags/tasks/clustering.py for tasks to queue
[2023-05-18T08:09:08.850+0000] {logging_mixin.py:149} INFO - [2023-05-18T08:09:08.849+0000] {dagbag.py:541} INFO - Filling up the DagBag from /opt/airflow/dags/tasks/clustering.py
[2023-05-18T08:09:10.434+0000] {processor.py:811} WARNING - No viable dags retrieved from /opt/airflow/dags/tasks/clustering.py
[2023-05-18T08:09:10.451+0000] {processor.py:178} INFO - Processing /opt/airflow/dags/tasks/clustering.py took 1.606 seconds
[2023-05-18T08:09:40.536+0000] {processor.py:156} INFO - Started process (PID=8905) to work on /opt/airflow/dags/tasks/clustering.py
[2023-05-18T08:09:40.538+0000] {processor.py:799} INFO - Processing file /opt/airflow/dags/tasks/clustering.py for tasks to queue
[2023-05-18T08:09:40.540+0000] {logging_mixin.py:149} INFO - [2023-05-18T08:09:40.540+0000] {dagbag.py:541} INFO - Filling up the DagBag from /opt/airflow/dags/tasks/clustering.py
[2023-05-18T08:09:42.261+0000] {processor.py:811} WARNING - No viable dags retrieved from /opt/airflow/dags/tasks/clustering.py
[2023-05-18T08:09:42.279+0000] {processor.py:178} INFO - Processing /opt/airflow/dags/tasks/clustering.py took 1.745 seconds
[2023-05-18T08:10:12.832+0000] {processor.py:156} INFO - Started process (PID=8954) to work on /opt/airflow/dags/tasks/clustering.py
[2023-05-18T08:10:12.833+0000] {processor.py:799} INFO - Processing file /opt/airflow/dags/tasks/clustering.py for tasks to queue
[2023-05-18T08:10:12.834+0000] {logging_mixin.py:149} INFO - [2023-05-18T08:10:12.834+0000] {dagbag.py:541} INFO - Filling up the DagBag from /opt/airflow/dags/tasks/clustering.py
[2023-05-18T08:10:14.498+0000] {processor.py:811} WARNING - No viable dags retrieved from /opt/airflow/dags/tasks/clustering.py
[2023-05-18T08:10:14.514+0000] {processor.py:178} INFO - Processing /opt/airflow/dags/tasks/clustering.py took 1.684 seconds
[2023-05-18T08:10:45.162+0000] {processor.py:156} INFO - Started process (PID=9004) to work on /opt/airflow/dags/tasks/clustering.py
[2023-05-18T08:10:45.164+0000] {processor.py:799} INFO - Processing file /opt/airflow/dags/tasks/clustering.py for tasks to queue
[2023-05-18T08:10:45.165+0000] {logging_mixin.py:149} INFO - [2023-05-18T08:10:45.165+0000] {dagbag.py:541} INFO - Filling up the DagBag from /opt/airflow/dags/tasks/clustering.py
[2023-05-18T08:10:46.941+0000] {processor.py:811} WARNING - No viable dags retrieved from /opt/airflow/dags/tasks/clustering.py
[2023-05-18T08:10:46.957+0000] {processor.py:178} INFO - Processing /opt/airflow/dags/tasks/clustering.py took 1.797 seconds
