[2023-05-17T16:45:54.909+0000] {taskinstance.py:1125} INFO - Dependencies all met for dep_context=non-requeueable deps ti=<TaskInstance: fondue_dag.is_api_active scheduled__2023-05-11T00:00:00+00:00 [queued]>
[2023-05-17T16:45:54.933+0000] {taskinstance.py:1125} INFO - Dependencies all met for dep_context=requeueable deps ti=<TaskInstance: fondue_dag.is_api_active scheduled__2023-05-11T00:00:00+00:00 [queued]>
[2023-05-17T16:45:54.934+0000] {taskinstance.py:1331} INFO - Starting attempt 1 of 2
[2023-05-17T16:45:54.961+0000] {taskinstance.py:1350} INFO - Executing <Task(HttpSensor): is_api_active> on 2023-05-11 00:00:00+00:00
[2023-05-17T16:45:54.969+0000] {standard_task_runner.py:57} INFO - Started process 803 to run task
[2023-05-17T16:45:54.974+0000] {standard_task_runner.py:84} INFO - Running: ['***', 'tasks', 'run', 'fondue_dag', 'is_api_active', 'scheduled__2023-05-11T00:00:00+00:00', '--job-id', '8', '--raw', '--subdir', 'DAGS_FOLDER/fondue_dag.py', '--cfg-path', '/tmp/tmppgd6414n']
[2023-05-17T16:45:54.977+0000] {standard_task_runner.py:85} INFO - Job 8: Subtask is_api_active
[2023-05-17T16:45:55.047+0000] {task_command.py:410} INFO - Running <TaskInstance: fondue_dag.is_api_active scheduled__2023-05-11T00:00:00+00:00 [running]> on host 8cf8fb9e28f7
[2023-05-17T16:45:55.144+0000] {taskinstance.py:1570} INFO - Exporting env vars: AIRFLOW_CTX_DAG_EMAIL='Bhuribhat@gmail.com' AIRFLOW_CTX_DAG_OWNER='pras' AIRFLOW_CTX_DAG_ID='fondue_dag' AIRFLOW_CTX_TASK_ID='is_api_active' AIRFLOW_CTX_EXECUTION_DATE='2023-05-11T00:00:00+00:00' AIRFLOW_CTX_TRY_NUMBER='1' AIRFLOW_CTX_DAG_RUN_ID='scheduled__2023-05-11T00:00:00+00:00'
[2023-05-17T16:45:55.146+0000] {http.py:122} INFO - Poking: https://publicapi.traffy.in.th/share/teamchadchart/search
[2023-05-17T16:46:05.945+0000] {base.py:255} INFO - Success criteria met. Exiting.
[2023-05-17T16:46:05.957+0000] {taskinstance.py:1373} INFO - Marking task as SUCCESS. dag_id=fondue_dag, task_id=is_api_active, execution_date=20230511T000000, start_date=20230517T164554, end_date=20230517T164605
[2023-05-17T16:46:06.059+0000] {local_task_job_runner.py:232} INFO - Task exited with return code 0
[2023-05-17T16:46:06.119+0000] {taskinstance.py:2674} INFO - 1 downstream tasks scheduled from follow-on schedule check
[2023-05-17T17:54:38.655+0000] {taskinstance.py:1125} INFO - Dependencies all met for dep_context=non-requeueable deps ti=<TaskInstance: fondue_dag.is_api_active scheduled__2023-05-11T00:00:00+00:00 [queued]>
[2023-05-17T17:54:38.674+0000] {taskinstance.py:1125} INFO - Dependencies all met for dep_context=requeueable deps ti=<TaskInstance: fondue_dag.is_api_active scheduled__2023-05-11T00:00:00+00:00 [queued]>
[2023-05-17T17:54:38.675+0000] {taskinstance.py:1331} INFO - Starting attempt 1 of 2
[2023-05-17T17:54:38.703+0000] {taskinstance.py:1350} INFO - Executing <Task(HttpSensor): is_api_active> on 2023-05-11 00:00:00+00:00
[2023-05-17T17:54:38.718+0000] {standard_task_runner.py:57} INFO - Started process 371 to run task
[2023-05-17T17:54:38.721+0000] {standard_task_runner.py:84} INFO - Running: ['***', 'tasks', 'run', 'fondue_dag', 'is_api_active', 'scheduled__2023-05-11T00:00:00+00:00', '--job-id', '6', '--raw', '--subdir', 'DAGS_FOLDER/fondue_dag.py', '--cfg-path', '/tmp/tmpfrxjiv74']
[2023-05-17T17:54:38.724+0000] {standard_task_runner.py:85} INFO - Job 6: Subtask is_api_active
[2023-05-17T17:54:38.815+0000] {task_command.py:410} INFO - Running <TaskInstance: fondue_dag.is_api_active scheduled__2023-05-11T00:00:00+00:00 [running]> on host a37c7bc3731c
[2023-05-17T17:54:38.966+0000] {taskinstance.py:1570} INFO - Exporting env vars: AIRFLOW_CTX_DAG_EMAIL='Bhuribhat@gmail.com' AIRFLOW_CTX_DAG_OWNER='pras' AIRFLOW_CTX_DAG_ID='fondue_dag' AIRFLOW_CTX_TASK_ID='is_api_active' AIRFLOW_CTX_EXECUTION_DATE='2023-05-11T00:00:00+00:00' AIRFLOW_CTX_TRY_NUMBER='1' AIRFLOW_CTX_DAG_RUN_ID='scheduled__2023-05-11T00:00:00+00:00'
[2023-05-17T17:54:38.968+0000] {http.py:122} INFO - Poking: https://publicapi.traffy.in.th/share/teamchadchart/search
[2023-05-17T17:54:50.184+0000] {base.py:255} INFO - Success criteria met. Exiting.
[2023-05-17T17:54:50.200+0000] {taskinstance.py:1373} INFO - Marking task as SUCCESS. dag_id=fondue_dag, task_id=is_api_active, execution_date=20230511T000000, start_date=20230517T175438, end_date=20230517T175450
[2023-05-17T17:54:50.328+0000] {local_task_job_runner.py:232} INFO - Task exited with return code 0
[2023-05-17T17:54:50.395+0000] {taskinstance.py:2674} INFO - 1 downstream tasks scheduled from follow-on schedule check
[2023-05-17T18:17:29.393+0000] {taskinstance.py:1125} INFO - Dependencies all met for dep_context=non-requeueable deps ti=<TaskInstance: fondue_dag.is_api_active scheduled__2023-05-11T00:00:00+00:00 [queued]>
[2023-05-17T18:17:29.422+0000] {taskinstance.py:1125} INFO - Dependencies all met for dep_context=requeueable deps ti=<TaskInstance: fondue_dag.is_api_active scheduled__2023-05-11T00:00:00+00:00 [queued]>
[2023-05-17T18:17:29.423+0000] {taskinstance.py:1331} INFO - Starting attempt 1 of 2
[2023-05-17T18:17:29.692+0000] {taskinstance.py:1350} INFO - Executing <Task(HttpSensor): is_api_active> on 2023-05-11 00:00:00+00:00
[2023-05-17T18:17:29.708+0000] {standard_task_runner.py:57} INFO - Started process 492 to run task
[2023-05-17T18:17:29.718+0000] {standard_task_runner.py:84} INFO - Running: ['***', 'tasks', 'run', 'fondue_dag', 'is_api_active', 'scheduled__2023-05-11T00:00:00+00:00', '--job-id', '8', '--raw', '--subdir', 'DAGS_FOLDER/fondue_dag.py', '--cfg-path', '/tmp/tmp8n23cxan']
[2023-05-17T18:17:29.722+0000] {standard_task_runner.py:85} INFO - Job 8: Subtask is_api_active
[2023-05-17T18:17:30.068+0000] {task_command.py:410} INFO - Running <TaskInstance: fondue_dag.is_api_active scheduled__2023-05-11T00:00:00+00:00 [running]> on host 3390ff13fbf6
[2023-05-17T18:17:30.720+0000] {taskinstance.py:1570} INFO - Exporting env vars: AIRFLOW_CTX_DAG_EMAIL='Bhuribhat@gmail.com' AIRFLOW_CTX_DAG_OWNER='pras' AIRFLOW_CTX_DAG_ID='fondue_dag' AIRFLOW_CTX_TASK_ID='is_api_active' AIRFLOW_CTX_EXECUTION_DATE='2023-05-11T00:00:00+00:00' AIRFLOW_CTX_TRY_NUMBER='1' AIRFLOW_CTX_DAG_RUN_ID='scheduled__2023-05-11T00:00:00+00:00'
[2023-05-17T18:17:30.723+0000] {http.py:122} INFO - Poking: https://publicapi.traffy.in.th/share/teamchadchart/search
[2023-05-17T18:17:42.823+0000] {base.py:255} INFO - Success criteria met. Exiting.
[2023-05-17T18:17:42.835+0000] {taskinstance.py:1373} INFO - Marking task as SUCCESS. dag_id=fondue_dag, task_id=is_api_active, execution_date=20230511T000000, start_date=20230517T181729, end_date=20230517T181742
[2023-05-17T18:17:42.909+0000] {local_task_job_runner.py:232} INFO - Task exited with return code 0
[2023-05-17T18:17:42.956+0000] {taskinstance.py:2674} INFO - 1 downstream tasks scheduled from follow-on schedule check
[2023-05-17T18:25:18.774+0000] {taskinstance.py:1125} INFO - Dependencies all met for dep_context=non-requeueable deps ti=<TaskInstance: fondue_dag.is_api_active scheduled__2023-05-11T00:00:00+00:00 [queued]>
[2023-05-17T18:25:18.794+0000] {taskinstance.py:1125} INFO - Dependencies all met for dep_context=requeueable deps ti=<TaskInstance: fondue_dag.is_api_active scheduled__2023-05-11T00:00:00+00:00 [queued]>
[2023-05-17T18:25:18.795+0000] {taskinstance.py:1331} INFO - Starting attempt 1 of 2
[2023-05-17T18:25:18.819+0000] {taskinstance.py:1350} INFO - Executing <Task(HttpSensor): is_api_active> on 2023-05-11 00:00:00+00:00
[2023-05-17T18:25:18.829+0000] {standard_task_runner.py:57} INFO - Started process 492 to run task
[2023-05-17T18:25:18.834+0000] {standard_task_runner.py:84} INFO - Running: ['***', 'tasks', 'run', 'fondue_dag', 'is_api_active', 'scheduled__2023-05-11T00:00:00+00:00', '--job-id', '7', '--raw', '--subdir', 'DAGS_FOLDER/fondue_dag.py', '--cfg-path', '/tmp/tmpzpbg8viy']
[2023-05-17T18:25:18.838+0000] {standard_task_runner.py:85} INFO - Job 7: Subtask is_api_active
[2023-05-17T18:25:18.965+0000] {task_command.py:410} INFO - Running <TaskInstance: fondue_dag.is_api_active scheduled__2023-05-11T00:00:00+00:00 [running]> on host 70fcd41af239
[2023-05-17T18:25:19.110+0000] {taskinstance.py:1570} INFO - Exporting env vars: AIRFLOW_CTX_DAG_EMAIL='Bhuribhat@gmail.com' AIRFLOW_CTX_DAG_OWNER='pras' AIRFLOW_CTX_DAG_ID='fondue_dag' AIRFLOW_CTX_TASK_ID='is_api_active' AIRFLOW_CTX_EXECUTION_DATE='2023-05-11T00:00:00+00:00' AIRFLOW_CTX_TRY_NUMBER='1' AIRFLOW_CTX_DAG_RUN_ID='scheduled__2023-05-11T00:00:00+00:00'
[2023-05-17T18:25:19.111+0000] {http.py:122} INFO - Poking: https://publicapi.traffy.in.th/share/teamchadchart/search
[2023-05-17T18:25:40.476+0000] {base.py:255} INFO - Success criteria met. Exiting.
[2023-05-17T18:25:40.488+0000] {taskinstance.py:1373} INFO - Marking task as SUCCESS. dag_id=fondue_dag, task_id=is_api_active, execution_date=20230511T000000, start_date=20230517T182518, end_date=20230517T182540
[2023-05-17T18:25:40.531+0000] {local_task_job_runner.py:232} INFO - Task exited with return code 0
[2023-05-17T18:25:40.577+0000] {taskinstance.py:2674} INFO - 1 downstream tasks scheduled from follow-on schedule check
[2023-05-17T18:36:33.336+0000] {taskinstance.py:1125} INFO - Dependencies all met for dep_context=non-requeueable deps ti=<TaskInstance: fondue_dag.is_api_active scheduled__2023-05-11T00:00:00+00:00 [queued]>
[2023-05-17T18:36:33.357+0000] {taskinstance.py:1125} INFO - Dependencies all met for dep_context=requeueable deps ti=<TaskInstance: fondue_dag.is_api_active scheduled__2023-05-11T00:00:00+00:00 [queued]>
[2023-05-17T18:36:33.359+0000] {taskinstance.py:1331} INFO - Starting attempt 1 of 2
[2023-05-17T18:36:33.385+0000] {taskinstance.py:1350} INFO - Executing <Task(HttpSensor): is_api_active> on 2023-05-11 00:00:00+00:00
[2023-05-17T18:36:33.396+0000] {standard_task_runner.py:57} INFO - Started process 373 to run task
[2023-05-17T18:36:33.404+0000] {standard_task_runner.py:84} INFO - Running: ['***', 'tasks', 'run', 'fondue_dag', 'is_api_active', 'scheduled__2023-05-11T00:00:00+00:00', '--job-id', '8', '--raw', '--subdir', 'DAGS_FOLDER/fondue_dag.py', '--cfg-path', '/tmp/tmpgvobkpjf']
[2023-05-17T18:36:33.408+0000] {standard_task_runner.py:85} INFO - Job 8: Subtask is_api_active
[2023-05-17T18:36:33.505+0000] {task_command.py:410} INFO - Running <TaskInstance: fondue_dag.is_api_active scheduled__2023-05-11T00:00:00+00:00 [running]> on host 1545bed90dab
[2023-05-17T18:36:33.664+0000] {taskinstance.py:1570} INFO - Exporting env vars: AIRFLOW_CTX_DAG_EMAIL='Bhuribhat@gmail.com' AIRFLOW_CTX_DAG_OWNER='pras' AIRFLOW_CTX_DAG_ID='fondue_dag' AIRFLOW_CTX_TASK_ID='is_api_active' AIRFLOW_CTX_EXECUTION_DATE='2023-05-11T00:00:00+00:00' AIRFLOW_CTX_TRY_NUMBER='1' AIRFLOW_CTX_DAG_RUN_ID='scheduled__2023-05-11T00:00:00+00:00'
[2023-05-17T18:36:33.665+0000] {http.py:122} INFO - Poking: https://publicapi.traffy.in.th/share/teamchadchart/search
[2023-05-17T18:36:45.129+0000] {base.py:255} INFO - Success criteria met. Exiting.
[2023-05-17T18:36:45.142+0000] {taskinstance.py:1373} INFO - Marking task as SUCCESS. dag_id=fondue_dag, task_id=is_api_active, execution_date=20230511T000000, start_date=20230517T183633, end_date=20230517T183645
[2023-05-17T18:36:45.290+0000] {local_task_job_runner.py:232} INFO - Task exited with return code 0
[2023-05-17T18:36:45.338+0000] {taskinstance.py:2674} INFO - 1 downstream tasks scheduled from follow-on schedule check
[2023-05-18T06:40:43.406+0000] {taskinstance.py:1125} INFO - Dependencies all met for dep_context=non-requeueable deps ti=<TaskInstance: fondue_dag.is_api_active scheduled__2023-05-11T00:00:00+00:00 [queued]>
[2023-05-18T06:40:43.430+0000] {taskinstance.py:1125} INFO - Dependencies all met for dep_context=requeueable deps ti=<TaskInstance: fondue_dag.is_api_active scheduled__2023-05-11T00:00:00+00:00 [queued]>
[2023-05-18T06:40:43.431+0000] {taskinstance.py:1331} INFO - Starting attempt 1 of 2
[2023-05-18T06:40:43.475+0000] {taskinstance.py:1350} INFO - Executing <Task(HttpSensor): is_api_active> on 2023-05-11 00:00:00+00:00
[2023-05-18T06:40:43.489+0000] {standard_task_runner.py:57} INFO - Started process 821 to run task
[2023-05-18T06:40:43.497+0000] {standard_task_runner.py:84} INFO - Running: ['***', 'tasks', 'run', 'fondue_dag', 'is_api_active', 'scheduled__2023-05-11T00:00:00+00:00', '--job-id', '11', '--raw', '--subdir', 'DAGS_FOLDER/fondue_dag.py', '--cfg-path', '/tmp/tmprf25ethl']
[2023-05-18T06:40:43.502+0000] {standard_task_runner.py:85} INFO - Job 11: Subtask is_api_active
[2023-05-18T06:40:43.612+0000] {task_command.py:410} INFO - Running <TaskInstance: fondue_dag.is_api_active scheduled__2023-05-11T00:00:00+00:00 [running]> on host 714a0c7ad307
[2023-05-18T06:40:43.828+0000] {taskinstance.py:1570} INFO - Exporting env vars: AIRFLOW_CTX_DAG_EMAIL='Bhuribhat@gmail.com' AIRFLOW_CTX_DAG_OWNER='pras' AIRFLOW_CTX_DAG_ID='fondue_dag' AIRFLOW_CTX_TASK_ID='is_api_active' AIRFLOW_CTX_EXECUTION_DATE='2023-05-11T00:00:00+00:00' AIRFLOW_CTX_TRY_NUMBER='1' AIRFLOW_CTX_DAG_RUN_ID='scheduled__2023-05-11T00:00:00+00:00'
[2023-05-18T06:40:43.830+0000] {http.py:122} INFO - Poking: https://publicapi.traffy.in.th/share/teamchadchart/search
[2023-05-18T06:40:53.375+0000] {base.py:255} INFO - Success criteria met. Exiting.
[2023-05-18T06:40:53.391+0000] {taskinstance.py:1373} INFO - Marking task as SUCCESS. dag_id=fondue_dag, task_id=is_api_active, execution_date=20230511T000000, start_date=20230518T064043, end_date=20230518T064053
[2023-05-18T06:40:53.430+0000] {local_task_job_runner.py:232} INFO - Task exited with return code 0
[2023-05-18T06:40:53.520+0000] {taskinstance.py:2674} INFO - 1 downstream tasks scheduled from follow-on schedule check
[2023-05-18T06:52:35.969+0000] {taskinstance.py:1125} INFO - Dependencies all met for dep_context=non-requeueable deps ti=<TaskInstance: fondue_dag.is_api_active scheduled__2023-05-11T00:00:00+00:00 [queued]>
[2023-05-18T06:52:35.988+0000] {taskinstance.py:1125} INFO - Dependencies all met for dep_context=requeueable deps ti=<TaskInstance: fondue_dag.is_api_active scheduled__2023-05-11T00:00:00+00:00 [queued]>
[2023-05-18T06:52:35.989+0000] {taskinstance.py:1331} INFO - Starting attempt 1 of 2
[2023-05-18T06:52:36.024+0000] {taskinstance.py:1350} INFO - Executing <Task(HttpSensor): is_api_active> on 2023-05-11 00:00:00+00:00
[2023-05-18T06:52:36.033+0000] {standard_task_runner.py:57} INFO - Started process 526 to run task
[2023-05-18T06:52:36.037+0000] {standard_task_runner.py:84} INFO - Running: ['***', 'tasks', 'run', 'fondue_dag', 'is_api_active', 'scheduled__2023-05-11T00:00:00+00:00', '--job-id', '5', '--raw', '--subdir', 'DAGS_FOLDER/fondue_dag.py', '--cfg-path', '/tmp/tmp1ittnvxw']
[2023-05-18T06:52:36.039+0000] {standard_task_runner.py:85} INFO - Job 5: Subtask is_api_active
[2023-05-18T06:52:36.131+0000] {task_command.py:410} INFO - Running <TaskInstance: fondue_dag.is_api_active scheduled__2023-05-11T00:00:00+00:00 [running]> on host 26547302378e
[2023-05-18T06:52:36.342+0000] {taskinstance.py:1570} INFO - Exporting env vars: AIRFLOW_CTX_DAG_EMAIL='Bhuribhat@gmail.com' AIRFLOW_CTX_DAG_OWNER='pras' AIRFLOW_CTX_DAG_ID='fondue_dag' AIRFLOW_CTX_TASK_ID='is_api_active' AIRFLOW_CTX_EXECUTION_DATE='2023-05-11T00:00:00+00:00' AIRFLOW_CTX_TRY_NUMBER='1' AIRFLOW_CTX_DAG_RUN_ID='scheduled__2023-05-11T00:00:00+00:00'
[2023-05-18T06:52:36.345+0000] {http.py:122} INFO - Poking: https://publicapi.traffy.in.th/share/teamchadchart/search
[2023-05-18T06:53:07.864+0000] {base.py:255} INFO - Success criteria met. Exiting.
[2023-05-18T06:53:07.880+0000] {taskinstance.py:1373} INFO - Marking task as SUCCESS. dag_id=fondue_dag, task_id=is_api_active, execution_date=20230511T000000, start_date=20230518T065235, end_date=20230518T065307
[2023-05-18T06:53:08.052+0000] {local_task_job_runner.py:232} INFO - Task exited with return code 0
[2023-05-18T06:53:08.135+0000] {taskinstance.py:2674} INFO - 1 downstream tasks scheduled from follow-on schedule check
