[2023-05-18T06:47:33.211+0000] {taskinstance.py:1125} INFO - Dependencies all met for dep_context=non-requeueable deps ti=<TaskInstance: fondue_dag.visualize_data scheduled__2023-05-17T00:00:00+00:00 [queued]>
[2023-05-18T06:47:33.233+0000] {taskinstance.py:1125} INFO - Dependencies all met for dep_context=requeueable deps ti=<TaskInstance: fondue_dag.visualize_data scheduled__2023-05-17T00:00:00+00:00 [queued]>
[2023-05-18T06:47:33.234+0000] {taskinstance.py:1331} INFO - Starting attempt 1 of 2
[2023-05-18T06:47:33.272+0000] {taskinstance.py:1350} INFO - Executing <Task(PythonOperator): visualize_data> on 2023-05-17 00:00:00+00:00
[2023-05-18T06:47:33.286+0000] {standard_task_runner.py:57} INFO - Started process 4799 to run task
[2023-05-18T06:47:33.290+0000] {standard_task_runner.py:84} INFO - Running: ['***', 'tasks', 'run', 'fondue_dag', 'visualize_data', 'scheduled__2023-05-17T00:00:00+00:00', '--job-id', '60', '--raw', '--subdir', 'DAGS_FOLDER/fondue_dag.py', '--cfg-path', '/tmp/tmpc42g14ub']
[2023-05-18T06:47:33.293+0000] {standard_task_runner.py:85} INFO - Job 60: Subtask visualize_data
[2023-05-18T06:47:33.398+0000] {task_command.py:410} INFO - Running <TaskInstance: fondue_dag.visualize_data scheduled__2023-05-17T00:00:00+00:00 [running]> on host 714a0c7ad307
[2023-05-18T06:47:33.631+0000] {taskinstance.py:1570} INFO - Exporting env vars: AIRFLOW_CTX_DAG_EMAIL='Bhuribhat@gmail.com' AIRFLOW_CTX_DAG_OWNER='pras' AIRFLOW_CTX_DAG_ID='fondue_dag' AIRFLOW_CTX_TASK_ID='visualize_data' AIRFLOW_CTX_EXECUTION_DATE='2023-05-17T00:00:00+00:00' AIRFLOW_CTX_TRY_NUMBER='1' AIRFLOW_CTX_DAG_RUN_ID='scheduled__2023-05-17T00:00:00+00:00'
[2023-05-18T06:47:33.969+0000] {font_manager.py:1352} WARNING - findfont: Font family ['TH Sarabun Chula'] not found. Falling back to DejaVu Sans.
[2023-05-18T06:47:34.001+0000] {font_manager.py:1352} WARNING - findfont: Font family ['TH Sarabun Chula'] not found. Falling back to DejaVu Sans.
[2023-05-18T06:47:45.227+0000] {python.py:183} INFO - Done. Returned value was: None
[2023-05-18T06:47:45.243+0000] {taskinstance.py:1373} INFO - Marking task as SUCCESS. dag_id=fondue_dag, task_id=visualize_data, execution_date=20230517T000000, start_date=20230518T064733, end_date=20230518T064745
[2023-05-18T06:47:45.311+0000] {local_task_job_runner.py:232} INFO - Task exited with return code 0
[2023-05-18T06:47:45.343+0000] {taskinstance.py:2674} INFO - 0 downstream tasks scheduled from follow-on schedule check
[2023-05-18T06:53:30.197+0000] {taskinstance.py:1125} INFO - Dependencies all met for dep_context=non-requeueable deps ti=<TaskInstance: fondue_dag.visualize_data scheduled__2023-05-17T00:00:00+00:00 [queued]>
[2023-05-18T06:53:30.229+0000] {taskinstance.py:1125} INFO - Dependencies all met for dep_context=requeueable deps ti=<TaskInstance: fondue_dag.visualize_data scheduled__2023-05-17T00:00:00+00:00 [queued]>
[2023-05-18T06:53:30.230+0000] {taskinstance.py:1331} INFO - Starting attempt 1 of 2
[2023-05-18T06:53:30.297+0000] {taskinstance.py:1350} INFO - Executing <Task(PythonOperator): visualize_data> on 2023-05-17 00:00:00+00:00
[2023-05-18T06:53:30.306+0000] {standard_task_runner.py:57} INFO - Started process 1551 to run task
[2023-05-18T06:53:30.310+0000] {standard_task_runner.py:84} INFO - Running: ['***', 'tasks', 'run', 'fondue_dag', 'visualize_data', 'scheduled__2023-05-17T00:00:00+00:00', '--job-id', '39', '--raw', '--subdir', 'DAGS_FOLDER/fondue_dag.py', '--cfg-path', '/tmp/tmpadhwizdb']
[2023-05-18T06:53:30.332+0000] {standard_task_runner.py:85} INFO - Job 39: Subtask visualize_data
[2023-05-18T06:53:30.487+0000] {task_command.py:410} INFO - Running <TaskInstance: fondue_dag.visualize_data scheduled__2023-05-17T00:00:00+00:00 [running]> on host 26547302378e
[2023-05-18T06:53:30.720+0000] {taskinstance.py:1570} INFO - Exporting env vars: AIRFLOW_CTX_DAG_EMAIL='Bhuribhat@gmail.com' AIRFLOW_CTX_DAG_OWNER='pras' AIRFLOW_CTX_DAG_ID='fondue_dag' AIRFLOW_CTX_TASK_ID='visualize_data' AIRFLOW_CTX_EXECUTION_DATE='2023-05-17T00:00:00+00:00' AIRFLOW_CTX_TRY_NUMBER='1' AIRFLOW_CTX_DAG_RUN_ID='scheduled__2023-05-17T00:00:00+00:00'
[2023-05-18T06:53:31.306+0000] {font_manager.py:1352} WARNING - findfont: Font family ['TH Sarabun Chula'] not found. Falling back to DejaVu Sans.
[2023-05-18T06:53:31.325+0000] {font_manager.py:1352} WARNING - findfont: Font family ['TH Sarabun Chula'] not found. Falling back to DejaVu Sans.
[2023-05-18T06:53:48.889+0000] {python.py:183} INFO - Done. Returned value was: None
[2023-05-18T06:53:48.907+0000] {taskinstance.py:1373} INFO - Marking task as SUCCESS. dag_id=fondue_dag, task_id=visualize_data, execution_date=20230517T000000, start_date=20230518T065330, end_date=20230518T065348
[2023-05-18T06:53:49.063+0000] {local_task_job_runner.py:232} INFO - Task exited with return code 0
[2023-05-18T06:53:49.102+0000] {taskinstance.py:2674} INFO - 0 downstream tasks scheduled from follow-on schedule check
