[2023-05-17T16:45:54.668+0000] {taskinstance.py:1125} INFO - Dependencies all met for dep_context=non-requeueable deps ti=<TaskInstance: fondue_dag.is_api_active scheduled__2023-05-13T00:00:00+00:00 [queued]>
[2023-05-17T16:45:54.691+0000] {taskinstance.py:1125} INFO - Dependencies all met for dep_context=requeueable deps ti=<TaskInstance: fondue_dag.is_api_active scheduled__2023-05-13T00:00:00+00:00 [queued]>
[2023-05-17T16:45:54.692+0000] {taskinstance.py:1331} INFO - Starting attempt 1 of 2
[2023-05-17T16:45:54.726+0000] {taskinstance.py:1350} INFO - Executing <Task(HttpSensor): is_api_active> on 2023-05-13 00:00:00+00:00
[2023-05-17T16:45:54.739+0000] {standard_task_runner.py:57} INFO - Started process 802 to run task
[2023-05-17T16:45:54.747+0000] {standard_task_runner.py:84} INFO - Running: ['***', 'tasks', 'run', 'fondue_dag', 'is_api_active', 'scheduled__2023-05-13T00:00:00+00:00', '--job-id', '7', '--raw', '--subdir', 'DAGS_FOLDER/fondue_dag.py', '--cfg-path', '/tmp/tmp9bh7iez5']
[2023-05-17T16:45:54.752+0000] {standard_task_runner.py:85} INFO - Job 7: Subtask is_api_active
[2023-05-17T16:45:54.857+0000] {task_command.py:410} INFO - Running <TaskInstance: fondue_dag.is_api_active scheduled__2023-05-13T00:00:00+00:00 [running]> on host 8cf8fb9e28f7
[2023-05-17T16:45:55.010+0000] {taskinstance.py:1570} INFO - Exporting env vars: AIRFLOW_CTX_DAG_EMAIL='Bhuribhat@gmail.com' AIRFLOW_CTX_DAG_OWNER='pras' AIRFLOW_CTX_DAG_ID='fondue_dag' AIRFLOW_CTX_TASK_ID='is_api_active' AIRFLOW_CTX_EXECUTION_DATE='2023-05-13T00:00:00+00:00' AIRFLOW_CTX_TRY_NUMBER='1' AIRFLOW_CTX_DAG_RUN_ID='scheduled__2023-05-13T00:00:00+00:00'
[2023-05-17T16:45:55.012+0000] {http.py:122} INFO - Poking: https://publicapi.traffy.in.th/share/teamchadchart/search
[2023-05-17T16:46:03.077+0000] {base.py:255} INFO - Success criteria met. Exiting.
[2023-05-17T16:46:03.088+0000] {taskinstance.py:1373} INFO - Marking task as SUCCESS. dag_id=fondue_dag, task_id=is_api_active, execution_date=20230513T000000, start_date=20230517T164554, end_date=20230517T164603
[2023-05-17T16:46:03.144+0000] {local_task_job_runner.py:232} INFO - Task exited with return code 0
[2023-05-17T16:46:03.251+0000] {taskinstance.py:2674} INFO - 0 downstream tasks scheduled from follow-on schedule check
[2023-05-18T04:21:49.998+0000] {taskinstance.py:1125} INFO - Dependencies all met for dep_context=non-requeueable deps ti=<TaskInstance: fondue_dag.is_api_active scheduled__2023-05-13T00:00:00+00:00 [queued]>
[2023-05-18T04:21:50.027+0000] {taskinstance.py:1125} INFO - Dependencies all met for dep_context=requeueable deps ti=<TaskInstance: fondue_dag.is_api_active scheduled__2023-05-13T00:00:00+00:00 [queued]>
[2023-05-18T04:21:50.039+0000] {taskinstance.py:1331} INFO - Starting attempt 1 of 2
[2023-05-18T04:21:50.094+0000] {taskinstance.py:1350} INFO - Executing <Task(HttpSensor): is_api_active> on 2023-05-13 00:00:00+00:00
[2023-05-18T04:21:50.118+0000] {standard_task_runner.py:57} INFO - Started process 286 to run task
[2023-05-18T04:21:50.137+0000] {standard_task_runner.py:84} INFO - Running: ['***', 'tasks', 'run', 'fondue_dag', 'is_api_active', 'scheduled__2023-05-13T00:00:00+00:00', '--job-id', '8', '--raw', '--subdir', 'DAGS_FOLDER/fondue_dag.py', '--cfg-path', '/tmp/tmp3ta8rs18']
[2023-05-18T04:21:50.141+0000] {standard_task_runner.py:85} INFO - Job 8: Subtask is_api_active
[2023-05-18T04:21:50.326+0000] {task_command.py:410} INFO - Running <TaskInstance: fondue_dag.is_api_active scheduled__2023-05-13T00:00:00+00:00 [running]> on host b36de7cfc389
[2023-05-18T04:21:50.528+0000] {taskinstance.py:1570} INFO - Exporting env vars: AIRFLOW_CTX_DAG_EMAIL='Bhuribhat@gmail.com' AIRFLOW_CTX_DAG_OWNER='pras' AIRFLOW_CTX_DAG_ID='fondue_dag' AIRFLOW_CTX_TASK_ID='is_api_active' AIRFLOW_CTX_EXECUTION_DATE='2023-05-13T00:00:00+00:00' AIRFLOW_CTX_TRY_NUMBER='1' AIRFLOW_CTX_DAG_RUN_ID='scheduled__2023-05-13T00:00:00+00:00'
[2023-05-18T04:21:50.540+0000] {http.py:122} INFO - Poking: https://publicapi.traffy.in.th/share/teamchadchart/search
[2023-05-18T04:21:58.551+0000] {base.py:255} INFO - Success criteria met. Exiting.
[2023-05-18T04:21:58.563+0000] {taskinstance.py:1373} INFO - Marking task as SUCCESS. dag_id=fondue_dag, task_id=is_api_active, execution_date=20230513T000000, start_date=20230518T042150, end_date=20230518T042158
[2023-05-18T04:21:58.620+0000] {local_task_job_runner.py:232} INFO - Task exited with return code 0
[2023-05-18T04:21:58.672+0000] {taskinstance.py:2674} INFO - 1 downstream tasks scheduled from follow-on schedule check
