[2023-05-18T07:16:49.968+0000] {manager.py:487} INFO - Processing files using up to 2 processes at a time 
[2023-05-18T07:16:49.970+0000] {manager.py:488} INFO - Process each file at most once every 30 seconds
[2023-05-18T07:16:49.971+0000] {manager.py:490} INFO - Checking for new files in /opt/airflow/dags every 300 seconds
[2023-05-18T07:16:49.973+0000] {manager.py:758} INFO - Searching for files in /opt/airflow/dags
[2023-05-18T07:16:50.442+0000] {manager.py:761} INFO - There are 1 files in /opt/airflow/dags
[2023-05-18T07:16:50.721+0000] {manager.py:889} INFO - 
================================================================================
DAG File Processing Stats

File Path                          PID  Runtime      # DAGs    # Errors  Last Runtime    Last Run
-------------------------------  -----  ---------  --------  ----------  --------------  ----------
/opt/airflow/dags/fondue_dag.py    164  0.04s             0           0
================================================================================
[2023-05-18T07:17:21.126+0000] {manager.py:889} INFO - 
================================================================================
DAG File Processing Stats

File Path                        PID    Runtime      # DAGs    # Errors  Last Runtime    Last Run
-------------------------------  -----  ---------  --------  ----------  --------------  -------------------
/opt/airflow/dags/fondue_dag.py                           1           0  10.53s          2023-05-18T07:17:01
================================================================================
[2023-05-18T07:17:51.511+0000] {manager.py:889} INFO - 
================================================================================
DAG File Processing Stats

File Path                        PID    Runtime      # DAGs    # Errors  Last Runtime    Last Run
-------------------------------  -----  ---------  --------  ----------  --------------  -------------------
/opt/airflow/dags/fondue_dag.py                           1           0  7.06s           2023-05-18T07:17:38
================================================================================
[2023-05-18T07:18:21.915+0000] {manager.py:889} INFO - 
================================================================================
DAG File Processing Stats

File Path                        PID    Runtime      # DAGs    # Errors  Last Runtime    Last Run
-------------------------------  -----  ---------  --------  ----------  --------------  -------------------
/opt/airflow/dags/fondue_dag.py                           1           0  7.16s           2023-05-18T07:18:15
================================================================================
[2023-05-18T07:18:52.304+0000] {manager.py:889} INFO - 
================================================================================
DAG File Processing Stats

File Path                          PID  Runtime      # DAGs    # Errors  Last Runtime    Last Run
-------------------------------  -----  ---------  --------  ----------  --------------  -------------------
/opt/airflow/dags/fondue_dag.py    258  6.09s             1           0  7.16s           2023-05-18T07:18:15
================================================================================
[2023-05-18T07:19:22.723+0000] {manager.py:889} INFO - 
================================================================================
DAG File Processing Stats

File Path                        PID    Runtime      # DAGs    # Errors  Last Runtime    Last Run
-------------------------------  -----  ---------  --------  ----------  --------------  -------------------
/opt/airflow/dags/fondue_dag.py                           1           0  7.20s           2023-05-18T07:18:53
================================================================================
[2023-05-18T07:19:53.125+0000] {manager.py:889} INFO - 
================================================================================
DAG File Processing Stats

File Path                        PID    Runtime      # DAGs    # Errors  Last Runtime    Last Run
-------------------------------  -----  ---------  --------  ----------  --------------  -------------------
/opt/airflow/dags/fondue_dag.py                           1           0  7.28s           2023-05-18T07:19:31
================================================================================
[2023-05-18T07:20:23.666+0000] {manager.py:889} INFO - 
================================================================================
DAG File Processing Stats

File Path                        PID    Runtime      # DAGs    # Errors  Last Runtime    Last Run
-------------------------------  -----  ---------  --------  ----------  --------------  -------------------
/opt/airflow/dags/fondue_dag.py                           1           0  6.38s           2023-05-18T07:20:07
================================================================================
[2023-05-18T07:20:53.841+0000] {manager.py:889} INFO - 
================================================================================
DAG File Processing Stats

File Path                        PID    Runtime      # DAGs    # Errors  Last Runtime    Last Run
-------------------------------  -----  ---------  --------  ----------  --------------  -------------------
/opt/airflow/dags/fondue_dag.py                           1           0  8.96s           2023-05-18T07:20:46
================================================================================
[2023-05-18T07:21:23.942+0000] {manager.py:889} INFO - 
================================================================================
DAG File Processing Stats

File Path                          PID  Runtime      # DAGs    # Errors  Last Runtime    Last Run
-------------------------------  -----  ---------  --------  ----------  --------------  -------------------
/opt/airflow/dags/fondue_dag.py   2078  6.24s             1           0  8.96s           2023-05-18T07:20:46
================================================================================
[2023-05-18T07:22:05.520+0000] {manager.py:889} INFO - 
================================================================================
DAG File Processing Stats

File Path                          PID  Runtime      # DAGs    # Errors  Last Runtime    Last Run
-------------------------------  -----  ---------  --------  ----------  --------------  -------------------
/opt/airflow/dags/fondue_dag.py   2078  47.82s            1           0  8.96s           2023-05-18T07:20:46
================================================================================
[2023-05-18T07:22:05.544+0000] {manager.py:758} INFO - Searching for files in /opt/airflow/dags
[2023-05-18T07:22:06.167+0000] {manager.py:761} INFO - There are 1 files in /opt/airflow/dags
[2023-05-18T07:22:35.570+0000] {manager.py:889} INFO - 
================================================================================
DAG File Processing Stats

File Path                        PID    Runtime      # DAGs    # Errors  Last Runtime    Last Run
-------------------------------  -----  ---------  --------  ----------  --------------  -------------------
/opt/airflow/dags/fondue_dag.py                           1           0  48.50s          2023-05-18T07:22:06
================================================================================
[2023-05-18T07:23:05.965+0000] {manager.py:889} INFO - 
================================================================================
DAG File Processing Stats

File Path                        PID    Runtime      # DAGs    # Errors  Last Runtime    Last Run
-------------------------------  -----  ---------  --------  ----------  --------------  -------------------
/opt/airflow/dags/fondue_dag.py                           1           0  7.18s           2023-05-18T07:22:43
================================================================================
[2023-05-18T07:23:36.406+0000] {manager.py:889} INFO - 
================================================================================
DAG File Processing Stats

File Path                        PID    Runtime      # DAGs    # Errors  Last Runtime    Last Run
-------------------------------  -----  ---------  --------  ----------  --------------  -------------------
/opt/airflow/dags/fondue_dag.py                           1           0  6.70s           2023-05-18T07:23:20
================================================================================
[2023-05-18T07:24:06.747+0000] {manager.py:889} INFO - 
================================================================================
DAG File Processing Stats

File Path                        PID    Runtime      # DAGs    # Errors  Last Runtime    Last Run
-------------------------------  -----  ---------  --------  ----------  --------------  -------------------
/opt/airflow/dags/fondue_dag.py                           1           0  6.72s           2023-05-18T07:23:57
================================================================================
[2023-05-18T07:24:36.888+0000] {manager.py:889} INFO - 
================================================================================
DAG File Processing Stats

File Path                        PID    Runtime      # DAGs    # Errors  Last Runtime    Last Run
-------------------------------  -----  ---------  --------  ----------  --------------  -------------------
/opt/airflow/dags/fondue_dag.py                           1           0  6.83s           2023-05-18T07:24:34
================================================================================
[2023-05-18T07:25:07.270+0000] {manager.py:889} INFO - 
================================================================================
DAG File Processing Stats

File Path                          PID  Runtime      # DAGs    # Errors  Last Runtime    Last Run
-------------------------------  -----  ---------  --------  ----------  --------------  -------------------
/opt/airflow/dags/fondue_dag.py   2941  2.04s             1           0  6.83s           2023-05-18T07:24:34
================================================================================
[2023-05-18T07:25:37.370+0000] {manager.py:889} INFO - 
================================================================================
DAG File Processing Stats

File Path                        PID    Runtime      # DAGs    # Errors  Last Runtime    Last Run
-------------------------------  -----  ---------  --------  ----------  --------------  -------------------
/opt/airflow/dags/fondue_dag.py                           1           0  6.85s           2023-05-18T07:25:12
================================================================================
[2023-05-18T07:26:07.625+0000] {manager.py:889} INFO - 
================================================================================
DAG File Processing Stats

File Path                        PID    Runtime      # DAGs    # Errors  Last Runtime    Last Run
-------------------------------  -----  ---------  --------  ----------  --------------  -------------------
/opt/airflow/dags/fondue_dag.py                           1           0  6.96s           2023-05-18T07:25:49
================================================================================
[2023-05-18T07:26:38.034+0000] {manager.py:889} INFO - 
================================================================================
DAG File Processing Stats

File Path                        PID    Runtime      # DAGs    # Errors  Last Runtime    Last Run
-------------------------------  -----  ---------  --------  ----------  --------------  -------------------
/opt/airflow/dags/fondue_dag.py                           1           0  6.87s           2023-05-18T07:26:26
================================================================================
[2023-05-18T07:27:05.822+0000] {manager.py:758} INFO - Searching for files in /opt/airflow/dags
[2023-05-18T07:27:06.319+0000] {manager.py:761} INFO - There are 1 files in /opt/airflow/dags
[2023-05-18T07:27:08.375+0000] {manager.py:889} INFO - 
================================================================================
DAG File Processing Stats

File Path                        PID    Runtime      # DAGs    # Errors  Last Runtime    Last Run
-------------------------------  -----  ---------  --------  ----------  --------------  -------------------
/opt/airflow/dags/fondue_dag.py                           1           0  7.09s           2023-05-18T07:27:03
================================================================================
[2023-05-18T07:27:38.777+0000] {manager.py:889} INFO - 
================================================================================
DAG File Processing Stats

File Path                          PID  Runtime      # DAGs    # Errors  Last Runtime    Last Run
-------------------------------  -----  ---------  --------  ----------  --------------  -------------------
/opt/airflow/dags/fondue_dag.py   3060  4.05s             1           0  7.09s           2023-05-18T07:27:03
================================================================================
[2023-05-18T07:28:09.200+0000] {manager.py:889} INFO - 
================================================================================
DAG File Processing Stats

File Path                        PID    Runtime      # DAGs    # Errors  Last Runtime    Last Run
-------------------------------  -----  ---------  --------  ----------  --------------  -------------------
/opt/airflow/dags/fondue_dag.py                           1           0  7.26s           2023-05-18T07:27:41
================================================================================
[2023-05-18T07:28:39.440+0000] {manager.py:889} INFO - 
================================================================================
DAG File Processing Stats

File Path                        PID    Runtime      # DAGs    # Errors  Last Runtime    Last Run
-------------------------------  -----  ---------  --------  ----------  --------------  -------------------
/opt/airflow/dags/fondue_dag.py                           1           0  6.92s           2023-05-18T07:28:19
================================================================================
[2023-05-18T07:29:09.691+0000] {manager.py:889} INFO - 
================================================================================
DAG File Processing Stats

File Path                        PID    Runtime      # DAGs    # Errors  Last Runtime    Last Run
-------------------------------  -----  ---------  --------  ----------  --------------  -------------------
/opt/airflow/dags/fondue_dag.py                           1           0  6.95s           2023-05-18T07:28:56
================================================================================
[2023-05-18T07:29:39.980+0000] {manager.py:889} INFO - 
================================================================================
DAG File Processing Stats

File Path                        PID    Runtime      # DAGs    # Errors  Last Runtime    Last Run
-------------------------------  -----  ---------  --------  ----------  --------------  -------------------
/opt/airflow/dags/fondue_dag.py                           1           0  6.98s           2023-05-18T07:29:33
================================================================================
[2023-05-18T07:30:10.365+0000] {manager.py:889} INFO - 
================================================================================
DAG File Processing Stats

File Path                          PID  Runtime      # DAGs    # Errors  Last Runtime    Last Run
-------------------------------  -----  ---------  --------  ----------  --------------  -------------------
/opt/airflow/dags/fondue_dag.py   3173  6.08s             1           0  6.98s           2023-05-18T07:29:33
================================================================================
[2023-05-18T07:30:40.737+0000] {manager.py:889} INFO - 
================================================================================
DAG File Processing Stats

File Path                        PID    Runtime      # DAGs    # Errors  Last Runtime    Last Run
-------------------------------  -----  ---------  --------  ----------  --------------  -------------------
/opt/airflow/dags/fondue_dag.py                           1           0  7.08s           2023-05-18T07:30:11
================================================================================
[2023-05-18T07:31:11.539+0000] {manager.py:889} INFO - 
================================================================================
DAG File Processing Stats

File Path                        PID    Runtime      # DAGs    # Errors  Last Runtime    Last Run
-------------------------------  -----  ---------  --------  ----------  --------------  -------------------
/opt/airflow/dags/fondue_dag.py                           1           0  6.64s           2023-05-18T07:30:48
================================================================================
[2023-05-18T07:31:41.867+0000] {manager.py:889} INFO - 
================================================================================
DAG File Processing Stats

File Path                        PID    Runtime      # DAGs    # Errors  Last Runtime    Last Run
-------------------------------  -----  ---------  --------  ----------  --------------  -------------------
/opt/airflow/dags/fondue_dag.py                           1           0  7.00s           2023-05-18T07:31:25
================================================================================
[2023-05-18T07:32:06.194+0000] {manager.py:758} INFO - Searching for files in /opt/airflow/dags
[2023-05-18T07:32:06.671+0000] {manager.py:761} INFO - There are 1 files in /opt/airflow/dags
[2023-05-18T07:32:12.778+0000] {manager.py:889} INFO - 
================================================================================
DAG File Processing Stats

File Path                        PID    Runtime      # DAGs    # Errors  Last Runtime    Last Run
-------------------------------  -----  ---------  --------  ----------  --------------  -------------------
/opt/airflow/dags/fondue_dag.py                           1           0  7.13s           2023-05-18T07:32:03
================================================================================
[2023-05-18T07:32:42.844+0000] {manager.py:889} INFO - 
================================================================================
DAG File Processing Stats

File Path                        PID    Runtime      # DAGs    # Errors  Last Runtime    Last Run
-------------------------------  -----  ---------  --------  ----------  --------------  -------------------
/opt/airflow/dags/fondue_dag.py                           1           0  6.76s           2023-05-18T07:32:40
================================================================================
[2023-05-18T07:33:13.240+0000] {manager.py:889} INFO - 
================================================================================
DAG File Processing Stats

File Path                          PID  Runtime      # DAGs    # Errors  Last Runtime    Last Run
-------------------------------  -----  ---------  --------  ----------  --------------  -------------------
/opt/airflow/dags/fondue_dag.py   3327  2.03s             1           0  6.76s           2023-05-18T07:32:40
================================================================================
[2023-05-18T07:33:43.535+0000] {manager.py:889} INFO - 
================================================================================
DAG File Processing Stats

File Path                        PID    Runtime      # DAGs    # Errors  Last Runtime    Last Run
-------------------------------  -----  ---------  --------  ----------  --------------  -------------------
/opt/airflow/dags/fondue_dag.py                           1           0  7.02s           2023-05-18T07:33:18
================================================================================
[2023-05-18T07:34:13.552+0000] {manager.py:889} INFO - 
================================================================================
DAG File Processing Stats

File Path                        PID    Runtime      # DAGs    # Errors  Last Runtime    Last Run
-------------------------------  -----  ---------  --------  ----------  --------------  -------------------
/opt/airflow/dags/fondue_dag.py                           1           0  6.74s           2023-05-18T07:33:55
================================================================================
[2023-05-18T07:34:43.586+0000] {manager.py:889} INFO - 
================================================================================
DAG File Processing Stats

File Path                        PID    Runtime      # DAGs    # Errors  Last Runtime    Last Run
-------------------------------  -----  ---------  --------  ----------  --------------  -------------------
/opt/airflow/dags/fondue_dag.py                           1           0  2.11s           2023-05-18T07:34:27
================================================================================
[2023-05-18T07:35:13.779+0000] {manager.py:889} INFO - 
================================================================================
DAG File Processing Stats

File Path                        PID    Runtime      # DAGs    # Errors  Last Runtime    Last Run
-------------------------------  -----  ---------  --------  ----------  --------------  -------------------
/opt/airflow/dags/fondue_dag.py                           1           0  2.27s           2023-05-18T07:34:59
================================================================================
[2023-05-18T07:35:16.965+0000] {manager.py:470} INFO - Exiting gracefully upon receiving signal 15
