[2023-05-17T16:46:19.167+0000] {taskinstance.py:1125} INFO - Dependencies all met for dep_context=non-requeueable deps ti=<TaskInstance: fondue_dag.clean_fondue_data scheduled__2023-05-11T00:00:00+00:00 [queued]>
[2023-05-17T16:46:19.188+0000] {taskinstance.py:1125} INFO - Dependencies all met for dep_context=requeueable deps ti=<TaskInstance: fondue_dag.clean_fondue_data scheduled__2023-05-11T00:00:00+00:00 [queued]>
[2023-05-17T16:46:19.190+0000] {taskinstance.py:1331} INFO - Starting attempt 1 of 2
[2023-05-17T16:46:19.229+0000] {taskinstance.py:1350} INFO - Executing <Task(PythonOperator): clean_fondue_data> on 2023-05-11 00:00:00+00:00
[2023-05-17T16:46:19.242+0000] {standard_task_runner.py:57} INFO - Started process 1210 to run task
[2023-05-17T16:46:19.247+0000] {standard_task_runner.py:84} INFO - Running: ['***', 'tasks', 'run', 'fondue_dag', 'clean_fondue_data', 'scheduled__2023-05-11T00:00:00+00:00', '--job-id', '30', '--raw', '--subdir', 'DAGS_FOLDER/fondue_dag.py', '--cfg-path', '/tmp/tmpbl06t0c4']
[2023-05-17T16:46:19.250+0000] {standard_task_runner.py:85} INFO - Job 30: Subtask clean_fondue_data
[2023-05-17T16:46:19.328+0000] {task_command.py:410} INFO - Running <TaskInstance: fondue_dag.clean_fondue_data scheduled__2023-05-11T00:00:00+00:00 [running]> on host 8cf8fb9e28f7
[2023-05-17T16:46:19.524+0000] {taskinstance.py:1570} INFO - Exporting env vars: AIRFLOW_CTX_DAG_EMAIL='Bhuribhat@gmail.com' AIRFLOW_CTX_DAG_OWNER='pras' AIRFLOW_CTX_DAG_ID='fondue_dag' AIRFLOW_CTX_TASK_ID='clean_fondue_data' AIRFLOW_CTX_EXECUTION_DATE='2023-05-11T00:00:00+00:00' AIRFLOW_CTX_TRY_NUMBER='1' AIRFLOW_CTX_DAG_RUN_ID='scheduled__2023-05-11T00:00:00+00:00'
[2023-05-17T16:46:19.683+0000] {logging_mixin.py:149} INFO - error lol
[2023-05-17T16:46:19.790+0000] {python.py:183} INFO - Done. Returned value was: None
[2023-05-17T16:46:19.822+0000] {taskinstance.py:1373} INFO - Marking task as SUCCESS. dag_id=fondue_dag, task_id=clean_fondue_data, execution_date=20230511T000000, start_date=20230517T164619, end_date=20230517T164619
[2023-05-17T16:46:20.025+0000] {local_task_job_runner.py:232} INFO - Task exited with return code 0
[2023-05-17T16:46:20.079+0000] {taskinstance.py:2674} INFO - 1 downstream tasks scheduled from follow-on schedule check
[2023-05-18T04:22:15.312+0000] {taskinstance.py:1125} INFO - Dependencies all met for dep_context=non-requeueable deps ti=<TaskInstance: fondue_dag.clean_fondue_data scheduled__2023-05-11T00:00:00+00:00 [queued]>
[2023-05-18T04:22:15.336+0000] {taskinstance.py:1125} INFO - Dependencies all met for dep_context=requeueable deps ti=<TaskInstance: fondue_dag.clean_fondue_data scheduled__2023-05-11T00:00:00+00:00 [queued]>
[2023-05-18T04:22:15.340+0000] {taskinstance.py:1331} INFO - Starting attempt 1 of 2
[2023-05-18T04:22:15.370+0000] {taskinstance.py:1350} INFO - Executing <Task(PythonOperator): clean_fondue_data> on 2023-05-11 00:00:00+00:00
[2023-05-18T04:22:15.393+0000] {standard_task_runner.py:57} INFO - Started process 468 to run task
[2023-05-18T04:22:15.402+0000] {standard_task_runner.py:84} INFO - Running: ['***', 'tasks', 'run', 'fondue_dag', 'clean_fondue_data', 'scheduled__2023-05-11T00:00:00+00:00', '--job-id', '21', '--raw', '--subdir', 'DAGS_FOLDER/fondue_dag.py', '--cfg-path', '/tmp/tmp8tlnh325']
[2023-05-18T04:22:15.407+0000] {standard_task_runner.py:85} INFO - Job 21: Subtask clean_fondue_data
[2023-05-18T04:22:15.542+0000] {task_command.py:410} INFO - Running <TaskInstance: fondue_dag.clean_fondue_data scheduled__2023-05-11T00:00:00+00:00 [running]> on host b36de7cfc389
[2023-05-18T04:22:15.830+0000] {taskinstance.py:1570} INFO - Exporting env vars: AIRFLOW_CTX_DAG_EMAIL='Bhuribhat@gmail.com' AIRFLOW_CTX_DAG_OWNER='pras' AIRFLOW_CTX_DAG_ID='fondue_dag' AIRFLOW_CTX_TASK_ID='clean_fondue_data' AIRFLOW_CTX_EXECUTION_DATE='2023-05-11T00:00:00+00:00' AIRFLOW_CTX_TRY_NUMBER='1' AIRFLOW_CTX_DAG_RUN_ID='scheduled__2023-05-11T00:00:00+00:00'
[2023-05-18T04:22:15.919+0000] {logging_mixin.py:149} INFO - error lol
[2023-05-18T04:22:15.972+0000] {python.py:183} INFO - Done. Returned value was: None
[2023-05-18T04:22:15.989+0000] {taskinstance.py:1373} INFO - Marking task as SUCCESS. dag_id=fondue_dag, task_id=clean_fondue_data, execution_date=20230511T000000, start_date=20230518T042215, end_date=20230518T042215
[2023-05-18T04:22:16.086+0000] {local_task_job_runner.py:232} INFO - Task exited with return code 0
[2023-05-18T04:22:16.357+0000] {taskinstance.py:2674} INFO - 0 downstream tasks scheduled from follow-on schedule check
[2023-05-18T07:19:47.251+0000] {taskinstance.py:1125} INFO - Dependencies all met for dep_context=non-requeueable deps ti=<TaskInstance: fondue_dag.clean_fondue_data scheduled__2023-05-11T00:00:00+00:00 [queued]>
[2023-05-18T07:19:47.267+0000] {taskinstance.py:1125} INFO - Dependencies all met for dep_context=requeueable deps ti=<TaskInstance: fondue_dag.clean_fondue_data scheduled__2023-05-11T00:00:00+00:00 [queued]>
[2023-05-18T07:19:47.268+0000] {taskinstance.py:1331} INFO - Starting attempt 1 of 2
[2023-05-18T07:19:47.304+0000] {taskinstance.py:1350} INFO - Executing <Task(PythonOperator): clean_fondue_data> on 2023-05-11 00:00:00+00:00
[2023-05-18T07:19:47.315+0000] {standard_task_runner.py:57} INFO - Started process 519 to run task
[2023-05-18T07:19:47.322+0000] {standard_task_runner.py:84} INFO - Running: ['***', 'tasks', 'run', 'fondue_dag', 'clean_fondue_data', 'scheduled__2023-05-11T00:00:00+00:00', '--job-id', '22', '--raw', '--subdir', 'DAGS_FOLDER/fondue_dag.py', '--cfg-path', '/tmp/tmph96m69mc']
[2023-05-18T07:19:47.324+0000] {standard_task_runner.py:85} INFO - Job 22: Subtask clean_fondue_data
[2023-05-18T07:19:47.498+0000] {task_command.py:410} INFO - Running <TaskInstance: fondue_dag.clean_fondue_data scheduled__2023-05-11T00:00:00+00:00 [running]> on host e6cb8527e075
[2023-05-18T07:19:47.763+0000] {taskinstance.py:1570} INFO - Exporting env vars: AIRFLOW_CTX_DAG_EMAIL='Bhuribhat@gmail.com' AIRFLOW_CTX_DAG_OWNER='pras' AIRFLOW_CTX_DAG_ID='fondue_dag' AIRFLOW_CTX_TASK_ID='clean_fondue_data' AIRFLOW_CTX_EXECUTION_DATE='2023-05-11T00:00:00+00:00' AIRFLOW_CTX_TRY_NUMBER='1' AIRFLOW_CTX_DAG_RUN_ID='scheduled__2023-05-11T00:00:00+00:00'
[2023-05-18T07:19:48.022+0000] {logging_mixin.py:149} INFO - error lol
[2023-05-18T07:19:48.245+0000] {python.py:183} INFO - Done. Returned value was: None
[2023-05-18T07:19:48.277+0000] {taskinstance.py:1373} INFO - Marking task as SUCCESS. dag_id=fondue_dag, task_id=clean_fondue_data, execution_date=20230511T000000, start_date=20230518T071947, end_date=20230518T071948
[2023-05-18T07:19:48.388+0000] {local_task_job_runner.py:232} INFO - Task exited with return code 0
[2023-05-18T07:19:48.469+0000] {taskinstance.py:2674} INFO - 1 downstream tasks scheduled from follow-on schedule check
