[2023-05-17T00:00:18.398+0000] {taskinstance.py:1125} INFO - Dependencies all met for dep_context=non-requeueable deps ti=<TaskInstance: fondue_dag.clean_fondue_data scheduled__2023-05-16T00:00:00+00:00 [queued]>
[2023-05-17T00:00:18.409+0000] {taskinstance.py:1125} INFO - Dependencies all met for dep_context=requeueable deps ti=<TaskInstance: fondue_dag.clean_fondue_data scheduled__2023-05-16T00:00:00+00:00 [queued]>
[2023-05-17T00:00:18.409+0000] {taskinstance.py:1331} INFO - Starting attempt 1 of 2
[2023-05-17T00:00:18.425+0000] {taskinstance.py:1350} INFO - Executing <Task(PythonOperator): clean_fondue_data> on 2023-05-16 00:00:00+00:00
[2023-05-17T00:00:18.432+0000] {standard_task_runner.py:57} INFO - Started process 29545 to run task
[2023-05-17T00:00:18.435+0000] {standard_task_runner.py:84} INFO - Running: ['***', 'tasks', 'run', 'fondue_dag', 'clean_fondue_data', 'scheduled__2023-05-16T00:00:00+00:00', '--job-id', '57', '--raw', '--subdir', 'DAGS_FOLDER/fondue_dag.py', '--cfg-path', '/tmp/tmpvpjg_rw3']
[2023-05-17T00:00:18.436+0000] {standard_task_runner.py:85} INFO - Job 57: Subtask clean_fondue_data
[2023-05-17T00:00:18.486+0000] {task_command.py:410} INFO - Running <TaskInstance: fondue_dag.clean_fondue_data scheduled__2023-05-16T00:00:00+00:00 [running]> on host 9a20db09badf
[2023-05-17T00:00:18.577+0000] {taskinstance.py:1570} INFO - Exporting env vars: AIRFLOW_CTX_DAG_EMAIL='Bhuribhat@gmail.com' AIRFLOW_CTX_DAG_OWNER='pras' AIRFLOW_CTX_DAG_ID='fondue_dag' AIRFLOW_CTX_TASK_ID='clean_fondue_data' AIRFLOW_CTX_EXECUTION_DATE='2023-05-16T00:00:00+00:00' AIRFLOW_CTX_TRY_NUMBER='1' AIRFLOW_CTX_DAG_RUN_ID='scheduled__2023-05-16T00:00:00+00:00'
[2023-05-17T00:00:18.645+0000] {logging_mixin.py:149} INFO - error lol
[2023-05-17T00:00:18.678+0000] {python.py:183} INFO - Done. Returned value was: None
[2023-05-17T00:00:18.689+0000] {taskinstance.py:1373} INFO - Marking task as SUCCESS. dag_id=fondue_dag, task_id=clean_fondue_data, execution_date=20230516T000000, start_date=20230517T000018, end_date=20230517T000018
[2023-05-17T00:00:18.728+0000] {local_task_job_runner.py:232} INFO - Task exited with return code 0
[2023-05-17T00:00:18.758+0000] {taskinstance.py:2674} INFO - 1 downstream tasks scheduled from follow-on schedule check
[2023-05-17T16:46:17.121+0000] {taskinstance.py:1125} INFO - Dependencies all met for dep_context=non-requeueable deps ti=<TaskInstance: fondue_dag.clean_fondue_data scheduled__2023-05-16T00:00:00+00:00 [queued]>
[2023-05-17T16:46:17.136+0000] {taskinstance.py:1125} INFO - Dependencies all met for dep_context=requeueable deps ti=<TaskInstance: fondue_dag.clean_fondue_data scheduled__2023-05-16T00:00:00+00:00 [queued]>
[2023-05-17T16:46:17.137+0000] {taskinstance.py:1331} INFO - Starting attempt 1 of 2
[2023-05-17T16:46:17.156+0000] {taskinstance.py:1350} INFO - Executing <Task(PythonOperator): clean_fondue_data> on 2023-05-16 00:00:00+00:00
[2023-05-17T16:46:17.165+0000] {standard_task_runner.py:57} INFO - Started process 1186 to run task
[2023-05-17T16:46:17.168+0000] {standard_task_runner.py:84} INFO - Running: ['***', 'tasks', 'run', 'fondue_dag', 'clean_fondue_data', 'scheduled__2023-05-16T00:00:00+00:00', '--job-id', '23', '--raw', '--subdir', 'DAGS_FOLDER/fondue_dag.py', '--cfg-path', '/tmp/tmphkhyf0sn']
[2023-05-17T16:46:17.170+0000] {standard_task_runner.py:85} INFO - Job 23: Subtask clean_fondue_data
[2023-05-17T16:46:17.226+0000] {task_command.py:410} INFO - Running <TaskInstance: fondue_dag.clean_fondue_data scheduled__2023-05-16T00:00:00+00:00 [running]> on host 8cf8fb9e28f7
[2023-05-17T16:46:17.346+0000] {taskinstance.py:1570} INFO - Exporting env vars: AIRFLOW_CTX_DAG_EMAIL='Bhuribhat@gmail.com' AIRFLOW_CTX_DAG_OWNER='pras' AIRFLOW_CTX_DAG_ID='fondue_dag' AIRFLOW_CTX_TASK_ID='clean_fondue_data' AIRFLOW_CTX_EXECUTION_DATE='2023-05-16T00:00:00+00:00' AIRFLOW_CTX_TRY_NUMBER='1' AIRFLOW_CTX_DAG_RUN_ID='scheduled__2023-05-16T00:00:00+00:00'
[2023-05-17T16:46:17.437+0000] {logging_mixin.py:149} INFO - error lol
[2023-05-17T16:46:17.479+0000] {python.py:183} INFO - Done. Returned value was: None
[2023-05-17T16:46:17.492+0000] {taskinstance.py:1373} INFO - Marking task as SUCCESS. dag_id=fondue_dag, task_id=clean_fondue_data, execution_date=20230516T000000, start_date=20230517T164617, end_date=20230517T164617
[2023-05-17T16:46:17.542+0000] {local_task_job_runner.py:232} INFO - Task exited with return code 0
[2023-05-17T16:46:17.576+0000] {taskinstance.py:2674} INFO - 1 downstream tasks scheduled from follow-on schedule check
