[2023-05-17T16:46:13.942+0000] {taskinstance.py:1125} INFO - Dependencies all met for dep_context=non-requeueable deps ti=<TaskInstance: fondue_dag.clean_fondue_data scheduled__2023-05-13T00:00:00+00:00 [queued]>
[2023-05-17T16:46:13.955+0000] {taskinstance.py:1125} INFO - Dependencies all met for dep_context=requeueable deps ti=<TaskInstance: fondue_dag.clean_fondue_data scheduled__2023-05-13T00:00:00+00:00 [queued]>
[2023-05-17T16:46:13.955+0000] {taskinstance.py:1331} INFO - Starting attempt 1 of 2
[2023-05-17T16:46:13.973+0000] {taskinstance.py:1350} INFO - Executing <Task(PythonOperator): clean_fondue_data> on 2023-05-13 00:00:00+00:00
[2023-05-17T16:46:13.982+0000] {standard_task_runner.py:57} INFO - Started process 1046 to run task
[2023-05-17T16:46:13.985+0000] {standard_task_runner.py:84} INFO - Running: ['***', 'tasks', 'run', 'fondue_dag', 'clean_fondue_data', 'scheduled__2023-05-13T00:00:00+00:00', '--job-id', '21', '--raw', '--subdir', 'DAGS_FOLDER/fondue_dag.py', '--cfg-path', '/tmp/tmp1ji4w221']
[2023-05-17T16:46:13.987+0000] {standard_task_runner.py:85} INFO - Job 21: Subtask clean_fondue_data
[2023-05-17T16:46:14.040+0000] {task_command.py:410} INFO - Running <TaskInstance: fondue_dag.clean_fondue_data scheduled__2023-05-13T00:00:00+00:00 [running]> on host 8cf8fb9e28f7
[2023-05-17T16:46:14.128+0000] {taskinstance.py:1570} INFO - Exporting env vars: AIRFLOW_CTX_DAG_EMAIL='Bhuribhat@gmail.com' AIRFLOW_CTX_DAG_OWNER='pras' AIRFLOW_CTX_DAG_ID='fondue_dag' AIRFLOW_CTX_TASK_ID='clean_fondue_data' AIRFLOW_CTX_EXECUTION_DATE='2023-05-13T00:00:00+00:00' AIRFLOW_CTX_TRY_NUMBER='1' AIRFLOW_CTX_DAG_RUN_ID='scheduled__2023-05-13T00:00:00+00:00'
[2023-05-17T16:46:14.201+0000] {logging_mixin.py:149} INFO - error lol
[2023-05-17T16:46:14.237+0000] {python.py:183} INFO - Done. Returned value was: None
[2023-05-17T16:46:14.247+0000] {taskinstance.py:1373} INFO - Marking task as SUCCESS. dag_id=fondue_dag, task_id=clean_fondue_data, execution_date=20230513T000000, start_date=20230517T164613, end_date=20230517T164614
[2023-05-17T16:46:14.278+0000] {local_task_job_runner.py:232} INFO - Task exited with return code 0
[2023-05-17T16:46:14.310+0000] {taskinstance.py:2674} INFO - 1 downstream tasks scheduled from follow-on schedule check
[2023-05-18T04:22:15.469+0000] {taskinstance.py:1125} INFO - Dependencies all met for dep_context=non-requeueable deps ti=<TaskInstance: fondue_dag.clean_fondue_data scheduled__2023-05-13T00:00:00+00:00 [queued]>
[2023-05-18T04:22:15.522+0000] {taskinstance.py:1125} INFO - Dependencies all met for dep_context=requeueable deps ti=<TaskInstance: fondue_dag.clean_fondue_data scheduled__2023-05-13T00:00:00+00:00 [queued]>
[2023-05-18T04:22:15.527+0000] {taskinstance.py:1331} INFO - Starting attempt 1 of 2
[2023-05-18T04:22:15.630+0000] {taskinstance.py:1350} INFO - Executing <Task(PythonOperator): clean_fondue_data> on 2023-05-13 00:00:00+00:00
[2023-05-18T04:22:15.648+0000] {standard_task_runner.py:57} INFO - Started process 470 to run task
[2023-05-18T04:22:15.654+0000] {standard_task_runner.py:84} INFO - Running: ['***', 'tasks', 'run', 'fondue_dag', 'clean_fondue_data', 'scheduled__2023-05-13T00:00:00+00:00', '--job-id', '23', '--raw', '--subdir', 'DAGS_FOLDER/fondue_dag.py', '--cfg-path', '/tmp/tmp7y97vbcn']
[2023-05-18T04:22:15.657+0000] {standard_task_runner.py:85} INFO - Job 23: Subtask clean_fondue_data
[2023-05-18T04:22:15.823+0000] {task_command.py:410} INFO - Running <TaskInstance: fondue_dag.clean_fondue_data scheduled__2023-05-13T00:00:00+00:00 [running]> on host b36de7cfc389
[2023-05-18T04:22:16.022+0000] {taskinstance.py:1570} INFO - Exporting env vars: AIRFLOW_CTX_DAG_EMAIL='Bhuribhat@gmail.com' AIRFLOW_CTX_DAG_OWNER='pras' AIRFLOW_CTX_DAG_ID='fondue_dag' AIRFLOW_CTX_TASK_ID='clean_fondue_data' AIRFLOW_CTX_EXECUTION_DATE='2023-05-13T00:00:00+00:00' AIRFLOW_CTX_TRY_NUMBER='1' AIRFLOW_CTX_DAG_RUN_ID='scheduled__2023-05-13T00:00:00+00:00'
[2023-05-18T04:22:16.151+0000] {logging_mixin.py:149} INFO - error lol
[2023-05-18T04:22:16.248+0000] {python.py:183} INFO - Done. Returned value was: None
[2023-05-18T04:22:16.263+0000] {taskinstance.py:1373} INFO - Marking task as SUCCESS. dag_id=fondue_dag, task_id=clean_fondue_data, execution_date=20230513T000000, start_date=20230518T042215, end_date=20230518T042216
[2023-05-18T04:22:16.357+0000] {local_task_job_runner.py:232} INFO - Task exited with return code 0
[2023-05-18T04:22:16.430+0000] {taskinstance.py:2674} INFO - 1 downstream tasks scheduled from follow-on schedule check
