[2023-05-17T16:46:19.043+0000] {taskinstance.py:1125} INFO - Dependencies all met for dep_context=non-requeueable deps ti=<TaskInstance: fondue_dag.clean_fondue_data scheduled__2023-05-15T00:00:00+00:00 [queued]>
[2023-05-17T16:46:19.065+0000] {taskinstance.py:1125} INFO - Dependencies all met for dep_context=requeueable deps ti=<TaskInstance: fondue_dag.clean_fondue_data scheduled__2023-05-15T00:00:00+00:00 [queued]>
[2023-05-17T16:46:19.066+0000] {taskinstance.py:1331} INFO - Starting attempt 1 of 2
[2023-05-17T16:46:19.093+0000] {taskinstance.py:1350} INFO - Executing <Task(PythonOperator): clean_fondue_data> on 2023-05-15 00:00:00+00:00
[2023-05-17T16:46:19.106+0000] {standard_task_runner.py:57} INFO - Started process 1205 to run task
[2023-05-17T16:46:19.110+0000] {standard_task_runner.py:84} INFO - Running: ['***', 'tasks', 'run', 'fondue_dag', 'clean_fondue_data', 'scheduled__2023-05-15T00:00:00+00:00', '--job-id', '25', '--raw', '--subdir', 'DAGS_FOLDER/fondue_dag.py', '--cfg-path', '/tmp/tmpl3e1vv2x']
[2023-05-17T16:46:19.113+0000] {standard_task_runner.py:85} INFO - Job 25: Subtask clean_fondue_data
[2023-05-17T16:46:19.192+0000] {task_command.py:410} INFO - Running <TaskInstance: fondue_dag.clean_fondue_data scheduled__2023-05-15T00:00:00+00:00 [running]> on host 8cf8fb9e28f7
[2023-05-17T16:46:19.361+0000] {taskinstance.py:1570} INFO - Exporting env vars: AIRFLOW_CTX_DAG_EMAIL='Bhuribhat@gmail.com' AIRFLOW_CTX_DAG_OWNER='pras' AIRFLOW_CTX_DAG_ID='fondue_dag' AIRFLOW_CTX_TASK_ID='clean_fondue_data' AIRFLOW_CTX_EXECUTION_DATE='2023-05-15T00:00:00+00:00' AIRFLOW_CTX_TRY_NUMBER='1' AIRFLOW_CTX_DAG_RUN_ID='scheduled__2023-05-15T00:00:00+00:00'
[2023-05-17T16:46:19.477+0000] {logging_mixin.py:149} INFO - error lol
[2023-05-17T16:46:19.566+0000] {python.py:183} INFO - Done. Returned value was: None
[2023-05-17T16:46:19.580+0000] {taskinstance.py:1373} INFO - Marking task as SUCCESS. dag_id=fondue_dag, task_id=clean_fondue_data, execution_date=20230515T000000, start_date=20230517T164619, end_date=20230517T164619
[2023-05-17T16:46:19.644+0000] {local_task_job_runner.py:232} INFO - Task exited with return code 0
[2023-05-17T16:46:19.689+0000] {taskinstance.py:2674} INFO - 1 downstream tasks scheduled from follow-on schedule check
[2023-05-18T04:22:15.646+0000] {taskinstance.py:1125} INFO - Dependencies all met for dep_context=non-requeueable deps ti=<TaskInstance: fondue_dag.clean_fondue_data scheduled__2023-05-15T00:00:00+00:00 [queued]>
[2023-05-18T04:22:15.671+0000] {taskinstance.py:1125} INFO - Dependencies all met for dep_context=requeueable deps ti=<TaskInstance: fondue_dag.clean_fondue_data scheduled__2023-05-15T00:00:00+00:00 [queued]>
[2023-05-18T04:22:15.672+0000] {taskinstance.py:1331} INFO - Starting attempt 1 of 2
[2023-05-18T04:22:15.720+0000] {taskinstance.py:1350} INFO - Executing <Task(PythonOperator): clean_fondue_data> on 2023-05-15 00:00:00+00:00
[2023-05-18T04:22:15.734+0000] {standard_task_runner.py:57} INFO - Started process 472 to run task
[2023-05-18T04:22:15.744+0000] {standard_task_runner.py:84} INFO - Running: ['***', 'tasks', 'run', 'fondue_dag', 'clean_fondue_data', 'scheduled__2023-05-15T00:00:00+00:00', '--job-id', '25', '--raw', '--subdir', 'DAGS_FOLDER/fondue_dag.py', '--cfg-path', '/tmp/tmpxjw8vjuq']
[2023-05-18T04:22:15.748+0000] {standard_task_runner.py:85} INFO - Job 25: Subtask clean_fondue_data
[2023-05-18T04:22:15.874+0000] {task_command.py:410} INFO - Running <TaskInstance: fondue_dag.clean_fondue_data scheduled__2023-05-15T00:00:00+00:00 [running]> on host b36de7cfc389
[2023-05-18T04:22:16.079+0000] {taskinstance.py:1570} INFO - Exporting env vars: AIRFLOW_CTX_DAG_EMAIL='Bhuribhat@gmail.com' AIRFLOW_CTX_DAG_OWNER='pras' AIRFLOW_CTX_DAG_ID='fondue_dag' AIRFLOW_CTX_TASK_ID='clean_fondue_data' AIRFLOW_CTX_EXECUTION_DATE='2023-05-15T00:00:00+00:00' AIRFLOW_CTX_TRY_NUMBER='1' AIRFLOW_CTX_DAG_RUN_ID='scheduled__2023-05-15T00:00:00+00:00'
[2023-05-18T04:22:16.201+0000] {logging_mixin.py:149} INFO - error lol
[2023-05-18T04:22:16.279+0000] {python.py:183} INFO - Done. Returned value was: None
[2023-05-18T04:22:16.300+0000] {taskinstance.py:1373} INFO - Marking task as SUCCESS. dag_id=fondue_dag, task_id=clean_fondue_data, execution_date=20230515T000000, start_date=20230518T042215, end_date=20230518T042216
[2023-05-18T04:22:16.393+0000] {local_task_job_runner.py:232} INFO - Task exited with return code 0
[2023-05-18T04:22:16.454+0000] {taskinstance.py:2674} INFO - 1 downstream tasks scheduled from follow-on schedule check
