[2023-05-17T16:45:54.598+0000] {taskinstance.py:1125} INFO - Dependencies all met for dep_context=non-requeueable deps ti=<TaskInstance: fondue_dag.is_api_active scheduled__2023-05-15T00:00:00+00:00 [queued]>
[2023-05-17T16:45:54.616+0000] {taskinstance.py:1125} INFO - Dependencies all met for dep_context=requeueable deps ti=<TaskInstance: fondue_dag.is_api_active scheduled__2023-05-15T00:00:00+00:00 [queued]>
[2023-05-17T16:45:54.617+0000] {taskinstance.py:1331} INFO - Starting attempt 1 of 2
[2023-05-17T16:45:54.645+0000] {taskinstance.py:1350} INFO - Executing <Task(HttpSensor): is_api_active> on 2023-05-15 00:00:00+00:00
[2023-05-17T16:45:54.655+0000] {standard_task_runner.py:57} INFO - Started process 799 to run task
[2023-05-17T16:45:54.659+0000] {standard_task_runner.py:84} INFO - Running: ['***', 'tasks', 'run', 'fondue_dag', 'is_api_active', 'scheduled__2023-05-15T00:00:00+00:00', '--job-id', '4', '--raw', '--subdir', 'DAGS_FOLDER/fondue_dag.py', '--cfg-path', '/tmp/tmpcxgvh1b9']
[2023-05-17T16:45:54.661+0000] {standard_task_runner.py:85} INFO - Job 4: Subtask is_api_active
[2023-05-17T16:45:54.765+0000] {task_command.py:410} INFO - Running <TaskInstance: fondue_dag.is_api_active scheduled__2023-05-15T00:00:00+00:00 [running]> on host 8cf8fb9e28f7
[2023-05-17T16:45:54.938+0000] {taskinstance.py:1570} INFO - Exporting env vars: AIRFLOW_CTX_DAG_EMAIL='Bhuribhat@gmail.com' AIRFLOW_CTX_DAG_OWNER='pras' AIRFLOW_CTX_DAG_ID='fondue_dag' AIRFLOW_CTX_TASK_ID='is_api_active' AIRFLOW_CTX_EXECUTION_DATE='2023-05-15T00:00:00+00:00' AIRFLOW_CTX_TRY_NUMBER='1' AIRFLOW_CTX_DAG_RUN_ID='scheduled__2023-05-15T00:00:00+00:00'
[2023-05-17T16:45:54.941+0000] {http.py:122} INFO - Poking: https://publicapi.traffy.in.th/share/teamchadchart/search
[2023-05-17T16:46:05.847+0000] {base.py:255} INFO - Success criteria met. Exiting.
[2023-05-17T16:46:05.863+0000] {taskinstance.py:1373} INFO - Marking task as SUCCESS. dag_id=fondue_dag, task_id=is_api_active, execution_date=20230515T000000, start_date=20230517T164554, end_date=20230517T164605
[2023-05-17T16:46:05.922+0000] {local_task_job_runner.py:232} INFO - Task exited with return code 0
[2023-05-17T16:46:06.051+0000] {taskinstance.py:2674} INFO - 0 downstream tasks scheduled from follow-on schedule check
<<<<<<< HEAD
[2023-05-17T17:54:37.842+0000] {taskinstance.py:1125} INFO - Dependencies all met for dep_context=non-requeueable deps ti=<TaskInstance: fondue_dag.is_api_active scheduled__2023-05-15T00:00:00+00:00 [queued]>
[2023-05-17T17:54:37.860+0000] {taskinstance.py:1125} INFO - Dependencies all met for dep_context=requeueable deps ti=<TaskInstance: fondue_dag.is_api_active scheduled__2023-05-15T00:00:00+00:00 [queued]>
[2023-05-17T17:54:37.861+0000] {taskinstance.py:1331} INFO - Starting attempt 1 of 2
[2023-05-17T17:54:37.906+0000] {taskinstance.py:1350} INFO - Executing <Task(HttpSensor): is_api_active> on 2023-05-15 00:00:00+00:00
[2023-05-17T17:54:37.915+0000] {standard_task_runner.py:57} INFO - Started process 367 to run task
[2023-05-17T17:54:37.964+0000] {standard_task_runner.py:84} INFO - Running: ['***', 'tasks', 'run', 'fondue_dag', 'is_api_active', 'scheduled__2023-05-15T00:00:00+00:00', '--job-id', '4', '--raw', '--subdir', 'DAGS_FOLDER/fondue_dag.py', '--cfg-path', '/tmp/tmpgsnao09f']
[2023-05-17T17:54:37.985+0000] {standard_task_runner.py:85} INFO - Job 4: Subtask is_api_active
[2023-05-17T17:54:38.387+0000] {task_command.py:410} INFO - Running <TaskInstance: fondue_dag.is_api_active scheduled__2023-05-15T00:00:00+00:00 [running]> on host a37c7bc3731c
[2023-05-17T17:54:38.562+0000] {taskinstance.py:1570} INFO - Exporting env vars: AIRFLOW_CTX_DAG_EMAIL='Bhuribhat@gmail.com' AIRFLOW_CTX_DAG_OWNER='pras' AIRFLOW_CTX_DAG_ID='fondue_dag' AIRFLOW_CTX_TASK_ID='is_api_active' AIRFLOW_CTX_EXECUTION_DATE='2023-05-15T00:00:00+00:00' AIRFLOW_CTX_TRY_NUMBER='1' AIRFLOW_CTX_DAG_RUN_ID='scheduled__2023-05-15T00:00:00+00:00'
[2023-05-17T17:54:38.565+0000] {http.py:122} INFO - Poking: https://publicapi.traffy.in.th/share/teamchadchart/search
[2023-05-17T17:54:49.583+0000] {base.py:255} INFO - Success criteria met. Exiting.
[2023-05-17T17:54:49.595+0000] {taskinstance.py:1373} INFO - Marking task as SUCCESS. dag_id=fondue_dag, task_id=is_api_active, execution_date=20230515T000000, start_date=20230517T175437, end_date=20230517T175449
[2023-05-17T17:54:49.652+0000] {local_task_job_runner.py:232} INFO - Task exited with return code 0
[2023-05-17T17:54:49.696+0000] {taskinstance.py:2674} INFO - 1 downstream tasks scheduled from follow-on schedule check
[2023-05-17T18:17:29.361+0000] {taskinstance.py:1125} INFO - Dependencies all met for dep_context=non-requeueable deps ti=<TaskInstance: fondue_dag.is_api_active scheduled__2023-05-15T00:00:00+00:00 [queued]>
[2023-05-17T18:17:29.398+0000] {taskinstance.py:1125} INFO - Dependencies all met for dep_context=requeueable deps ti=<TaskInstance: fondue_dag.is_api_active scheduled__2023-05-15T00:00:00+00:00 [queued]>
[2023-05-17T18:17:29.399+0000] {taskinstance.py:1331} INFO - Starting attempt 1 of 2
[2023-05-17T18:17:29.526+0000] {taskinstance.py:1350} INFO - Executing <Task(HttpSensor): is_api_active> on 2023-05-15 00:00:00+00:00
[2023-05-17T18:17:29.534+0000] {standard_task_runner.py:57} INFO - Started process 487 to run task
[2023-05-17T18:17:29.537+0000] {standard_task_runner.py:84} INFO - Running: ['***', 'tasks', 'run', 'fondue_dag', 'is_api_active', 'scheduled__2023-05-15T00:00:00+00:00', '--job-id', '4', '--raw', '--subdir', 'DAGS_FOLDER/fondue_dag.py', '--cfg-path', '/tmp/tmpeeo8gvkz']
[2023-05-17T18:17:29.539+0000] {standard_task_runner.py:85} INFO - Job 4: Subtask is_api_active
[2023-05-17T18:17:29.926+0000] {task_command.py:410} INFO - Running <TaskInstance: fondue_dag.is_api_active scheduled__2023-05-15T00:00:00+00:00 [running]> on host 3390ff13fbf6
[2023-05-17T18:17:30.724+0000] {taskinstance.py:1570} INFO - Exporting env vars: AIRFLOW_CTX_DAG_EMAIL='Bhuribhat@gmail.com' AIRFLOW_CTX_DAG_OWNER='pras' AIRFLOW_CTX_DAG_ID='fondue_dag' AIRFLOW_CTX_TASK_ID='is_api_active' AIRFLOW_CTX_EXECUTION_DATE='2023-05-15T00:00:00+00:00' AIRFLOW_CTX_TRY_NUMBER='1' AIRFLOW_CTX_DAG_RUN_ID='scheduled__2023-05-15T00:00:00+00:00'
[2023-05-17T18:17:30.726+0000] {http.py:122} INFO - Poking: https://publicapi.traffy.in.th/share/teamchadchart/search
[2023-05-17T18:17:42.902+0000] {base.py:255} INFO - Success criteria met. Exiting.
[2023-05-17T18:17:42.914+0000] {taskinstance.py:1373} INFO - Marking task as SUCCESS. dag_id=fondue_dag, task_id=is_api_active, execution_date=20230515T000000, start_date=20230517T181729, end_date=20230517T181742
[2023-05-17T18:17:42.983+0000] {local_task_job_runner.py:232} INFO - Task exited with return code 0
[2023-05-17T18:17:43.026+0000] {taskinstance.py:2674} INFO - 1 downstream tasks scheduled from follow-on schedule check
[2023-05-17T18:25:18.715+0000] {taskinstance.py:1125} INFO - Dependencies all met for dep_context=non-requeueable deps ti=<TaskInstance: fondue_dag.is_api_active scheduled__2023-05-15T00:00:00+00:00 [queued]>
[2023-05-17T18:25:18.730+0000] {taskinstance.py:1125} INFO - Dependencies all met for dep_context=requeueable deps ti=<TaskInstance: fondue_dag.is_api_active scheduled__2023-05-15T00:00:00+00:00 [queued]>
[2023-05-17T18:25:18.731+0000] {taskinstance.py:1331} INFO - Starting attempt 1 of 2
[2023-05-17T18:25:18.754+0000] {taskinstance.py:1350} INFO - Executing <Task(HttpSensor): is_api_active> on 2023-05-15 00:00:00+00:00
[2023-05-17T18:25:18.763+0000] {standard_task_runner.py:57} INFO - Started process 488 to run task
[2023-05-17T18:25:18.770+0000] {standard_task_runner.py:84} INFO - Running: ['***', 'tasks', 'run', 'fondue_dag', 'is_api_active', 'scheduled__2023-05-15T00:00:00+00:00', '--job-id', '4', '--raw', '--subdir', 'DAGS_FOLDER/fondue_dag.py', '--cfg-path', '/tmp/tmpfrd_ehss']
[2023-05-17T18:25:18.773+0000] {standard_task_runner.py:85} INFO - Job 4: Subtask is_api_active
[2023-05-17T18:25:18.868+0000] {task_command.py:410} INFO - Running <TaskInstance: fondue_dag.is_api_active scheduled__2023-05-15T00:00:00+00:00 [running]> on host 70fcd41af239
[2023-05-17T18:25:19.048+0000] {taskinstance.py:1570} INFO - Exporting env vars: AIRFLOW_CTX_DAG_EMAIL='Bhuribhat@gmail.com' AIRFLOW_CTX_DAG_OWNER='pras' AIRFLOW_CTX_DAG_ID='fondue_dag' AIRFLOW_CTX_TASK_ID='is_api_active' AIRFLOW_CTX_EXECUTION_DATE='2023-05-15T00:00:00+00:00' AIRFLOW_CTX_TRY_NUMBER='1' AIRFLOW_CTX_DAG_RUN_ID='scheduled__2023-05-15T00:00:00+00:00'
[2023-05-17T18:25:19.050+0000] {http.py:122} INFO - Poking: https://publicapi.traffy.in.th/share/teamchadchart/search
[2023-05-17T18:25:41.488+0000] {base.py:255} INFO - Success criteria met. Exiting.
[2023-05-17T18:25:41.505+0000] {taskinstance.py:1373} INFO - Marking task as SUCCESS. dag_id=fondue_dag, task_id=is_api_active, execution_date=20230515T000000, start_date=20230517T182518, end_date=20230517T182541
[2023-05-17T18:25:41.558+0000] {local_task_job_runner.py:232} INFO - Task exited with return code 0
[2023-05-17T18:25:41.611+0000] {taskinstance.py:2674} INFO - 1 downstream tasks scheduled from follow-on schedule check
[2023-05-17T18:36:33.290+0000] {taskinstance.py:1125} INFO - Dependencies all met for dep_context=non-requeueable deps ti=<TaskInstance: fondue_dag.is_api_active scheduled__2023-05-15T00:00:00+00:00 [queued]>
[2023-05-17T18:36:33.308+0000] {taskinstance.py:1125} INFO - Dependencies all met for dep_context=requeueable deps ti=<TaskInstance: fondue_dag.is_api_active scheduled__2023-05-15T00:00:00+00:00 [queued]>
[2023-05-17T18:36:33.310+0000] {taskinstance.py:1331} INFO - Starting attempt 1 of 2
[2023-05-17T18:36:33.341+0000] {taskinstance.py:1350} INFO - Executing <Task(HttpSensor): is_api_active> on 2023-05-15 00:00:00+00:00
[2023-05-17T18:36:33.351+0000] {standard_task_runner.py:57} INFO - Started process 371 to run task
[2023-05-17T18:36:33.356+0000] {standard_task_runner.py:84} INFO - Running: ['***', 'tasks', 'run', 'fondue_dag', 'is_api_active', 'scheduled__2023-05-15T00:00:00+00:00', '--job-id', '6', '--raw', '--subdir', 'DAGS_FOLDER/fondue_dag.py', '--cfg-path', '/tmp/tmpzp6wu_h6']
[2023-05-17T18:36:33.359+0000] {standard_task_runner.py:85} INFO - Job 6: Subtask is_api_active
[2023-05-17T18:36:33.456+0000] {task_command.py:410} INFO - Running <TaskInstance: fondue_dag.is_api_active scheduled__2023-05-15T00:00:00+00:00 [running]> on host 1545bed90dab
[2023-05-17T18:36:33.615+0000] {taskinstance.py:1570} INFO - Exporting env vars: AIRFLOW_CTX_DAG_EMAIL='Bhuribhat@gmail.com' AIRFLOW_CTX_DAG_OWNER='pras' AIRFLOW_CTX_DAG_ID='fondue_dag' AIRFLOW_CTX_TASK_ID='is_api_active' AIRFLOW_CTX_EXECUTION_DATE='2023-05-15T00:00:00+00:00' AIRFLOW_CTX_TRY_NUMBER='1' AIRFLOW_CTX_DAG_RUN_ID='scheduled__2023-05-15T00:00:00+00:00'
[2023-05-17T18:36:33.617+0000] {http.py:122} INFO - Poking: https://publicapi.traffy.in.th/share/teamchadchart/search
[2023-05-17T18:37:04.312+0000] {base.py:255} INFO - Success criteria met. Exiting.
[2023-05-17T18:37:04.331+0000] {taskinstance.py:1373} INFO - Marking task as SUCCESS. dag_id=fondue_dag, task_id=is_api_active, execution_date=20230515T000000, start_date=20230517T183633, end_date=20230517T183704
[2023-05-17T18:37:04.371+0000] {local_task_job_runner.py:232} INFO - Task exited with return code 0
[2023-05-17T18:37:04.440+0000] {taskinstance.py:2674} INFO - 1 downstream tasks scheduled from follow-on schedule check
[2023-05-18T06:40:43.337+0000] {taskinstance.py:1125} INFO - Dependencies all met for dep_context=non-requeueable deps ti=<TaskInstance: fondue_dag.is_api_active scheduled__2023-05-15T00:00:00+00:00 [queued]>
[2023-05-18T06:40:43.361+0000] {taskinstance.py:1125} INFO - Dependencies all met for dep_context=requeueable deps ti=<TaskInstance: fondue_dag.is_api_active scheduled__2023-05-15T00:00:00+00:00 [queued]>
[2023-05-18T06:40:43.362+0000] {taskinstance.py:1331} INFO - Starting attempt 1 of 2
[2023-05-18T06:40:43.397+0000] {taskinstance.py:1350} INFO - Executing <Task(HttpSensor): is_api_active> on 2023-05-15 00:00:00+00:00
[2023-05-18T06:40:43.410+0000] {standard_task_runner.py:57} INFO - Started process 816 to run task
[2023-05-18T06:40:43.415+0000] {standard_task_runner.py:84} INFO - Running: ['***', 'tasks', 'run', 'fondue_dag', 'is_api_active', 'scheduled__2023-05-15T00:00:00+00:00', '--job-id', '5', '--raw', '--subdir', 'DAGS_FOLDER/fondue_dag.py', '--cfg-path', '/tmp/tmpzpgeiz4q']
[2023-05-18T06:40:43.418+0000] {standard_task_runner.py:85} INFO - Job 5: Subtask is_api_active
[2023-05-18T06:40:43.533+0000] {task_command.py:410} INFO - Running <TaskInstance: fondue_dag.is_api_active scheduled__2023-05-15T00:00:00+00:00 [running]> on host 714a0c7ad307
[2023-05-18T06:40:43.727+0000] {taskinstance.py:1570} INFO - Exporting env vars: AIRFLOW_CTX_DAG_EMAIL='Bhuribhat@gmail.com' AIRFLOW_CTX_DAG_OWNER='pras' AIRFLOW_CTX_DAG_ID='fondue_dag' AIRFLOW_CTX_TASK_ID='is_api_active' AIRFLOW_CTX_EXECUTION_DATE='2023-05-15T00:00:00+00:00' AIRFLOW_CTX_TRY_NUMBER='1' AIRFLOW_CTX_DAG_RUN_ID='scheduled__2023-05-15T00:00:00+00:00'
[2023-05-18T06:40:43.731+0000] {http.py:122} INFO - Poking: https://publicapi.traffy.in.th/share/teamchadchart/search
[2023-05-18T06:40:54.200+0000] {base.py:255} INFO - Success criteria met. Exiting.
[2023-05-18T06:40:54.226+0000] {taskinstance.py:1373} INFO - Marking task as SUCCESS. dag_id=fondue_dag, task_id=is_api_active, execution_date=20230515T000000, start_date=20230518T064043, end_date=20230518T064054
[2023-05-18T06:40:54.287+0000] {local_task_job_runner.py:232} INFO - Task exited with return code 0
[2023-05-18T06:40:54.534+0000] {taskinstance.py:2674} INFO - 0 downstream tasks scheduled from follow-on schedule check
[2023-05-18T06:52:35.990+0000] {taskinstance.py:1125} INFO - Dependencies all met for dep_context=non-requeueable deps ti=<TaskInstance: fondue_dag.is_api_active scheduled__2023-05-15T00:00:00+00:00 [queued]>
[2023-05-18T06:52:36.014+0000] {taskinstance.py:1125} INFO - Dependencies all met for dep_context=requeueable deps ti=<TaskInstance: fondue_dag.is_api_active scheduled__2023-05-15T00:00:00+00:00 [queued]>
[2023-05-18T06:52:36.015+0000] {taskinstance.py:1331} INFO - Starting attempt 1 of 2
[2023-05-18T06:52:36.046+0000] {taskinstance.py:1350} INFO - Executing <Task(HttpSensor): is_api_active> on 2023-05-15 00:00:00+00:00
[2023-05-18T06:52:36.056+0000] {standard_task_runner.py:57} INFO - Started process 527 to run task
[2023-05-18T06:52:36.061+0000] {standard_task_runner.py:84} INFO - Running: ['***', 'tasks', 'run', 'fondue_dag', 'is_api_active', 'scheduled__2023-05-15T00:00:00+00:00', '--job-id', '7', '--raw', '--subdir', 'DAGS_FOLDER/fondue_dag.py', '--cfg-path', '/tmp/tmp1u59zbqv']
[2023-05-18T06:52:36.064+0000] {standard_task_runner.py:85} INFO - Job 7: Subtask is_api_active
[2023-05-18T06:52:36.157+0000] {task_command.py:410} INFO - Running <TaskInstance: fondue_dag.is_api_active scheduled__2023-05-15T00:00:00+00:00 [running]> on host 26547302378e
[2023-05-18T06:52:36.362+0000] {taskinstance.py:1570} INFO - Exporting env vars: AIRFLOW_CTX_DAG_EMAIL='Bhuribhat@gmail.com' AIRFLOW_CTX_DAG_OWNER='pras' AIRFLOW_CTX_DAG_ID='fondue_dag' AIRFLOW_CTX_TASK_ID='is_api_active' AIRFLOW_CTX_EXECUTION_DATE='2023-05-15T00:00:00+00:00' AIRFLOW_CTX_TRY_NUMBER='1' AIRFLOW_CTX_DAG_RUN_ID='scheduled__2023-05-15T00:00:00+00:00'
[2023-05-18T06:52:36.365+0000] {http.py:122} INFO - Poking: https://publicapi.traffy.in.th/share/teamchadchart/search
[2023-05-18T06:53:07.822+0000] {base.py:255} INFO - Success criteria met. Exiting.
[2023-05-18T06:53:07.843+0000] {taskinstance.py:1373} INFO - Marking task as SUCCESS. dag_id=fondue_dag, task_id=is_api_active, execution_date=20230515T000000, start_date=20230518T065235, end_date=20230518T065307
[2023-05-18T06:53:08.052+0000] {local_task_job_runner.py:232} INFO - Task exited with return code 0
[2023-05-18T06:53:08.143+0000] {taskinstance.py:2674} INFO - 1 downstream tasks scheduled from follow-on schedule check
=======
[2023-05-18T04:21:50.328+0000] {taskinstance.py:1125} INFO - Dependencies all met for dep_context=non-requeueable deps ti=<TaskInstance: fondue_dag.is_api_active scheduled__2023-05-15T00:00:00+00:00 [queued]>
[2023-05-18T04:21:50.341+0000] {taskinstance.py:1125} INFO - Dependencies all met for dep_context=requeueable deps ti=<TaskInstance: fondue_dag.is_api_active scheduled__2023-05-15T00:00:00+00:00 [queued]>
[2023-05-18T04:21:50.342+0000] {taskinstance.py:1331} INFO - Starting attempt 1 of 2
[2023-05-18T04:21:50.368+0000] {taskinstance.py:1350} INFO - Executing <Task(HttpSensor): is_api_active> on 2023-05-15 00:00:00+00:00
[2023-05-18T04:21:50.387+0000] {standard_task_runner.py:57} INFO - Started process 287 to run task
[2023-05-18T04:21:50.389+0000] {standard_task_runner.py:84} INFO - Running: ['***', 'tasks', 'run', 'fondue_dag', 'is_api_active', 'scheduled__2023-05-15T00:00:00+00:00', '--job-id', '9', '--raw', '--subdir', 'DAGS_FOLDER/fondue_dag.py', '--cfg-path', '/tmp/tmpsg1z9ver']
[2023-05-18T04:21:50.394+0000] {standard_task_runner.py:85} INFO - Job 9: Subtask is_api_active
[2023-05-18T04:21:50.535+0000] {task_command.py:410} INFO - Running <TaskInstance: fondue_dag.is_api_active scheduled__2023-05-15T00:00:00+00:00 [running]> on host b36de7cfc389
[2023-05-18T04:21:50.769+0000] {taskinstance.py:1570} INFO - Exporting env vars: AIRFLOW_CTX_DAG_EMAIL='Bhuribhat@gmail.com' AIRFLOW_CTX_DAG_OWNER='pras' AIRFLOW_CTX_DAG_ID='fondue_dag' AIRFLOW_CTX_TASK_ID='is_api_active' AIRFLOW_CTX_EXECUTION_DATE='2023-05-15T00:00:00+00:00' AIRFLOW_CTX_TRY_NUMBER='1' AIRFLOW_CTX_DAG_RUN_ID='scheduled__2023-05-15T00:00:00+00:00'
[2023-05-18T04:21:50.771+0000] {http.py:122} INFO - Poking: https://publicapi.traffy.in.th/share/teamchadchart/search
[2023-05-18T04:22:00.280+0000] {base.py:255} INFO - Success criteria met. Exiting.
[2023-05-18T04:22:00.294+0000] {taskinstance.py:1373} INFO - Marking task as SUCCESS. dag_id=fondue_dag, task_id=is_api_active, execution_date=20230515T000000, start_date=20230518T042150, end_date=20230518T042200
[2023-05-18T04:22:00.388+0000] {local_task_job_runner.py:232} INFO - Task exited with return code 0
[2023-05-18T04:22:00.445+0000] {taskinstance.py:2674} INFO - 1 downstream tasks scheduled from follow-on schedule check
>>>>>>> 8e4a41b368593e9ce283ae02afd6c27252f67370
[2023-05-18T07:20:10.316+0000] {logging_mixin.py:149} INFO - Changing /opt/***/logs/dag_id=fondue_dag/run_id=scheduled__2023-05-15T00:00:00+00:00/task_id=is_api_active permission to 509
[2023-05-18T07:20:10.318+0000] {logging_mixin.py:149} INFO - Failed to change /opt/***/logs/dag_id=fondue_dag/run_id=scheduled__2023-05-15T00:00:00+00:00/task_id=is_api_active permission to 509: [Errno 1] Operation not permitted: '/opt/***/logs/dag_id=fondue_dag/run_id=scheduled__2023-05-15T00:00:00+00:00/task_id=is_api_active'
[2023-05-18T07:20:10.388+0000] {logging_mixin.py:149} INFO - Changing /opt/***/logs/dag_id=fondue_dag/run_id=scheduled__2023-05-15T00:00:00+00:00/task_id=is_api_active permission to 509
[2023-05-18T07:20:10.389+0000] {logging_mixin.py:149} INFO - Failed to change /opt/***/logs/dag_id=fondue_dag/run_id=scheduled__2023-05-15T00:00:00+00:00/task_id=is_api_active permission to 509: [Errno 1] Operation not permitted: '/opt/***/logs/dag_id=fondue_dag/run_id=scheduled__2023-05-15T00:00:00+00:00/task_id=is_api_active'
[2023-05-18T07:20:10.457+0000] {taskinstance.py:1125} INFO - Dependencies all met for dep_context=non-requeueable deps ti=<TaskInstance: fondue_dag.is_api_active scheduled__2023-05-15T00:00:00+00:00 [queued]>
[2023-05-18T07:20:10.484+0000] {taskinstance.py:1125} INFO - Dependencies all met for dep_context=requeueable deps ti=<TaskInstance: fondue_dag.is_api_active scheduled__2023-05-15T00:00:00+00:00 [queued]>
[2023-05-18T07:20:10.486+0000] {taskinstance.py:1331} INFO - Starting attempt 1 of 2
[2023-05-18T07:20:10.529+0000] {taskinstance.py:1350} INFO - Executing <Task(HttpSensor): is_api_active> on 2023-05-15 00:00:00+00:00
[2023-05-18T07:20:10.540+0000] {standard_task_runner.py:57} INFO - Started process 512 to run task
[2023-05-18T07:20:10.545+0000] {standard_task_runner.py:84} INFO - Running: ['***', 'tasks', 'run', 'fondue_dag', 'is_api_active', 'scheduled__2023-05-15T00:00:00+00:00', '--job-id', '3', '--raw', '--subdir', 'DAGS_FOLDER/fondue_dag.py', '--cfg-path', '/tmp/tmpkbiedtl4']
[2023-05-18T07:20:10.549+0000] {standard_task_runner.py:85} INFO - Job 3: Subtask is_api_active
[2023-05-18T07:20:10.648+0000] {logging_mixin.py:149} INFO - Changing /opt/***/logs/dag_id=fondue_dag/run_id=scheduled__2023-05-15T00:00:00+00:00/task_id=is_api_active permission to 509
[2023-05-18T07:20:10.649+0000] {logging_mixin.py:149} INFO - Failed to change /opt/***/logs/dag_id=fondue_dag/run_id=scheduled__2023-05-15T00:00:00+00:00/task_id=is_api_active permission to 509: [Errno 1] Operation not permitted: '/opt/***/logs/dag_id=fondue_dag/run_id=scheduled__2023-05-15T00:00:00+00:00/task_id=is_api_active'
[2023-05-18T07:20:10.656+0000] {task_command.py:410} INFO - Running <TaskInstance: fondue_dag.is_api_active scheduled__2023-05-15T00:00:00+00:00 [running]> on host 0a50b96f7e57
[2023-05-18T07:20:10.874+0000] {taskinstance.py:1570} INFO - Exporting env vars: AIRFLOW_CTX_DAG_EMAIL='Bhuribhat@gmail.com' AIRFLOW_CTX_DAG_OWNER='pras' AIRFLOW_CTX_DAG_ID='fondue_dag' AIRFLOW_CTX_TASK_ID='is_api_active' AIRFLOW_CTX_EXECUTION_DATE='2023-05-15T00:00:00+00:00' AIRFLOW_CTX_TRY_NUMBER='1' AIRFLOW_CTX_DAG_RUN_ID='scheduled__2023-05-15T00:00:00+00:00'
[2023-05-18T07:20:10.877+0000] {http.py:122} INFO - Poking: https://publicapi.traffy.in.th/share/teamchadchart/search
[2023-05-18T07:20:11.800+0000] {base.py:255} INFO - Success criteria met. Exiting.
[2023-05-18T07:20:11.852+0000] {taskinstance.py:1373} INFO - Marking task as SUCCESS. dag_id=fondue_dag, task_id=is_api_active, execution_date=20230515T000000, start_date=20230518T072010, end_date=20230518T072011
[2023-05-18T07:20:11.927+0000] {local_task_job_runner.py:232} INFO - Task exited with return code 0
[2023-05-18T07:20:12.108+0000] {taskinstance.py:2674} INFO - 1 downstream tasks scheduled from follow-on schedule check
[2023-05-18T07:38:05.897+0000] {logging_mixin.py:149} INFO - Changing /opt/***/logs/dag_id=fondue_dag/run_id=scheduled__2023-05-15T00:00:00+00:00/task_id=is_api_active permission to 509
[2023-05-18T07:38:05.899+0000] {logging_mixin.py:149} INFO - Failed to change /opt/***/logs/dag_id=fondue_dag/run_id=scheduled__2023-05-15T00:00:00+00:00/task_id=is_api_active permission to 509: [Errno 1] Operation not permitted: '/opt/***/logs/dag_id=fondue_dag/run_id=scheduled__2023-05-15T00:00:00+00:00/task_id=is_api_active'
[2023-05-18T07:38:05.968+0000] {logging_mixin.py:149} INFO - Changing /opt/***/logs/dag_id=fondue_dag/run_id=scheduled__2023-05-15T00:00:00+00:00/task_id=is_api_active permission to 509
[2023-05-18T07:38:05.970+0000] {logging_mixin.py:149} INFO - Failed to change /opt/***/logs/dag_id=fondue_dag/run_id=scheduled__2023-05-15T00:00:00+00:00/task_id=is_api_active permission to 509: [Errno 1] Operation not permitted: '/opt/***/logs/dag_id=fondue_dag/run_id=scheduled__2023-05-15T00:00:00+00:00/task_id=is_api_active'
[2023-05-18T07:38:06.028+0000] {taskinstance.py:1125} INFO - Dependencies all met for dep_context=non-requeueable deps ti=<TaskInstance: fondue_dag.is_api_active scheduled__2023-05-15T00:00:00+00:00 [queued]>
[2023-05-18T07:38:06.049+0000] {taskinstance.py:1125} INFO - Dependencies all met for dep_context=requeueable deps ti=<TaskInstance: fondue_dag.is_api_active scheduled__2023-05-15T00:00:00+00:00 [queued]>
[2023-05-18T07:38:06.050+0000] {taskinstance.py:1331} INFO - Starting attempt 1 of 2
[2023-05-18T07:38:06.084+0000] {taskinstance.py:1350} INFO - Executing <Task(HttpSensor): is_api_active> on 2023-05-15 00:00:00+00:00
[2023-05-18T07:38:06.102+0000] {standard_task_runner.py:57} INFO - Started process 452 to run task
[2023-05-18T07:38:06.113+0000] {standard_task_runner.py:84} INFO - Running: ['***', 'tasks', 'run', 'fondue_dag', 'is_api_active', 'scheduled__2023-05-15T00:00:00+00:00', '--job-id', '6', '--raw', '--subdir', 'DAGS_FOLDER/fondue_dag.py', '--cfg-path', '/tmp/tmpd_cjds2a']
[2023-05-18T07:38:06.118+0000] {standard_task_runner.py:85} INFO - Job 6: Subtask is_api_active
[2023-05-18T07:38:06.280+0000] {logging_mixin.py:149} INFO - Changing /opt/***/logs/dag_id=fondue_dag/run_id=scheduled__2023-05-15T00:00:00+00:00/task_id=is_api_active permission to 509
[2023-05-18T07:38:06.285+0000] {logging_mixin.py:149} INFO - Failed to change /opt/***/logs/dag_id=fondue_dag/run_id=scheduled__2023-05-15T00:00:00+00:00/task_id=is_api_active permission to 509: [Errno 1] Operation not permitted: '/opt/***/logs/dag_id=fondue_dag/run_id=scheduled__2023-05-15T00:00:00+00:00/task_id=is_api_active'
[2023-05-18T07:38:06.303+0000] {task_command.py:410} INFO - Running <TaskInstance: fondue_dag.is_api_active scheduled__2023-05-15T00:00:00+00:00 [running]> on host 4fe746fadf66
[2023-05-18T07:38:06.532+0000] {taskinstance.py:1570} INFO - Exporting env vars: AIRFLOW_CTX_DAG_EMAIL='Bhuribhat@gmail.com' AIRFLOW_CTX_DAG_OWNER='pras' AIRFLOW_CTX_DAG_ID='fondue_dag' AIRFLOW_CTX_TASK_ID='is_api_active' AIRFLOW_CTX_EXECUTION_DATE='2023-05-15T00:00:00+00:00' AIRFLOW_CTX_TRY_NUMBER='1' AIRFLOW_CTX_DAG_RUN_ID='scheduled__2023-05-15T00:00:00+00:00'
[2023-05-18T07:38:06.534+0000] {http.py:122} INFO - Poking: https://publicapi.traffy.in.th/share/teamchadchart/search
[2023-05-18T07:38:14.898+0000] {base.py:255} INFO - Success criteria met. Exiting.
[2023-05-18T07:38:14.910+0000] {taskinstance.py:1373} INFO - Marking task as SUCCESS. dag_id=fondue_dag, task_id=is_api_active, execution_date=20230515T000000, start_date=20230518T073806, end_date=20230518T073814
[2023-05-18T07:38:15.035+0000] {local_task_job_runner.py:232} INFO - Task exited with return code 0
[2023-05-18T07:38:15.082+0000] {taskinstance.py:2674} INFO - 1 downstream tasks scheduled from follow-on schedule check
