[2023-05-17T17:08:14.483+0000] {taskinstance.py:1125} INFO - Dependencies all met for dep_context=non-requeueable deps ti=<TaskInstance: fondue_dag.clustering manual__2023-05-17T17:08:00.874636+00:00 [queued]>
[2023-05-17T17:08:14.495+0000] {taskinstance.py:1125} INFO - Dependencies all met for dep_context=requeueable deps ti=<TaskInstance: fondue_dag.clustering manual__2023-05-17T17:08:00.874636+00:00 [queued]>
[2023-05-17T17:08:14.496+0000] {taskinstance.py:1331} INFO - Starting attempt 1 of 2
[2023-05-17T17:08:14.512+0000] {taskinstance.py:1350} INFO - Executing <Task(PythonOperator): clustering> on 2023-05-17 17:08:00.874636+00:00
[2023-05-17T17:08:14.518+0000] {standard_task_runner.py:57} INFO - Started process 4772 to run task
[2023-05-17T17:08:14.521+0000] {standard_task_runner.py:84} INFO - Running: ['***', 'tasks', 'run', 'fondue_dag', 'clustering', 'manual__2023-05-17T17:08:00.874636+00:00', '--job-id', '70', '--raw', '--subdir', 'DAGS_FOLDER/fondue_dag.py', '--cfg-path', '/tmp/tmpcofohbhq']
[2023-05-17T17:08:14.523+0000] {standard_task_runner.py:85} INFO - Job 70: Subtask clustering
[2023-05-17T17:08:14.569+0000] {task_command.py:410} INFO - Running <TaskInstance: fondue_dag.clustering manual__2023-05-17T17:08:00.874636+00:00 [running]> on host 8cf8fb9e28f7
[2023-05-17T17:08:14.654+0000] {taskinstance.py:1570} INFO - Exporting env vars: AIRFLOW_CTX_DAG_EMAIL='Bhuribhat@gmail.com' AIRFLOW_CTX_DAG_OWNER='pras' AIRFLOW_CTX_DAG_ID='fondue_dag' AIRFLOW_CTX_TASK_ID='clustering' AIRFLOW_CTX_EXECUTION_DATE='2023-05-17T17:08:00.874636+00:00' AIRFLOW_CTX_TRY_NUMBER='1' AIRFLOW_CTX_DAG_RUN_ID='manual__2023-05-17T17:08:00.874636+00:00'
[2023-05-17T17:08:14.962+0000] {logging_mixin.py:149} WARNING - 2023/05/17 17:08:14 WARNING mlflow.utils.git_utils: Failed to import Git (the Git executable is probably not on your PATH), so Git SHA is not available. Error: Failed to initialize: Bad git executable.
The git executable must be specified in one of the following ways:
    - be included in your $PATH
    - be set via $GIT_PYTHON_GIT_EXECUTABLE
    - explicitly set via git.refresh()

All git commands will error until this is rectified.

This initial warning can be silenced or aggravated in the future by setting the
$GIT_PYTHON_REFRESH environment variable. Use one of the following values:
    - quiet|q|silence|s|none|n|0: for no warning or exception
    - warn|w|warning|1: for a printed warning
    - error|e|raise|r|2: for a raised exception

Example:
    export GIT_PYTHON_REFRESH=quiet
[2023-05-17T17:08:17.517+0000] {python.py:183} INFO - Done. Returned value was: None
[2023-05-17T17:08:17.530+0000] {taskinstance.py:1373} INFO - Marking task as SUCCESS. dag_id=fondue_dag, task_id=clustering, execution_date=20230517T170800, start_date=20230517T170814, end_date=20230517T170817
[2023-05-17T17:08:17.587+0000] {local_task_job_runner.py:232} INFO - Task exited with return code 0
[2023-05-17T17:08:17.609+0000] {taskinstance.py:2674} INFO - 1 downstream tasks scheduled from follow-on schedule check
