[2023-05-16T04:14:54.552+0000] {taskinstance.py:1125} INFO - Dependencies all met for dep_context=non-requeueable deps ti=<TaskInstance: fondue_dag.is_api_active scheduled__2023-05-09T00:00:00+00:00 [queued]>
[2023-05-16T04:14:54.580+0000] {taskinstance.py:1125} INFO - Dependencies all met for dep_context=requeueable deps ti=<TaskInstance: fondue_dag.is_api_active scheduled__2023-05-09T00:00:00+00:00 [queued]>
[2023-05-16T04:14:54.582+0000] {taskinstance.py:1331} INFO - Starting attempt 1 of 2
[2023-05-16T04:14:54.626+0000] {taskinstance.py:1350} INFO - Executing <Task(HttpSensor): is_api_active> on 2023-05-09 00:00:00+00:00
[2023-05-16T04:14:54.643+0000] {standard_task_runner.py:57} INFO - Started process 358 to run task
[2023-05-16T04:14:54.648+0000] {standard_task_runner.py:84} INFO - Running: ['***', 'tasks', 'run', 'fondue_dag', 'is_api_active', 'scheduled__2023-05-09T00:00:00+00:00', '--job-id', '7', '--raw', '--subdir', 'DAGS_FOLDER/fondue_dag.py', '--cfg-path', '/tmp/tmpx18zkztq']
[2023-05-16T04:14:54.652+0000] {standard_task_runner.py:85} INFO - Job 7: Subtask is_api_active
[2023-05-16T04:14:54.754+0000] {task_command.py:410} INFO - Running <TaskInstance: fondue_dag.is_api_active scheduled__2023-05-09T00:00:00+00:00 [running]> on host ba451090dca0
[2023-05-16T04:14:54.944+0000] {taskinstance.py:1570} INFO - Exporting env vars: AIRFLOW_CTX_DAG_EMAIL='Bhuribhat@gmail.com' AIRFLOW_CTX_DAG_OWNER='pras' AIRFLOW_CTX_DAG_ID='fondue_dag' AIRFLOW_CTX_TASK_ID='is_api_active' AIRFLOW_CTX_EXECUTION_DATE='2023-05-09T00:00:00+00:00' AIRFLOW_CTX_TRY_NUMBER='1' AIRFLOW_CTX_DAG_RUN_ID='scheduled__2023-05-09T00:00:00+00:00'
[2023-05-16T04:14:54.946+0000] {http.py:122} INFO - Poking: https://publicapi.traffy.in.th/ud/search
[2023-05-16T04:14:55.373+0000] {base.py:255} INFO - Success criteria met. Exiting.
[2023-05-16T04:14:55.391+0000] {taskinstance.py:1373} INFO - Marking task as SUCCESS. dag_id=fondue_dag, task_id=is_api_active, execution_date=20230509T000000, start_date=20230516T041454, end_date=20230516T041455
[2023-05-16T04:14:55.424+0000] {local_task_job_runner.py:232} INFO - Task exited with return code 0
[2023-05-16T04:14:55.480+0000] {taskinstance.py:2674} INFO - 1 downstream tasks scheduled from follow-on schedule check
[2023-05-16T04:28:43.709+0000] {taskinstance.py:1125} INFO - Dependencies all met for dep_context=non-requeueable deps ti=<TaskInstance: fondue_dag.is_api_active scheduled__2023-05-09T00:00:00+00:00 [queued]>
[2023-05-16T04:28:43.727+0000] {taskinstance.py:1125} INFO - Dependencies all met for dep_context=requeueable deps ti=<TaskInstance: fondue_dag.is_api_active scheduled__2023-05-09T00:00:00+00:00 [queued]>
[2023-05-16T04:28:43.728+0000] {taskinstance.py:1331} INFO - Starting attempt 1 of 2
[2023-05-16T04:28:43.782+0000] {taskinstance.py:1350} INFO - Executing <Task(HttpSensor): is_api_active> on 2023-05-09 00:00:00+00:00
[2023-05-16T04:28:43.796+0000] {standard_task_runner.py:57} INFO - Started process 273 to run task
[2023-05-16T04:28:43.809+0000] {standard_task_runner.py:84} INFO - Running: ['***', 'tasks', 'run', 'fondue_dag', 'is_api_active', 'scheduled__2023-05-09T00:00:00+00:00', '--job-id', '8', '--raw', '--subdir', 'DAGS_FOLDER/fondue_dag.py', '--cfg-path', '/tmp/tmp_j62hlo4']
[2023-05-16T04:28:43.814+0000] {standard_task_runner.py:85} INFO - Job 8: Subtask is_api_active
[2023-05-16T04:28:43.964+0000] {task_command.py:410} INFO - Running <TaskInstance: fondue_dag.is_api_active scheduled__2023-05-09T00:00:00+00:00 [running]> on host 25f04ba249e4
[2023-05-16T04:28:44.134+0000] {taskinstance.py:1570} INFO - Exporting env vars: AIRFLOW_CTX_DAG_EMAIL='Bhuribhat@gmail.com' AIRFLOW_CTX_DAG_OWNER='pras' AIRFLOW_CTX_DAG_ID='fondue_dag' AIRFLOW_CTX_TASK_ID='is_api_active' AIRFLOW_CTX_EXECUTION_DATE='2023-05-09T00:00:00+00:00' AIRFLOW_CTX_TRY_NUMBER='1' AIRFLOW_CTX_DAG_RUN_ID='scheduled__2023-05-09T00:00:00+00:00'
[2023-05-16T04:28:44.135+0000] {http.py:122} INFO - Poking: https://publicapi.traffy.in.th/share/teamchadchart/search
[2023-05-16T04:28:53.574+0000] {base.py:255} INFO - Success criteria met. Exiting.
[2023-05-16T04:28:53.588+0000] {taskinstance.py:1373} INFO - Marking task as SUCCESS. dag_id=fondue_dag, task_id=is_api_active, execution_date=20230509T000000, start_date=20230516T042843, end_date=20230516T042853
[2023-05-16T04:28:53.619+0000] {local_task_job_runner.py:232} INFO - Task exited with return code 0
[2023-05-16T04:28:53.662+0000] {taskinstance.py:2674} INFO - 1 downstream tasks scheduled from follow-on schedule check
[2023-05-16T05:42:20.594+0000] {taskinstance.py:1125} INFO - Dependencies all met for dep_context=non-requeueable deps ti=<TaskInstance: fondue_dag.is_api_active scheduled__2023-05-09T00:00:00+00:00 [queued]>
[2023-05-16T05:42:20.622+0000] {taskinstance.py:1125} INFO - Dependencies all met for dep_context=requeueable deps ti=<TaskInstance: fondue_dag.is_api_active scheduled__2023-05-09T00:00:00+00:00 [queued]>
[2023-05-16T05:42:20.625+0000] {taskinstance.py:1331} INFO - Starting attempt 1 of 2
[2023-05-16T05:42:20.655+0000] {taskinstance.py:1350} INFO - Executing <Task(HttpSensor): is_api_active> on 2023-05-09 00:00:00+00:00
[2023-05-16T05:42:20.674+0000] {standard_task_runner.py:57} INFO - Started process 595 to run task
[2023-05-16T05:42:20.680+0000] {standard_task_runner.py:84} INFO - Running: ['***', 'tasks', 'run', 'fondue_dag', 'is_api_active', 'scheduled__2023-05-09T00:00:00+00:00', '--job-id', '10', '--raw', '--subdir', 'DAGS_FOLDER/fondue_dag.py', '--cfg-path', '/tmp/tmpx6vsps0c']
[2023-05-16T05:42:20.685+0000] {standard_task_runner.py:85} INFO - Job 10: Subtask is_api_active
[2023-05-16T05:42:20.784+0000] {task_command.py:410} INFO - Running <TaskInstance: fondue_dag.is_api_active scheduled__2023-05-09T00:00:00+00:00 [running]> on host 6f334116a208
[2023-05-16T05:42:20.994+0000] {taskinstance.py:1570} INFO - Exporting env vars: AIRFLOW_CTX_DAG_EMAIL='Bhuribhat@gmail.com' AIRFLOW_CTX_DAG_OWNER='pras' AIRFLOW_CTX_DAG_ID='fondue_dag' AIRFLOW_CTX_TASK_ID='is_api_active' AIRFLOW_CTX_EXECUTION_DATE='2023-05-09T00:00:00+00:00' AIRFLOW_CTX_TRY_NUMBER='1' AIRFLOW_CTX_DAG_RUN_ID='scheduled__2023-05-09T00:00:00+00:00'
[2023-05-16T05:42:20.996+0000] {http.py:122} INFO - Poking: https://publicapi.traffy.in.th/share/teamchadchart/search
[2023-05-16T05:42:32.920+0000] {base.py:255} INFO - Success criteria met. Exiting.
[2023-05-16T05:42:32.932+0000] {taskinstance.py:1373} INFO - Marking task as SUCCESS. dag_id=fondue_dag, task_id=is_api_active, execution_date=20230509T000000, start_date=20230516T054220, end_date=20230516T054232
[2023-05-16T05:42:32.991+0000] {local_task_job_runner.py:232} INFO - Task exited with return code 0
[2023-05-16T05:42:33.030+0000] {taskinstance.py:2674} INFO - 1 downstream tasks scheduled from follow-on schedule check
[2023-05-16T07:06:05.089+0000] {taskinstance.py:1125} INFO - Dependencies all met for dep_context=non-requeueable deps ti=<TaskInstance: fondue_dag.is_api_active scheduled__2023-05-09T00:00:00+00:00 [queued]>
[2023-05-16T07:06:05.130+0000] {taskinstance.py:1125} INFO - Dependencies all met for dep_context=requeueable deps ti=<TaskInstance: fondue_dag.is_api_active scheduled__2023-05-09T00:00:00+00:00 [queued]>
[2023-05-16T07:06:05.141+0000] {taskinstance.py:1331} INFO - Starting attempt 1 of 2
[2023-05-16T07:06:05.301+0000] {taskinstance.py:1350} INFO - Executing <Task(HttpSensor): is_api_active> on 2023-05-09 00:00:00+00:00
[2023-05-16T07:06:05.331+0000] {standard_task_runner.py:57} INFO - Started process 333 to run task
[2023-05-16T07:06:05.353+0000] {standard_task_runner.py:84} INFO - Running: ['***', 'tasks', 'run', 'fondue_dag', 'is_api_active', 'scheduled__2023-05-09T00:00:00+00:00', '--job-id', '9', '--raw', '--subdir', 'DAGS_FOLDER/fondue_dag.py', '--cfg-path', '/tmp/tmpxgc4hmxy']
[2023-05-16T07:06:05.357+0000] {standard_task_runner.py:85} INFO - Job 9: Subtask is_api_active
[2023-05-16T07:06:05.561+0000] {task_command.py:410} INFO - Running <TaskInstance: fondue_dag.is_api_active scheduled__2023-05-09T00:00:00+00:00 [running]> on host a76a3b1a3408
[2023-05-16T07:06:05.809+0000] {taskinstance.py:1570} INFO - Exporting env vars: AIRFLOW_CTX_DAG_EMAIL='Bhuribhat@gmail.com' AIRFLOW_CTX_DAG_OWNER='pras' AIRFLOW_CTX_DAG_ID='fondue_dag' AIRFLOW_CTX_TASK_ID='is_api_active' AIRFLOW_CTX_EXECUTION_DATE='2023-05-09T00:00:00+00:00' AIRFLOW_CTX_TRY_NUMBER='1' AIRFLOW_CTX_DAG_RUN_ID='scheduled__2023-05-09T00:00:00+00:00'
[2023-05-16T07:06:05.840+0000] {http.py:122} INFO - Poking: https://publicapi.traffy.in.th/share/teamchadchart/search
[2023-05-16T07:06:14.656+0000] {base.py:255} INFO - Success criteria met. Exiting.
[2023-05-16T07:06:14.680+0000] {taskinstance.py:1373} INFO - Marking task as SUCCESS. dag_id=fondue_dag, task_id=is_api_active, execution_date=20230509T000000, start_date=20230516T070605, end_date=20230516T070614
[2023-05-16T07:06:14.704+0000] {local_task_job_runner.py:232} INFO - Task exited with return code 0
[2023-05-16T07:06:14.758+0000] {taskinstance.py:2674} INFO - 1 downstream tasks scheduled from follow-on schedule check
